debug: Mon, 27 May 2024 11:43:43 GMT
debug: Project: D:\PA_2024\3D\BilliardPuzzle\BilliardPuzzle_Op12
debug: Targets: editor,preview
debug: Incremental file seems great.
debug: Engine path: C:\ProgramData\cocos\editors\Creator\3.4.2\resources\resources\3d\engine
debug: Initializing target [Editor]
debug: Loading cache
debug: Loading cache costs 33.85979998111725ms.
debug: Engine features shipped in editor: base,gfx-webgl,gfx-webgl2,3d,2d,ui,particle,particle-2d,physics-framework,physics-2d-framework,intersection-2d,primitive,profiler,audio,video,terrain,webview,tween,tiled-map,spine,dragon-bones,marionette
debug: Initializing target [Preview]
debug: Loading cache
debug: Loading cache costs 38.73049998283386ms.
debug: Sync engine features: 2d,3d,audio,base,dragon-bones,gfx-webgl,gfx-webgl2,intersection-2d,marionette,particle,particle-2d,physics-2d-builtin,physics-ammo,primitive,profiler,spine,terrain,tiled-map,tween,ui,webview
debug: Pulling asset-db.
debug: Fetch asset-db cost: 23.609099984169006ms.
debug: Build iteration starts.
Number of accumulated asset changes: 10
Feature changed: false
debug: Target(editor) build started.
debug: Detected change: cce:/internal/x/cc. Last mtime: Thu Jan 01 1970 08:00:05 GMT+0800 (Indochina Time), Current mtime: Thu Jan 01 1970 08:00:06 GMT+0800 (Indochina Time)
debug: Inspect cce:/internal/x/cc
debug: Resolve cce:/internal/x/cc-fu/base from cce:/internal/x/cc as external dependency cce:/internal/x/cc-fu/base.
debug: Resolve cce:/internal/x/cc-fu/gfx-webgl from cce:/internal/x/cc as external dependency cce:/internal/x/cc-fu/gfx-webgl.
debug: Resolve cce:/internal/x/cc-fu/gfx-webgl2 from cce:/internal/x/cc as external dependency cce:/internal/x/cc-fu/gfx-webgl2.
debug: Resolve cce:/internal/x/cc-fu/3d from cce:/internal/x/cc as external dependency cce:/internal/x/cc-fu/3d.
debug: Resolve cce:/internal/x/cc-fu/2d from cce:/internal/x/cc as external dependency cce:/internal/x/cc-fu/2d.
debug: Resolve cce:/internal/x/cc-fu/ui from cce:/internal/x/cc as external dependency cce:/internal/x/cc-fu/ui.
debug: Resolve cce:/internal/x/cc-fu/particle from cce:/internal/x/cc as external dependency cce:/internal/x/cc-fu/particle.
debug: Resolve cce:/internal/x/cc-fu/particle-2d from cce:/internal/x/cc as external dependency cce:/internal/x/cc-fu/particle-2d.
debug: Resolve cce:/internal/x/cc-fu/physics-framework from cce:/internal/x/cc as external dependency cce:/internal/x/cc-fu/physics-framework.
debug: Resolve cce:/internal/x/cc-fu/physics-2d-framework from cce:/internal/x/cc as external dependency cce:/internal/x/cc-fu/physics-2d-framework.
debug: Resolve cce:/internal/x/cc-fu/intersection-2d from cce:/internal/x/cc as external dependency cce:/internal/x/cc-fu/intersection-2d.
debug: Resolve cce:/internal/x/cc-fu/primitive from cce:/internal/x/cc as external dependency cce:/internal/x/cc-fu/primitive.
debug: Resolve cce:/internal/x/cc-fu/profiler from cce:/internal/x/cc as external dependency cce:/internal/x/cc-fu/profiler.
debug: Resolve cce:/internal/x/cc-fu/audio from cce:/internal/x/cc as external dependency cce:/internal/x/cc-fu/audio.
debug: Resolve cce:/internal/x/cc-fu/video from cce:/internal/x/cc as external dependency cce:/internal/x/cc-fu/video.
debug: Resolve cce:/internal/x/cc-fu/terrain from cce:/internal/x/cc as external dependency cce:/internal/x/cc-fu/terrain.
debug: Resolve cce:/internal/x/cc-fu/webview from cce:/internal/x/cc as external dependency cce:/internal/x/cc-fu/webview.
debug: Resolve cce:/internal/x/cc-fu/tween from cce:/internal/x/cc as external dependency cce:/internal/x/cc-fu/tween.
debug: Resolve cce:/internal/x/cc-fu/tiled-map from cce:/internal/x/cc as external dependency cce:/internal/x/cc-fu/tiled-map.
debug: Resolve cce:/internal/x/cc-fu/spine from cce:/internal/x/cc as external dependency cce:/internal/x/cc-fu/spine.
debug: Resolve cce:/internal/x/cc-fu/dragon-bones from cce:/internal/x/cc as external dependency cce:/internal/x/cc-fu/dragon-bones.
debug: Detected change: cce:/internal/x/prerequisite-imports. Last mtime: Thu Jan 01 1970 08:38:07 GMT+0800 (Indochina Time), Current mtime: Thu Jan 01 1970 08:00:18 GMT+0800 (Indochina Time)
debug: Inspect cce:/internal/x/prerequisite-imports
debug: Resolve file:///D:/PA_2024/3D/BilliardPuzzle/BilliardPuzzle_Op12/assets/Script/Controller/GeomtryController.ts from cce:/internal/x/prerequisite-imports as file:///D:/PA_2024/3D/BilliardPuzzle/BilliardPuzzle_Op12/assets/Script/Controller/GeomtryController.ts.
debug: Resolve file:///D:/PA_2024/3D/BilliardPuzzle/BilliardPuzzle_Op12/assets/Script/Data/Constant.ts from cce:/internal/x/prerequisite-imports as file:///D:/PA_2024/3D/BilliardPuzzle/BilliardPuzzle_Op12/assets/Script/Data/Constant.ts.
debug: Resolve file:///D:/PA_2024/3D/BilliardPuzzle/BilliardPuzzle_Op12/assets/Script/Controller/OtherBall.ts from cce:/internal/x/prerequisite-imports as file:///D:/PA_2024/3D/BilliardPuzzle/BilliardPuzzle_Op12/assets/Script/Controller/OtherBall.ts.
debug: Resolve file:///D:/PA_2024/3D/BilliardPuzzle/BilliardPuzzle_Op12/assets/Script/Main.ts from cce:/internal/x/prerequisite-imports as file:///D:/PA_2024/3D/BilliardPuzzle/BilliardPuzzle_Op12/assets/Script/Main.ts.
debug: Resolve file:///D:/PA_2024/3D/BilliardPuzzle/BilliardPuzzle_Op12/assets/Script/MainBall.ts from cce:/internal/x/prerequisite-imports as file:///D:/PA_2024/3D/BilliardPuzzle/BilliardPuzzle_Op12/assets/Script/MainBall.ts.
debug: Resolve file:///D:/PA_2024/3D/BilliardPuzzle/BilliardPuzzle_Op12/assets/Script/Plugin/AudioManager.ts from cce:/internal/x/prerequisite-imports as file:///D:/PA_2024/3D/BilliardPuzzle/BilliardPuzzle_Op12/assets/Script/Plugin/AudioManager.ts.
debug: Resolve file:///D:/PA_2024/3D/BilliardPuzzle/BilliardPuzzle_Op12/assets/Script/Plugin/IronSource.ts from cce:/internal/x/prerequisite-imports as file:///D:/PA_2024/3D/BilliardPuzzle/BilliardPuzzle_Op12/assets/Script/Plugin/IronSource.ts.
debug: Resolve file:///D:/PA_2024/3D/BilliardPuzzle/BilliardPuzzle_Op12/assets/Script/Plugin/Utils.ts from cce:/internal/x/prerequisite-imports as file:///D:/PA_2024/3D/BilliardPuzzle/BilliardPuzzle_Op12/assets/Script/Plugin/Utils.ts.
debug: Resolve file:///D:/PA_2024/3D/BilliardPuzzle/BilliardPuzzle_Op12/assets/Script/Responsive.ts from cce:/internal/x/prerequisite-imports as file:///D:/PA_2024/3D/BilliardPuzzle/BilliardPuzzle_Op12/assets/Script/Responsive.ts.
debug: Resolve file:///D:/PA_2024/3D/BilliardPuzzle/BilliardPuzzle_Op12/assets/Script/ToStore.ts from cce:/internal/x/prerequisite-imports as file:///D:/PA_2024/3D/BilliardPuzzle/BilliardPuzzle_Op12/assets/Script/ToStore.ts.
debug: Detected change: cce:/internal/code-quality/cr.mjs. Last mtime: Tue Apr 16 2024 16:55:27 GMT+0700 (Indochina Time), Current mtime: Mon May 27 2024 18:43:37 GMT+0700 (Indochina Time)
debug: Inspect cce:/internal/code-quality/cr.mjs
debug: Target(editor) ends with cost 111.83089998364449ms.
debug: Target(preview) build started.
debug: Detected change: cce:/internal/x/cc. Last mtime: Thu Jan 01 1970 08:00:05 GMT+0800 (Indochina Time), Current mtime: Thu Jan 01 1970 08:00:06 GMT+0800 (Indochina Time)
debug: Inspect cce:/internal/x/cc
debug: Resolve cce:/internal/x/cc-fu/2d from cce:/internal/x/cc as external dependency cce:/internal/x/cc-fu/2d.
debug: Resolve cce:/internal/x/cc-fu/3d from cce:/internal/x/cc as external dependency cce:/internal/x/cc-fu/3d.
debug: Resolve cce:/internal/x/cc-fu/audio from cce:/internal/x/cc as external dependency cce:/internal/x/cc-fu/audio.
debug: Resolve cce:/internal/x/cc-fu/base from cce:/internal/x/cc as external dependency cce:/internal/x/cc-fu/base.
debug: Resolve cce:/internal/x/cc-fu/dragon-bones from cce:/internal/x/cc as external dependency cce:/internal/x/cc-fu/dragon-bones.
debug: Resolve cce:/internal/x/cc-fu/gfx-webgl from cce:/internal/x/cc as external dependency cce:/internal/x/cc-fu/gfx-webgl.
debug: Resolve cce:/internal/x/cc-fu/gfx-webgl2 from cce:/internal/x/cc as external dependency cce:/internal/x/cc-fu/gfx-webgl2.
debug: Resolve cce:/internal/x/cc-fu/intersection-2d from cce:/internal/x/cc as external dependency cce:/internal/x/cc-fu/intersection-2d.
debug: Resolve cce:/internal/x/cc-fu/particle from cce:/internal/x/cc as external dependency cce:/internal/x/cc-fu/particle.
debug: Resolve cce:/internal/x/cc-fu/particle-2d from cce:/internal/x/cc as external dependency cce:/internal/x/cc-fu/particle-2d.
debug: Resolve cce:/internal/x/cc-fu/physics-2d-builtin from cce:/internal/x/cc as external dependency cce:/internal/x/cc-fu/physics-2d-builtin.
debug: Resolve cce:/internal/x/cc-fu/physics-2d-framework from cce:/internal/x/cc as external dependency cce:/internal/x/cc-fu/physics-2d-framework.
debug: Resolve cce:/internal/x/cc-fu/physics-ammo from cce:/internal/x/cc as external dependency cce:/internal/x/cc-fu/physics-ammo.
debug: Resolve cce:/internal/x/cc-fu/physics-framework from cce:/internal/x/cc as external dependency cce:/internal/x/cc-fu/physics-framework.
debug: Resolve cce:/internal/x/cc-fu/wait-for-ammo-instantiation from cce:/internal/x/cc as external dependency cce:/internal/x/cc-fu/wait-for-ammo-instantiation.
debug: Resolve cce:/internal/x/cc-fu/primitive from cce:/internal/x/cc as external dependency cce:/internal/x/cc-fu/primitive.
debug: Resolve cce:/internal/x/cc-fu/profiler from cce:/internal/x/cc as external dependency cce:/internal/x/cc-fu/profiler.
debug: Resolve cce:/internal/x/cc-fu/spine from cce:/internal/x/cc as external dependency cce:/internal/x/cc-fu/spine.
debug: Resolve cce:/internal/x/cc-fu/terrain from cce:/internal/x/cc as external dependency cce:/internal/x/cc-fu/terrain.
debug: Resolve cce:/internal/x/cc-fu/tiled-map from cce:/internal/x/cc as external dependency cce:/internal/x/cc-fu/tiled-map.
debug: Resolve cce:/internal/x/cc-fu/tween from cce:/internal/x/cc as external dependency cce:/internal/x/cc-fu/tween.
debug: Resolve cce:/internal/x/cc-fu/ui from cce:/internal/x/cc as external dependency cce:/internal/x/cc-fu/ui.
debug: Resolve cce:/internal/x/cc-fu/webview from cce:/internal/x/cc as external dependency cce:/internal/x/cc-fu/webview.
debug: Detected change: cce:/internal/x/prerequisite-imports. Last mtime: Thu Jan 01 1970 08:38:16 GMT+0800 (Indochina Time), Current mtime: Thu Jan 01 1970 08:00:18 GMT+0800 (Indochina Time)
debug: Inspect cce:/internal/x/prerequisite-imports
debug: Resolve file:///D:/PA_2024/3D/BilliardPuzzle/BilliardPuzzle_Op12/assets/Script/Controller/GeomtryController.ts from cce:/internal/x/prerequisite-imports as file:///D:/PA_2024/3D/BilliardPuzzle/BilliardPuzzle_Op12/assets/Script/Controller/GeomtryController.ts.
debug: Resolve file:///D:/PA_2024/3D/BilliardPuzzle/BilliardPuzzle_Op12/assets/Script/Controller/OtherBall.ts from cce:/internal/x/prerequisite-imports as file:///D:/PA_2024/3D/BilliardPuzzle/BilliardPuzzle_Op12/assets/Script/Controller/OtherBall.ts.
debug: Resolve file:///D:/PA_2024/3D/BilliardPuzzle/BilliardPuzzle_Op12/assets/Script/Main.ts from cce:/internal/x/prerequisite-imports as file:///D:/PA_2024/3D/BilliardPuzzle/BilliardPuzzle_Op12/assets/Script/Main.ts.
debug: Resolve file:///D:/PA_2024/3D/BilliardPuzzle/BilliardPuzzle_Op12/assets/Script/MainBall.ts from cce:/internal/x/prerequisite-imports as file:///D:/PA_2024/3D/BilliardPuzzle/BilliardPuzzle_Op12/assets/Script/MainBall.ts.
debug: Resolve file:///D:/PA_2024/3D/BilliardPuzzle/BilliardPuzzle_Op12/assets/Script/Data/Constant.ts from cce:/internal/x/prerequisite-imports as file:///D:/PA_2024/3D/BilliardPuzzle/BilliardPuzzle_Op12/assets/Script/Data/Constant.ts.
debug: Resolve file:///D:/PA_2024/3D/BilliardPuzzle/BilliardPuzzle_Op12/assets/Script/Plugin/AudioManager.ts from cce:/internal/x/prerequisite-imports as file:///D:/PA_2024/3D/BilliardPuzzle/BilliardPuzzle_Op12/assets/Script/Plugin/AudioManager.ts.
debug: Resolve file:///D:/PA_2024/3D/BilliardPuzzle/BilliardPuzzle_Op12/assets/Script/Plugin/IronSource.ts from cce:/internal/x/prerequisite-imports as file:///D:/PA_2024/3D/BilliardPuzzle/BilliardPuzzle_Op12/assets/Script/Plugin/IronSource.ts.
debug: Resolve file:///D:/PA_2024/3D/BilliardPuzzle/BilliardPuzzle_Op12/assets/Script/Plugin/Utils.ts from cce:/internal/x/prerequisite-imports as file:///D:/PA_2024/3D/BilliardPuzzle/BilliardPuzzle_Op12/assets/Script/Plugin/Utils.ts.
debug: Resolve file:///D:/PA_2024/3D/BilliardPuzzle/BilliardPuzzle_Op12/assets/Script/Responsive.ts from cce:/internal/x/prerequisite-imports as file:///D:/PA_2024/3D/BilliardPuzzle/BilliardPuzzle_Op12/assets/Script/Responsive.ts.
debug: Resolve file:///D:/PA_2024/3D/BilliardPuzzle/BilliardPuzzle_Op12/assets/Script/ToStore.ts from cce:/internal/x/prerequisite-imports as file:///D:/PA_2024/3D/BilliardPuzzle/BilliardPuzzle_Op12/assets/Script/ToStore.ts.
debug: Detected change: cce:/internal/code-quality/cr.mjs. Last mtime: Tue Apr 16 2024 16:55:27 GMT+0700 (Indochina Time), Current mtime: Mon May 27 2024 18:43:37 GMT+0700 (Indochina Time)
debug: Inspect cce:/internal/code-quality/cr.mjs
debug: Target(preview) ends with cost 96.66550001502037ms.
debug: Dispatch build request for time accumulated 1 asset changes.
debug: Build iteration starts.
Number of accumulated asset changes: 1
Feature changed: false
debug: Target(editor) build started.
debug: Detected change: cce:/internal/x/prerequisite-imports. Last mtime: Thu Jan 01 1970 08:00:18 GMT+0800 (Indochina Time), Current mtime: Thu Jan 01 1970 08:02:07 GMT+0800 (Indochina Time)
debug: Inspect cce:/internal/x/prerequisite-imports
debug: Resolve file:///D:/PA_2024/3D/BilliardPuzzle/BilliardPuzzle_Op12/assets/Script/Controller/GeomtryController.ts from cce:/internal/x/prerequisite-imports as file:///D:/PA_2024/3D/BilliardPuzzle/BilliardPuzzle_Op12/assets/Script/Controller/GeomtryController.ts.
debug: Resolve file:///D:/PA_2024/3D/BilliardPuzzle/BilliardPuzzle_Op12/assets/Script/Controller/OtherBall.ts from cce:/internal/x/prerequisite-imports as file:///D:/PA_2024/3D/BilliardPuzzle/BilliardPuzzle_Op12/assets/Script/Controller/OtherBall.ts.
debug: Resolve file:///D:/PA_2024/3D/BilliardPuzzle/BilliardPuzzle_Op12/assets/Script/Data/Constant.ts from cce:/internal/x/prerequisite-imports as file:///D:/PA_2024/3D/BilliardPuzzle/BilliardPuzzle_Op12/assets/Script/Data/Constant.ts.
debug: Resolve file:///D:/PA_2024/3D/BilliardPuzzle/BilliardPuzzle_Op12/assets/Script/Main.ts from cce:/internal/x/prerequisite-imports as file:///D:/PA_2024/3D/BilliardPuzzle/BilliardPuzzle_Op12/assets/Script/Main.ts.
debug: Resolve file:///D:/PA_2024/3D/BilliardPuzzle/BilliardPuzzle_Op12/assets/Script/MainBall.ts from cce:/internal/x/prerequisite-imports as file:///D:/PA_2024/3D/BilliardPuzzle/BilliardPuzzle_Op12/assets/Script/MainBall.ts.
debug: Resolve file:///D:/PA_2024/3D/BilliardPuzzle/BilliardPuzzle_Op12/assets/Script/Plugin/IronSource.ts from cce:/internal/x/prerequisite-imports as file:///D:/PA_2024/3D/BilliardPuzzle/BilliardPuzzle_Op12/assets/Script/Plugin/IronSource.ts.
debug: Resolve file:///D:/PA_2024/3D/BilliardPuzzle/BilliardPuzzle_Op12/assets/Script/Plugin/AudioManager.ts from cce:/internal/x/prerequisite-imports as file:///D:/PA_2024/3D/BilliardPuzzle/BilliardPuzzle_Op12/assets/Script/Plugin/AudioManager.ts.
debug: Resolve file:///D:/PA_2024/3D/BilliardPuzzle/BilliardPuzzle_Op12/assets/Script/Plugin/Utils.ts from cce:/internal/x/prerequisite-imports as file:///D:/PA_2024/3D/BilliardPuzzle/BilliardPuzzle_Op12/assets/Script/Plugin/Utils.ts.
debug: Resolve file:///D:/PA_2024/3D/BilliardPuzzle/BilliardPuzzle_Op12/assets/Script/Responsive.ts from cce:/internal/x/prerequisite-imports as file:///D:/PA_2024/3D/BilliardPuzzle/BilliardPuzzle_Op12/assets/Script/Responsive.ts.
debug: Resolve file:///D:/PA_2024/3D/BilliardPuzzle/BilliardPuzzle_Op12/assets/Script/ToStore.ts from cce:/internal/x/prerequisite-imports as file:///D:/PA_2024/3D/BilliardPuzzle/BilliardPuzzle_Op12/assets/Script/ToStore.ts.
debug: Detected change: file:///D:/PA_2024/3D/BilliardPuzzle/BilliardPuzzle_Op12/assets/Script/Main.ts. Last mtime: Tue Apr 16 2024 17:33:33 GMT+0700 (Indochina Time)@db8b0e5a-c6b0-4ce6-be01-4acd5d1967c3, Current mtime: Mon May 27 2024 18:45:43 GMT+0700 (Indochina Time)@db8b0e5a-c6b0-4ce6-be01-4acd5d1967c3
debug: Inspect file:///D:/PA_2024/3D/BilliardPuzzle/BilliardPuzzle_Op12/assets/Script/Main.ts
debug: Resolve cce:/internal/code-quality/cr.mjs from file:///D:/PA_2024/3D/BilliardPuzzle/BilliardPuzzle_Op12/assets/Script/Main.ts as cce:/internal/code-quality/cr.mjs.
debug: Resolve cc from file:///D:/PA_2024/3D/BilliardPuzzle/BilliardPuzzle_Op12/assets/Script/Main.ts as cce:/internal/x/cc.
debug: Resolve cc from file:///D:/PA_2024/3D/BilliardPuzzle/BilliardPuzzle_Op12/assets/Script/Main.ts as cce:/internal/x/cc.
debug: Resolve ./ToStore from file:///D:/PA_2024/3D/BilliardPuzzle/BilliardPuzzle_Op12/assets/Script/Main.ts as file:///D:/PA_2024/3D/BilliardPuzzle/BilliardPuzzle_Op12/assets/Script/ToStore.ts.
debug: Resolve ./Responsive from file:///D:/PA_2024/3D/BilliardPuzzle/BilliardPuzzle_Op12/assets/Script/Main.ts as file:///D:/PA_2024/3D/BilliardPuzzle/BilliardPuzzle_Op12/assets/Script/Responsive.ts.
debug: Resolve ./Data/Constant from file:///D:/PA_2024/3D/BilliardPuzzle/BilliardPuzzle_Op12/assets/Script/Main.ts as file:///D:/PA_2024/3D/BilliardPuzzle/BilliardPuzzle_Op12/assets/Script/Data/Constant.ts.
debug: Resolve ./Plugin/AudioManager from file:///D:/PA_2024/3D/BilliardPuzzle/BilliardPuzzle_Op12/assets/Script/Main.ts as file:///D:/PA_2024/3D/BilliardPuzzle/BilliardPuzzle_Op12/assets/Script/Plugin/AudioManager.ts.
debug: Resolve ./Plugin/IronSource from file:///D:/PA_2024/3D/BilliardPuzzle/BilliardPuzzle_Op12/assets/Script/Main.ts as file:///D:/PA_2024/3D/BilliardPuzzle/BilliardPuzzle_Op12/assets/Script/Plugin/IronSource.ts.
debug: Target(editor) ends with cost 412.104199975729ms.
debug: Target(preview) build started.
debug: Detected change: cce:/internal/x/prerequisite-imports. Last mtime: Thu Jan 01 1970 08:00:18 GMT+0800 (Indochina Time), Current mtime: Thu Jan 01 1970 08:02:07 GMT+0800 (Indochina Time)
debug: Inspect cce:/internal/x/prerequisite-imports
debug: Resolve file:///D:/PA_2024/3D/BilliardPuzzle/BilliardPuzzle_Op12/assets/Script/Controller/GeomtryController.ts from cce:/internal/x/prerequisite-imports as file:///D:/PA_2024/3D/BilliardPuzzle/BilliardPuzzle_Op12/assets/Script/Controller/GeomtryController.ts.
debug: Resolve file:///D:/PA_2024/3D/BilliardPuzzle/BilliardPuzzle_Op12/assets/Script/Controller/OtherBall.ts from cce:/internal/x/prerequisite-imports as file:///D:/PA_2024/3D/BilliardPuzzle/BilliardPuzzle_Op12/assets/Script/Controller/OtherBall.ts.
debug: Resolve file:///D:/PA_2024/3D/BilliardPuzzle/BilliardPuzzle_Op12/assets/Script/Data/Constant.ts from cce:/internal/x/prerequisite-imports as file:///D:/PA_2024/3D/BilliardPuzzle/BilliardPuzzle_Op12/assets/Script/Data/Constant.ts.
debug: Resolve file:///D:/PA_2024/3D/BilliardPuzzle/BilliardPuzzle_Op12/assets/Script/Main.ts from cce:/internal/x/prerequisite-imports as file:///D:/PA_2024/3D/BilliardPuzzle/BilliardPuzzle_Op12/assets/Script/Main.ts.
debug: Resolve file:///D:/PA_2024/3D/BilliardPuzzle/BilliardPuzzle_Op12/assets/Script/MainBall.ts from cce:/internal/x/prerequisite-imports as file:///D:/PA_2024/3D/BilliardPuzzle/BilliardPuzzle_Op12/assets/Script/MainBall.ts.
debug: Resolve file:///D:/PA_2024/3D/BilliardPuzzle/BilliardPuzzle_Op12/assets/Script/Plugin/AudioManager.ts from cce:/internal/x/prerequisite-imports as file:///D:/PA_2024/3D/BilliardPuzzle/BilliardPuzzle_Op12/assets/Script/Plugin/AudioManager.ts.
debug: Resolve file:///D:/PA_2024/3D/BilliardPuzzle/BilliardPuzzle_Op12/assets/Script/Plugin/IronSource.ts from cce:/internal/x/prerequisite-imports as file:///D:/PA_2024/3D/BilliardPuzzle/BilliardPuzzle_Op12/assets/Script/Plugin/IronSource.ts.
debug: Resolve file:///D:/PA_2024/3D/BilliardPuzzle/BilliardPuzzle_Op12/assets/Script/Plugin/Utils.ts from cce:/internal/x/prerequisite-imports as file:///D:/PA_2024/3D/BilliardPuzzle/BilliardPuzzle_Op12/assets/Script/Plugin/Utils.ts.
debug: Resolve file:///D:/PA_2024/3D/BilliardPuzzle/BilliardPuzzle_Op12/assets/Script/Responsive.ts from cce:/internal/x/prerequisite-imports as file:///D:/PA_2024/3D/BilliardPuzzle/BilliardPuzzle_Op12/assets/Script/Responsive.ts.
debug: Resolve file:///D:/PA_2024/3D/BilliardPuzzle/BilliardPuzzle_Op12/assets/Script/ToStore.ts from cce:/internal/x/prerequisite-imports as file:///D:/PA_2024/3D/BilliardPuzzle/BilliardPuzzle_Op12/assets/Script/ToStore.ts.
debug: Detected change: file:///D:/PA_2024/3D/BilliardPuzzle/BilliardPuzzle_Op12/assets/Script/Main.ts. Last mtime: Tue Apr 16 2024 17:33:33 GMT+0700 (Indochina Time)@db8b0e5a-c6b0-4ce6-be01-4acd5d1967c3, Current mtime: Mon May 27 2024 18:45:43 GMT+0700 (Indochina Time)@db8b0e5a-c6b0-4ce6-be01-4acd5d1967c3
debug: Inspect file:///D:/PA_2024/3D/BilliardPuzzle/BilliardPuzzle_Op12/assets/Script/Main.ts
debug: Resolve cce:/internal/code-quality/cr.mjs from file:///D:/PA_2024/3D/BilliardPuzzle/BilliardPuzzle_Op12/assets/Script/Main.ts as cce:/internal/code-quality/cr.mjs.
debug: Resolve cc from file:///D:/PA_2024/3D/BilliardPuzzle/BilliardPuzzle_Op12/assets/Script/Main.ts as cce:/internal/x/cc.
debug: Resolve cc from file:///D:/PA_2024/3D/BilliardPuzzle/BilliardPuzzle_Op12/assets/Script/Main.ts as cce:/internal/x/cc.
debug: Resolve ./ToStore from file:///D:/PA_2024/3D/BilliardPuzzle/BilliardPuzzle_Op12/assets/Script/Main.ts as file:///D:/PA_2024/3D/BilliardPuzzle/BilliardPuzzle_Op12/assets/Script/ToStore.ts.
debug: Resolve ./Responsive from file:///D:/PA_2024/3D/BilliardPuzzle/BilliardPuzzle_Op12/assets/Script/Main.ts as file:///D:/PA_2024/3D/BilliardPuzzle/BilliardPuzzle_Op12/assets/Script/Responsive.ts.
debug: Resolve ./Data/Constant from file:///D:/PA_2024/3D/BilliardPuzzle/BilliardPuzzle_Op12/assets/Script/Main.ts as file:///D:/PA_2024/3D/BilliardPuzzle/BilliardPuzzle_Op12/assets/Script/Data/Constant.ts.
debug: Resolve ./Plugin/AudioManager from file:///D:/PA_2024/3D/BilliardPuzzle/BilliardPuzzle_Op12/assets/Script/Main.ts as file:///D:/PA_2024/3D/BilliardPuzzle/BilliardPuzzle_Op12/assets/Script/Plugin/AudioManager.ts.
debug: Resolve ./Plugin/IronSource from file:///D:/PA_2024/3D/BilliardPuzzle/BilliardPuzzle_Op12/assets/Script/Main.ts as file:///D:/PA_2024/3D/BilliardPuzzle/BilliardPuzzle_Op12/assets/Script/Plugin/IronSource.ts.
debug: Target(preview) ends with cost 252.75699999928474ms.
debug: Dispatch build request for time accumulated 1 asset changes.
debug: Build iteration starts.
Number of accumulated asset changes: 1
Feature changed: false
debug: Target(editor) build started.
debug: Detected change: cce:/internal/x/prerequisite-imports. Last mtime: Thu Jan 01 1970 08:02:07 GMT+0800 (Indochina Time), Current mtime: Thu Jan 01 1970 08:02:23 GMT+0800 (Indochina Time)
debug: Inspect cce:/internal/x/prerequisite-imports
debug: Resolve file:///D:/PA_2024/3D/BilliardPuzzle/BilliardPuzzle_Op12/assets/Script/Controller/GeomtryController.ts from cce:/internal/x/prerequisite-imports as file:///D:/PA_2024/3D/BilliardPuzzle/BilliardPuzzle_Op12/assets/Script/Controller/GeomtryController.ts.
debug: Resolve file:///D:/PA_2024/3D/BilliardPuzzle/BilliardPuzzle_Op12/assets/Script/Controller/OtherBall.ts from cce:/internal/x/prerequisite-imports as file:///D:/PA_2024/3D/BilliardPuzzle/BilliardPuzzle_Op12/assets/Script/Controller/OtherBall.ts.
debug: Resolve file:///D:/PA_2024/3D/BilliardPuzzle/BilliardPuzzle_Op12/assets/Script/Main.ts from cce:/internal/x/prerequisite-imports as file:///D:/PA_2024/3D/BilliardPuzzle/BilliardPuzzle_Op12/assets/Script/Main.ts.
debug: Resolve file:///D:/PA_2024/3D/BilliardPuzzle/BilliardPuzzle_Op12/assets/Script/Data/Constant.ts from cce:/internal/x/prerequisite-imports as file:///D:/PA_2024/3D/BilliardPuzzle/BilliardPuzzle_Op12/assets/Script/Data/Constant.ts.
debug: Resolve file:///D:/PA_2024/3D/BilliardPuzzle/BilliardPuzzle_Op12/assets/Script/MainBall.ts from cce:/internal/x/prerequisite-imports as file:///D:/PA_2024/3D/BilliardPuzzle/BilliardPuzzle_Op12/assets/Script/MainBall.ts.
debug: Resolve file:///D:/PA_2024/3D/BilliardPuzzle/BilliardPuzzle_Op12/assets/Script/Plugin/AudioManager.ts from cce:/internal/x/prerequisite-imports as file:///D:/PA_2024/3D/BilliardPuzzle/BilliardPuzzle_Op12/assets/Script/Plugin/AudioManager.ts.
debug: Resolve file:///D:/PA_2024/3D/BilliardPuzzle/BilliardPuzzle_Op12/assets/Script/Plugin/IronSource.ts from cce:/internal/x/prerequisite-imports as file:///D:/PA_2024/3D/BilliardPuzzle/BilliardPuzzle_Op12/assets/Script/Plugin/IronSource.ts.
debug: Resolve file:///D:/PA_2024/3D/BilliardPuzzle/BilliardPuzzle_Op12/assets/Script/Plugin/Utils.ts from cce:/internal/x/prerequisite-imports as file:///D:/PA_2024/3D/BilliardPuzzle/BilliardPuzzle_Op12/assets/Script/Plugin/Utils.ts.
debug: Resolve file:///D:/PA_2024/3D/BilliardPuzzle/BilliardPuzzle_Op12/assets/Script/Responsive.ts from cce:/internal/x/prerequisite-imports as file:///D:/PA_2024/3D/BilliardPuzzle/BilliardPuzzle_Op12/assets/Script/Responsive.ts.
debug: Resolve file:///D:/PA_2024/3D/BilliardPuzzle/BilliardPuzzle_Op12/assets/Script/ToStore.ts from cce:/internal/x/prerequisite-imports as file:///D:/PA_2024/3D/BilliardPuzzle/BilliardPuzzle_Op12/assets/Script/ToStore.ts.
debug: Detected change: file:///D:/PA_2024/3D/BilliardPuzzle/BilliardPuzzle_Op12/assets/Script/Main.ts. Last mtime: Mon May 27 2024 18:45:43 GMT+0700 (Indochina Time)@db8b0e5a-c6b0-4ce6-be01-4acd5d1967c3, Current mtime: Mon May 27 2024 18:45:57 GMT+0700 (Indochina Time)@db8b0e5a-c6b0-4ce6-be01-4acd5d1967c3
debug: Inspect file:///D:/PA_2024/3D/BilliardPuzzle/BilliardPuzzle_Op12/assets/Script/Main.ts
debug: Resolve cce:/internal/code-quality/cr.mjs from file:///D:/PA_2024/3D/BilliardPuzzle/BilliardPuzzle_Op12/assets/Script/Main.ts as cce:/internal/code-quality/cr.mjs.
debug: Resolve cc from file:///D:/PA_2024/3D/BilliardPuzzle/BilliardPuzzle_Op12/assets/Script/Main.ts as cce:/internal/x/cc.
debug: Resolve cc from file:///D:/PA_2024/3D/BilliardPuzzle/BilliardPuzzle_Op12/assets/Script/Main.ts as cce:/internal/x/cc.
debug: Resolve ./ToStore from file:///D:/PA_2024/3D/BilliardPuzzle/BilliardPuzzle_Op12/assets/Script/Main.ts as file:///D:/PA_2024/3D/BilliardPuzzle/BilliardPuzzle_Op12/assets/Script/ToStore.ts.
debug: Resolve ./Data/Constant from file:///D:/PA_2024/3D/BilliardPuzzle/BilliardPuzzle_Op12/assets/Script/Main.ts as file:///D:/PA_2024/3D/BilliardPuzzle/BilliardPuzzle_Op12/assets/Script/Data/Constant.ts.
debug: Resolve ./Responsive from file:///D:/PA_2024/3D/BilliardPuzzle/BilliardPuzzle_Op12/assets/Script/Main.ts as file:///D:/PA_2024/3D/BilliardPuzzle/BilliardPuzzle_Op12/assets/Script/Responsive.ts.
debug: Resolve ./Plugin/AudioManager from file:///D:/PA_2024/3D/BilliardPuzzle/BilliardPuzzle_Op12/assets/Script/Main.ts as file:///D:/PA_2024/3D/BilliardPuzzle/BilliardPuzzle_Op12/assets/Script/Plugin/AudioManager.ts.
debug: Resolve ./Plugin/IronSource from file:///D:/PA_2024/3D/BilliardPuzzle/BilliardPuzzle_Op12/assets/Script/Main.ts as file:///D:/PA_2024/3D/BilliardPuzzle/BilliardPuzzle_Op12/assets/Script/Plugin/IronSource.ts.
debug: Target(editor) ends with cost 161.34679999947548ms.
debug: Target(preview) build started.
debug: Detected change: cce:/internal/x/prerequisite-imports. Last mtime: Thu Jan 01 1970 08:02:07 GMT+0800 (Indochina Time), Current mtime: Thu Jan 01 1970 08:02:23 GMT+0800 (Indochina Time)
debug: Inspect cce:/internal/x/prerequisite-imports
debug: Resolve file:///D:/PA_2024/3D/BilliardPuzzle/BilliardPuzzle_Op12/assets/Script/Controller/OtherBall.ts from cce:/internal/x/prerequisite-imports as file:///D:/PA_2024/3D/BilliardPuzzle/BilliardPuzzle_Op12/assets/Script/Controller/OtherBall.ts.
debug: Resolve file:///D:/PA_2024/3D/BilliardPuzzle/BilliardPuzzle_Op12/assets/Script/Controller/GeomtryController.ts from cce:/internal/x/prerequisite-imports as file:///D:/PA_2024/3D/BilliardPuzzle/BilliardPuzzle_Op12/assets/Script/Controller/GeomtryController.ts.
debug: Resolve file:///D:/PA_2024/3D/BilliardPuzzle/BilliardPuzzle_Op12/assets/Script/Data/Constant.ts from cce:/internal/x/prerequisite-imports as file:///D:/PA_2024/3D/BilliardPuzzle/BilliardPuzzle_Op12/assets/Script/Data/Constant.ts.
debug: Resolve file:///D:/PA_2024/3D/BilliardPuzzle/BilliardPuzzle_Op12/assets/Script/MainBall.ts from cce:/internal/x/prerequisite-imports as file:///D:/PA_2024/3D/BilliardPuzzle/BilliardPuzzle_Op12/assets/Script/MainBall.ts.
debug: Resolve file:///D:/PA_2024/3D/BilliardPuzzle/BilliardPuzzle_Op12/assets/Script/Main.ts from cce:/internal/x/prerequisite-imports as file:///D:/PA_2024/3D/BilliardPuzzle/BilliardPuzzle_Op12/assets/Script/Main.ts.
debug: Resolve file:///D:/PA_2024/3D/BilliardPuzzle/BilliardPuzzle_Op12/assets/Script/Plugin/IronSource.ts from cce:/internal/x/prerequisite-imports as file:///D:/PA_2024/3D/BilliardPuzzle/BilliardPuzzle_Op12/assets/Script/Plugin/IronSource.ts.
debug: Resolve file:///D:/PA_2024/3D/BilliardPuzzle/BilliardPuzzle_Op12/assets/Script/Plugin/AudioManager.ts from cce:/internal/x/prerequisite-imports as file:///D:/PA_2024/3D/BilliardPuzzle/BilliardPuzzle_Op12/assets/Script/Plugin/AudioManager.ts.
debug: Resolve file:///D:/PA_2024/3D/BilliardPuzzle/BilliardPuzzle_Op12/assets/Script/Responsive.ts from cce:/internal/x/prerequisite-imports as file:///D:/PA_2024/3D/BilliardPuzzle/BilliardPuzzle_Op12/assets/Script/Responsive.ts.
debug: Resolve file:///D:/PA_2024/3D/BilliardPuzzle/BilliardPuzzle_Op12/assets/Script/ToStore.ts from cce:/internal/x/prerequisite-imports as file:///D:/PA_2024/3D/BilliardPuzzle/BilliardPuzzle_Op12/assets/Script/ToStore.ts.
debug: Resolve file:///D:/PA_2024/3D/BilliardPuzzle/BilliardPuzzle_Op12/assets/Script/Plugin/Utils.ts from cce:/internal/x/prerequisite-imports as file:///D:/PA_2024/3D/BilliardPuzzle/BilliardPuzzle_Op12/assets/Script/Plugin/Utils.ts.
debug: Detected change: file:///D:/PA_2024/3D/BilliardPuzzle/BilliardPuzzle_Op12/assets/Script/Main.ts. Last mtime: Mon May 27 2024 18:45:43 GMT+0700 (Indochina Time)@db8b0e5a-c6b0-4ce6-be01-4acd5d1967c3, Current mtime: Mon May 27 2024 18:45:57 GMT+0700 (Indochina Time)@db8b0e5a-c6b0-4ce6-be01-4acd5d1967c3
debug: Inspect file:///D:/PA_2024/3D/BilliardPuzzle/BilliardPuzzle_Op12/assets/Script/Main.ts
debug: Resolve cce:/internal/code-quality/cr.mjs from file:///D:/PA_2024/3D/BilliardPuzzle/BilliardPuzzle_Op12/assets/Script/Main.ts as cce:/internal/code-quality/cr.mjs.
debug: Resolve cc from file:///D:/PA_2024/3D/BilliardPuzzle/BilliardPuzzle_Op12/assets/Script/Main.ts as cce:/internal/x/cc.
debug: Resolve cc from file:///D:/PA_2024/3D/BilliardPuzzle/BilliardPuzzle_Op12/assets/Script/Main.ts as cce:/internal/x/cc.
debug: Resolve ./ToStore from file:///D:/PA_2024/3D/BilliardPuzzle/BilliardPuzzle_Op12/assets/Script/Main.ts as file:///D:/PA_2024/3D/BilliardPuzzle/BilliardPuzzle_Op12/assets/Script/ToStore.ts.
debug: Resolve ./Responsive from file:///D:/PA_2024/3D/BilliardPuzzle/BilliardPuzzle_Op12/assets/Script/Main.ts as file:///D:/PA_2024/3D/BilliardPuzzle/BilliardPuzzle_Op12/assets/Script/Responsive.ts.
debug: Resolve ./Data/Constant from file:///D:/PA_2024/3D/BilliardPuzzle/BilliardPuzzle_Op12/assets/Script/Main.ts as file:///D:/PA_2024/3D/BilliardPuzzle/BilliardPuzzle_Op12/assets/Script/Data/Constant.ts.
debug: Resolve ./Plugin/AudioManager from file:///D:/PA_2024/3D/BilliardPuzzle/BilliardPuzzle_Op12/assets/Script/Main.ts as file:///D:/PA_2024/3D/BilliardPuzzle/BilliardPuzzle_Op12/assets/Script/Plugin/AudioManager.ts.
debug: Resolve ./Plugin/IronSource from file:///D:/PA_2024/3D/BilliardPuzzle/BilliardPuzzle_Op12/assets/Script/Main.ts as file:///D:/PA_2024/3D/BilliardPuzzle/BilliardPuzzle_Op12/assets/Script/Plugin/IronSource.ts.
debug: Target(preview) ends with cost 151.53619998693466ms.
