2024-12-27 13:24:39-log: [Package] menu@1.0.0 enable
2024-12-27 13:24:39-log: [Package] profile@1.0.0 enable
2024-12-27 13:24:39-log: [Package] project@1.0.1 enable
2024-12-27 13:24:39-log: [Package] messages@1.0.0 enable
2024-12-27 13:24:39-log: [Package] program@1.0.0 enable
2024-12-27 13:24:39-log: [Package] device@1.0.1 enable
2024-12-27 13:24:39-log: [Package] ui-kit@1.0.1 enable
2024-12-27 13:24:39-log: [Package] tester@1.0.0 enable
2024-12-27 13:24:39-log: [Package] preferences@1.0.0 enable
2024-12-27 13:24:40-log: Setup mods mgr.: 431.577ms
2024-12-27 13:24:40-log: Profile changed: engine (modules.includeModules: 2d,3d,audio,base,dragon-bones,gfx-webgl,marionette,particle,particle-2d,physics-2d-box2d,physics-cannon,primitive,profiler,terrain,tween,ui)
2024-12-27 13:24:40-log: [Package] engine@1.0.5 enable
2024-12-27 13:24:41-log: [Package] programming@1.0.0 enable
2024-12-27 13:24:42-log: [Package] engine-extends@1.0.0 enable
2024-12-27 13:24:42-log: [Package] asset-db@1.0.0 enable
2024-12-27 13:24:42-log: [Package] console@1.0.0 enable
2024-12-27 13:24:42-log: [Package] scene@1.0.0 enable
2024-12-27 13:24:42-log: [Package] utils@1.0.0 enable
2024-12-27 13:24:42-log: [Package] assets@1.0.0 enable
2024-12-27 13:24:42-log: [Package] inspector@1.0.0 enable
2024-12-27 13:24:42-log: [Package] hierarchy@1.0.0 enable
2024-12-27 13:24:43-log: [Package] preview@1.0.1 enable
2024-12-27 13:24:43-log: [Package] animator@1.0.0 enable
2024-12-27 13:24:44-log: [Package] builder@1.3.1 enable
2024-12-27 13:24:44-log: [Package] node-library@1.0.0 enable
2024-12-27 13:24:44-log: [Package] shortcuts@1.0.1 enable
2024-12-27 13:24:44-log: [Package] package-asset@1.0.0 enable
2024-12-27 13:24:44-log: [Package] reference-image@1.0.0 enable
2024-12-27 13:24:44-log: [Package] animation-graph@1.0.0 enable
2024-12-27 13:24:44-log: [Package] channel-upload-tools@1.0.0 enable
2024-12-27 13:24:44-log: [Package] runtime-dev-tools@1.0.0 enable
2024-12-27 13:24:44-log: [Package] lightmap@1.0.4 enable
2024-12-27 13:24:44-log: [Package] alipay-mini-game@1.0.0 enable
2024-12-27 13:24:44-log: [Package] android@1.0.0 enable
2024-12-27 13:24:44-log: [Package] baidu-mini-game@1.0.0 enable
2024-12-27 13:24:44-log: [Package] bytedance-mini-game@1.0.1 enable
2024-12-27 13:24:44-log: [Package] huawei-agc@1.0.0 enable
2024-12-27 13:24:44-log: [Package] ios@1.0.0 enable
2024-12-27 13:24:44-log: [Package] ios-app-clip@1.0.0 enable
2024-12-27 13:24:44-log: [Package] mac@1.0.0 enable
2024-12-27 13:24:44-log: [Package] native@1.0.0 enable
2024-12-27 13:24:44-log: [Package] ohos@1.0.0 enable
2024-12-27 13:24:45-log: [Package] web-desktop@1.0.0 enable
2024-12-27 13:24:45-log: [Package] web-mobile@1.0.0 enable
2024-12-27 13:24:45-log: [Package] wechatgame@1.0.1 enable
2024-12-27 13:24:45-log: [Package] windows@1.0.0 enable
2024-12-27 13:24:45-log: [Package] xiaomi-quick-game@1.0.0 enable
2024-12-27 13:24:45-log: [Package] cocos-play@1.0.0 enable
2024-12-27 13:24:45-log: [Package] huawei-quick-game@1.0.0 enable
2024-12-27 13:24:45-log: [Package] link-sure@1.0.0 enable
2024-12-27 13:24:45-log: [Package] oppo-mini-game@1.0.0 enable
2024-12-27 13:24:45-log: [Package] qtt@1.0.0 enable
2024-12-27 13:24:45-log: [Package] vivo-mini-game@1.0.0 enable
2024-12-27 13:24:50-log: [Package] cocos-service@3.0.7 enable
2024-12-27 13:24:50-log: [Package] importer@1.0.0 enable
2024-12-27 13:24:50-log: [Package] extension@3.0.15 enable
2024-12-27 13:24:51-log: [Im-plugin] Check im-plugin version.
2024-12-27 13:24:51-log: [Package] im-plugin@3.0.8 enable
2024-12-27 13:24:51-log: [Package] super-html@1.1.3 enable
2024-12-27 13:24:51-log: [Im-plugin] No online info of im-plugin.
2024-12-27 13:24:53-warn: Browserslist: caniuse-lite is outdated. Please run:
npx browserslist@latest --update-db

Why you should do it regularly:
https://github.com/browserslist/browserslist#browsers-data-updating
2024-12-27 13:24:54-log: [Scene] Cocos Creator v3.4.2
2024-12-27 13:24:54-info: [Scene] Forward render pipeline initialized.
2024-12-27 13:46:55-warn: [Build] Browserslist: caniuse-lite is outdated. Please run:
npx browserslist@latest --update-db
2024-12-27 13:46:55-warn: [Build] Browserslist: caniuse-lite is outdated. Please run:
npx browserslist@latest --update-db

Why you should do it regularly:
https://github.com/browserslist/browserslist#browsers-data-updating
2024-12-27 13:46:58-warn: [Build] [[Build.Script.Rollup]] Circular dependency: file:///D:/CocosProjects/Amobear/CarJam/assets/Scripts/Car/CarBehavior.ts -> file:///D:/CocosProjects/Amobear/CarJam/assets/Scripts/Car/CarSkin.ts -> file:///D:/CocosProjects/Amobear/CarJam/assets/Scripts/Car/CarBehavior.ts
2024-12-27 14:10:06-warn: [Build] [[Build.Script.Rollup]] Circular dependency: file:///D:/CocosProjects/Amobear/CarJam/assets/Scripts/Car/CarBehavior.ts -> file:///D:/CocosProjects/Amobear/CarJam/assets/Scripts/Car/CarSkin.ts -> file:///D:/CocosProjects/Amobear/CarJam/assets/Scripts/Car/CarBehavior.ts
2024-12-27 14:11:56-warn: [Build] [[Build.Script.Rollup]] Circular dependency: file:///D:/CocosProjects/Amobear/CarJam/assets/Scripts/Car/CarBehavior.ts -> file:///D:/CocosProjects/Amobear/CarJam/assets/Scripts/Car/CarSkin.ts -> file:///D:/CocosProjects/Amobear/CarJam/assets/Scripts/Car/CarBehavior.ts
2024-12-27 14:16:37-warn: [Build] [[Build.Script.Rollup]] Circular dependency: file:///D:/CocosProjects/Amobear/CarJam/assets/Scripts/Car/CarBehavior.ts -> file:///D:/CocosProjects/Amobear/CarJam/assets/Scripts/Car/CarSkin.ts -> file:///D:/CocosProjects/Amobear/CarJam/assets/Scripts/Car/CarBehavior.ts
2024-12-27 14:19:44-warn: [Build] [[Build.Script.Rollup]] Circular dependency: file:///D:/CocosProjects/Amobear/CarJam/assets/Scripts/Car/CarBehavior.ts -> file:///D:/CocosProjects/Amobear/CarJam/assets/Scripts/Car/CarSkin.ts -> file:///D:/CocosProjects/Amobear/CarJam/assets/Scripts/Car/CarBehavior.ts
2024-12-27 14:24:35-warn: [Build] [[Build.Script.Rollup]] Circular dependency: file:///D:/CocosProjects/Amobear/CarJam/assets/Scripts/Car/CarBehavior.ts -> file:///D:/CocosProjects/Amobear/CarJam/assets/Scripts/Car/CarSkin.ts -> file:///D:/CocosProjects/Amobear/CarJam/assets/Scripts/Car/CarBehavior.ts
2024-12-27 15:01:18-warn: [Build] [[Build.Script.Rollup]] Circular dependency: file:///D:/CocosProjects/Amobear/CarJam/assets/Scripts/Car/CarBehavior.ts -> file:///D:/CocosProjects/Amobear/CarJam/assets/Scripts/Car/CarSkin.ts -> file:///D:/CocosProjects/Amobear/CarJam/assets/Scripts/Car/CarBehavior.ts
2024-12-27 15:17:18-warn: [Build] [[Build.Script.Rollup]] Circular dependency: file:///D:/CocosProjects/Amobear/CarJam/assets/Scripts/Car/CarBehavior.ts -> file:///D:/CocosProjects/Amobear/CarJam/assets/Scripts/Car/CarSkin.ts -> file:///D:/CocosProjects/Amobear/CarJam/assets/Scripts/Car/CarBehavior.ts
2024-12-27 15:17:48-warn: [Build] [[Build.Script.Rollup]] Circular dependency: file:///D:/CocosProjects/Amobear/CarJam/assets/Scripts/Car/CarBehavior.ts -> file:///D:/CocosProjects/Amobear/CarJam/assets/Scripts/Car/CarSkin.ts -> file:///D:/CocosProjects/Amobear/CarJam/assets/Scripts/Car/CarBehavior.ts
2024-12-27 15:24:32-warn: [Build] [[Build.Script.Rollup]] Circular dependency: file:///D:/CocosProjects/Amobear/CarJam/assets/Scripts/Car/CarBehavior.ts -> file:///D:/CocosProjects/Amobear/CarJam/assets/Scripts/Car/CarSkin.ts -> file:///D:/CocosProjects/Amobear/CarJam/assets/Scripts/Car/CarBehavior.ts
2024-12-27 15:25:50-warn: [Build] [[Build.Script.Rollup]] Circular dependency: file:///D:/CocosProjects/Amobear/CarJam/assets/Scripts/Car/CarBehavior.ts -> file:///D:/CocosProjects/Amobear/CarJam/assets/Scripts/Car/CarSkin.ts -> file:///D:/CocosProjects/Amobear/CarJam/assets/Scripts/Car/CarBehavior.ts
