debug: Tue, 26 Nov 2024 15:53:02 GMT
debug: Project: D:\PA\IceBear_PA_2024\3D\BilliardPuzzle\BilliardPuzzle_OP10\BilliardPuzzle_OP10
debug: Targets: editor,preview
debug: Incremental file seems great.
debug: Engine path: C:\ProgramData\cocos\editors\Creator\3.4.2\resources\resources\3d\engine
debug: Initializing target [Editor]
debug: Loading cache
debug: Loading cache costs 32.7567999958992ms.
debug: Engine features shipped in editor: base,gfx-webgl,gfx-webgl2,3d,2d,ui,particle,particle-2d,physics-framework,physics-2d-framework,intersection-2d,primitive,profiler,audio,video,terrain,webview,tween,tiled-map,spine,dragon-bones,marionette
debug: Initializing target [Preview]
debug: Loading cache
debug: Loading cache costs 70.42289999127388ms.
debug: Sync engine features: 2d,3d,audio,base,dragon-bones,gfx-webgl,gfx-webgl2,intersection-2d,marionette,particle,particle-2d,physics-2d-box2d,physics-cannon,primitive,profiler,spine,terrain,tiled-map,tween,ui,video,webview
debug: Pulling asset-db.
debug: Fetch asset-db cost: 35.55830001831055ms.
debug: Build iteration starts.
Number of accumulated asset changes: 23
Feature changed: false
debug: Target(editor) build started.
debug: Detected change: cce:/internal/x/cc. Last mtime: Thu Jan 01 1970 07:00:06 GMT+0700 (Indochina Time), Current mtime: Thu Jan 01 1970 07:00:07 GMT+0700 (Indochina Time)
debug: Inspect cce:/internal/x/cc
debug: Resolve cce:/internal/x/cc-fu/base from cce:/internal/x/cc as external dependency cce:/internal/x/cc-fu/base.
debug: Resolve cce:/internal/x/cc-fu/gfx-webgl from cce:/internal/x/cc as external dependency cce:/internal/x/cc-fu/gfx-webgl.
debug: Resolve cce:/internal/x/cc-fu/gfx-webgl2 from cce:/internal/x/cc as external dependency cce:/internal/x/cc-fu/gfx-webgl2.
debug: Resolve cce:/internal/x/cc-fu/3d from cce:/internal/x/cc as external dependency cce:/internal/x/cc-fu/3d.
debug: Resolve cce:/internal/x/cc-fu/2d from cce:/internal/x/cc as external dependency cce:/internal/x/cc-fu/2d.
debug: Resolve cce:/internal/x/cc-fu/ui from cce:/internal/x/cc as external dependency cce:/internal/x/cc-fu/ui.
debug: Resolve cce:/internal/x/cc-fu/particle from cce:/internal/x/cc as external dependency cce:/internal/x/cc-fu/particle.
debug: Resolve cce:/internal/x/cc-fu/particle-2d from cce:/internal/x/cc as external dependency cce:/internal/x/cc-fu/particle-2d.
debug: Resolve cce:/internal/x/cc-fu/physics-framework from cce:/internal/x/cc as external dependency cce:/internal/x/cc-fu/physics-framework.
debug: Resolve cce:/internal/x/cc-fu/physics-2d-framework from cce:/internal/x/cc as external dependency cce:/internal/x/cc-fu/physics-2d-framework.
debug: Resolve cce:/internal/x/cc-fu/intersection-2d from cce:/internal/x/cc as external dependency cce:/internal/x/cc-fu/intersection-2d.
debug: Resolve cce:/internal/x/cc-fu/primitive from cce:/internal/x/cc as external dependency cce:/internal/x/cc-fu/primitive.
debug: Resolve cce:/internal/x/cc-fu/profiler from cce:/internal/x/cc as external dependency cce:/internal/x/cc-fu/profiler.
debug: Resolve cce:/internal/x/cc-fu/audio from cce:/internal/x/cc as external dependency cce:/internal/x/cc-fu/audio.
debug: Resolve cce:/internal/x/cc-fu/video from cce:/internal/x/cc as external dependency cce:/internal/x/cc-fu/video.
debug: Resolve cce:/internal/x/cc-fu/terrain from cce:/internal/x/cc as external dependency cce:/internal/x/cc-fu/terrain.
debug: Resolve cce:/internal/x/cc-fu/webview from cce:/internal/x/cc as external dependency cce:/internal/x/cc-fu/webview.
debug: Resolve cce:/internal/x/cc-fu/tween from cce:/internal/x/cc as external dependency cce:/internal/x/cc-fu/tween.
debug: Resolve cce:/internal/x/cc-fu/tiled-map from cce:/internal/x/cc as external dependency cce:/internal/x/cc-fu/tiled-map.
debug: Resolve cce:/internal/x/cc-fu/spine from cce:/internal/x/cc as external dependency cce:/internal/x/cc-fu/spine.
debug: Resolve cce:/internal/x/cc-fu/dragon-bones from cce:/internal/x/cc as external dependency cce:/internal/x/cc-fu/dragon-bones.
debug: Detected change: cce:/internal/x/prerequisite-imports. Last mtime: Thu Jan 01 1970 07:00:14 GMT+0700 (Indochina Time), Current mtime: Thu Jan 01 1970 07:00:20 GMT+0700 (Indochina Time)
debug: Inspect cce:/internal/x/prerequisite-imports
debug: Resolve file:///D:/PA/IceBear_PA_2024/3D/BilliardPuzzle/BilliardPuzzle_OP10/BilliardPuzzle_OP10/assets/Scripts/GamePlay/ActiveCCD.ts from cce:/internal/x/prerequisite-imports as file:///D:/PA/IceBear_PA_2024/3D/BilliardPuzzle/BilliardPuzzle_OP10/BilliardPuzzle_OP10/assets/Scripts/GamePlay/ActiveCCD.ts.
debug: Resolve file:///D:/PA/IceBear_PA_2024/3D/BilliardPuzzle/BilliardPuzzle_OP10/BilliardPuzzle_OP10/assets/Scripts/GamePlay/Ball.ts from cce:/internal/x/prerequisite-imports as file:///D:/PA/IceBear_PA_2024/3D/BilliardPuzzle/BilliardPuzzle_OP10/BilliardPuzzle_OP10/assets/Scripts/GamePlay/Ball.ts.
debug: Resolve file:///D:/PA/IceBear_PA_2024/3D/BilliardPuzzle/BilliardPuzzle_OP10/BilliardPuzzle_OP10/assets/Scripts/GamePlay/BallPoted.ts from cce:/internal/x/prerequisite-imports as file:///D:/PA/IceBear_PA_2024/3D/BilliardPuzzle/BilliardPuzzle_OP10/BilliardPuzzle_OP10/assets/Scripts/GamePlay/BallPoted.ts.
debug: Resolve file:///D:/PA/IceBear_PA_2024/3D/BilliardPuzzle/BilliardPuzzle_OP10/BilliardPuzzle_OP10/assets/Scripts/GamePlay/ControllCue.ts from cce:/internal/x/prerequisite-imports as file:///D:/PA/IceBear_PA_2024/3D/BilliardPuzzle/BilliardPuzzle_OP10/BilliardPuzzle_OP10/assets/Scripts/GamePlay/ControllCue.ts.
debug: Resolve file:///D:/PA/IceBear_PA_2024/3D/BilliardPuzzle/BilliardPuzzle_OP10/BilliardPuzzle_OP10/assets/Scripts/GamePlay/BallRandom.ts from cce:/internal/x/prerequisite-imports as file:///D:/PA/IceBear_PA_2024/3D/BilliardPuzzle/BilliardPuzzle_OP10/BilliardPuzzle_OP10/assets/Scripts/GamePlay/BallRandom.ts.
debug: Resolve file:///D:/PA/IceBear_PA_2024/3D/BilliardPuzzle/BilliardPuzzle_OP10/BilliardPuzzle_OP10/assets/Scripts/GamePlay/Cue.ts from cce:/internal/x/prerequisite-imports as file:///D:/PA/IceBear_PA_2024/3D/BilliardPuzzle/BilliardPuzzle_OP10/BilliardPuzzle_OP10/assets/Scripts/GamePlay/Cue.ts.
debug: Resolve file:///D:/PA/IceBear_PA_2024/3D/BilliardPuzzle/BilliardPuzzle_OP10/BilliardPuzzle_OP10/assets/Scripts/GamePlay/DefaultBall.ts from cce:/internal/x/prerequisite-imports as file:///D:/PA/IceBear_PA_2024/3D/BilliardPuzzle/BilliardPuzzle_OP10/BilliardPuzzle_OP10/assets/Scripts/GamePlay/DefaultBall.ts.
debug: Resolve file:///D:/PA/IceBear_PA_2024/3D/BilliardPuzzle/BilliardPuzzle_OP10/BilliardPuzzle_OP10/assets/Scripts/GamePlay/Hole.ts from cce:/internal/x/prerequisite-imports as file:///D:/PA/IceBear_PA_2024/3D/BilliardPuzzle/BilliardPuzzle_OP10/BilliardPuzzle_OP10/assets/Scripts/GamePlay/Hole.ts.
debug: Resolve file:///D:/PA/IceBear_PA_2024/3D/BilliardPuzzle/BilliardPuzzle_OP10/BilliardPuzzle_OP10/assets/Scripts/GamePlay/Joystick.ts from cce:/internal/x/prerequisite-imports as file:///D:/PA/IceBear_PA_2024/3D/BilliardPuzzle/BilliardPuzzle_OP10/BilliardPuzzle_OP10/assets/Scripts/GamePlay/Joystick.ts.
debug: Resolve file:///D:/PA/IceBear_PA_2024/3D/BilliardPuzzle/BilliardPuzzle_OP10/BilliardPuzzle_OP10/assets/Scripts/GamePlay/LogLayerPhysic.ts from cce:/internal/x/prerequisite-imports as file:///D:/PA/IceBear_PA_2024/3D/BilliardPuzzle/BilliardPuzzle_OP10/BilliardPuzzle_OP10/assets/Scripts/GamePlay/LogLayerPhysic.ts.
debug: Resolve file:///D:/PA/IceBear_PA_2024/3D/BilliardPuzzle/BilliardPuzzle_OP10/BilliardPuzzle_OP10/assets/Scripts/GamePlay/RaycastShootPoint.ts from cce:/internal/x/prerequisite-imports as file:///D:/PA/IceBear_PA_2024/3D/BilliardPuzzle/BilliardPuzzle_OP10/BilliardPuzzle_OP10/assets/Scripts/GamePlay/RaycastShootPoint.ts.
debug: Resolve file:///D:/PA/IceBear_PA_2024/3D/BilliardPuzzle/BilliardPuzzle_OP10/BilliardPuzzle_OP10/assets/Scripts/GamePlay/ShootingTurn.ts from cce:/internal/x/prerequisite-imports as file:///D:/PA/IceBear_PA_2024/3D/BilliardPuzzle/BilliardPuzzle_OP10/BilliardPuzzle_OP10/assets/Scripts/GamePlay/ShootingTurn.ts.
debug: Resolve file:///D:/PA/IceBear_PA_2024/3D/BilliardPuzzle/BilliardPuzzle_OP10/BilliardPuzzle_OP10/assets/Scripts/GamePlay/TextPraise.ts from cce:/internal/x/prerequisite-imports as file:///D:/PA/IceBear_PA_2024/3D/BilliardPuzzle/BilliardPuzzle_OP10/BilliardPuzzle_OP10/assets/Scripts/GamePlay/TextPraise.ts.
debug: Resolve file:///D:/PA/IceBear_PA_2024/3D/BilliardPuzzle/BilliardPuzzle_OP10/BilliardPuzzle_OP10/assets/Scripts/Utility3D/AdsManager.ts from cce:/internal/x/prerequisite-imports as file:///D:/PA/IceBear_PA_2024/3D/BilliardPuzzle/BilliardPuzzle_OP10/BilliardPuzzle_OP10/assets/Scripts/Utility3D/AdsManager.ts.
debug: Resolve file:///D:/PA/IceBear_PA_2024/3D/BilliardPuzzle/BilliardPuzzle_OP10/BilliardPuzzle_OP10/assets/Scripts/Utility3D/Constant.ts from cce:/internal/x/prerequisite-imports as file:///D:/PA/IceBear_PA_2024/3D/BilliardPuzzle/BilliardPuzzle_OP10/BilliardPuzzle_OP10/assets/Scripts/Utility3D/Constant.ts.
debug: Resolve file:///D:/PA/IceBear_PA_2024/3D/BilliardPuzzle/BilliardPuzzle_OP10/BilliardPuzzle_OP10/assets/Scripts/Utility3D/EnableEngine.ts from cce:/internal/x/prerequisite-imports as file:///D:/PA/IceBear_PA_2024/3D/BilliardPuzzle/BilliardPuzzle_OP10/BilliardPuzzle_OP10/assets/Scripts/Utility3D/EnableEngine.ts.
debug: Resolve file:///D:/PA/IceBear_PA_2024/3D/BilliardPuzzle/BilliardPuzzle_OP10/BilliardPuzzle_OP10/assets/Scripts/Utility3D/GameManager.ts from cce:/internal/x/prerequisite-imports as file:///D:/PA/IceBear_PA_2024/3D/BilliardPuzzle/BilliardPuzzle_OP10/BilliardPuzzle_OP10/assets/Scripts/Utility3D/GameManager.ts.
debug: Resolve file:///D:/PA/IceBear_PA_2024/3D/BilliardPuzzle/BilliardPuzzle_OP10/BilliardPuzzle_OP10/assets/Scripts/Utility3D/Global.ts from cce:/internal/x/prerequisite-imports as file:///D:/PA/IceBear_PA_2024/3D/BilliardPuzzle/BilliardPuzzle_OP10/BilliardPuzzle_OP10/assets/Scripts/Utility3D/Global.ts.
debug: Resolve file:///D:/PA/IceBear_PA_2024/3D/BilliardPuzzle/BilliardPuzzle_OP10/BilliardPuzzle_OP10/assets/Scripts/Utility3D/Observer/EventManager.ts from cce:/internal/x/prerequisite-imports as file:///D:/PA/IceBear_PA_2024/3D/BilliardPuzzle/BilliardPuzzle_OP10/BilliardPuzzle_OP10/assets/Scripts/Utility3D/Observer/EventManager.ts.
debug: Resolve file:///D:/PA/IceBear_PA_2024/3D/BilliardPuzzle/BilliardPuzzle_OP10/BilliardPuzzle_OP10/assets/Scripts/Utility3D/Responsive.ts from cce:/internal/x/prerequisite-imports as file:///D:/PA/IceBear_PA_2024/3D/BilliardPuzzle/BilliardPuzzle_OP10/BilliardPuzzle_OP10/assets/Scripts/Utility3D/Responsive.ts.
debug: Resolve file:///D:/PA/IceBear_PA_2024/3D/BilliardPuzzle/BilliardPuzzle_OP10/BilliardPuzzle_OP10/assets/Scripts/Utility3D/Singleton.ts from cce:/internal/x/prerequisite-imports as file:///D:/PA/IceBear_PA_2024/3D/BilliardPuzzle/BilliardPuzzle_OP10/BilliardPuzzle_OP10/assets/Scripts/Utility3D/Singleton.ts.
debug: Resolve file:///D:/PA/IceBear_PA_2024/3D/BilliardPuzzle/BilliardPuzzle_OP10/BilliardPuzzle_OP10/assets/Scripts/Utility3D/SoundManager.ts from cce:/internal/x/prerequisite-imports as file:///D:/PA/IceBear_PA_2024/3D/BilliardPuzzle/BilliardPuzzle_OP10/BilliardPuzzle_OP10/assets/Scripts/Utility3D/SoundManager.ts.
debug: Resolve file:///D:/PA/IceBear_PA_2024/3D/BilliardPuzzle/BilliardPuzzle_OP10/BilliardPuzzle_OP10/assets/Scripts/Utility3D/Utility.ts from cce:/internal/x/prerequisite-imports as file:///D:/PA/IceBear_PA_2024/3D/BilliardPuzzle/BilliardPuzzle_OP10/BilliardPuzzle_OP10/assets/Scripts/Utility3D/Utility.ts.
debug: Detected change: cce:/internal/code-quality/cr.mjs. Last mtime: Fri Nov 22 2024 21:55:37 GMT+0700 (Indochina Time), Current mtime: Tue Nov 26 2024 22:52:56 GMT+0700 (Indochina Time)
debug: Inspect cce:/internal/code-quality/cr.mjs
debug: Detected change: file:///D:/PA/IceBear_PA_2024/3D/BilliardPuzzle/BilliardPuzzle_OP10/BilliardPuzzle_OP10/assets/Scripts/Utility3D/Observer/EventManager.ts. Last mtime: Mon Jul 15 2024 15:09:53 GMT+0700 (Indochina Time)@9a57eed8-5527-4b76-a5ad-1bfd3fdf958f, Current mtime: Tue Nov 26 2024 22:45:45 GMT+0700 (Indochina Time)@9a57eed8-5527-4b76-a5ad-1bfd3fdf958f
debug: Inspect file:///D:/PA/IceBear_PA_2024/3D/BilliardPuzzle/BilliardPuzzle_OP10/BilliardPuzzle_OP10/assets/Scripts/Utility3D/Observer/EventManager.ts
debug: Resolve cc from file:///D:/PA/IceBear_PA_2024/3D/BilliardPuzzle/BilliardPuzzle_OP10/BilliardPuzzle_OP10/assets/Scripts/Utility3D/Observer/EventManager.ts as cce:/internal/x/cc.
debug: Resolve cc from file:///D:/PA/IceBear_PA_2024/3D/BilliardPuzzle/BilliardPuzzle_OP10/BilliardPuzzle_OP10/assets/Scripts/Utility3D/Observer/EventManager.ts as cce:/internal/x/cc.
debug: Target(editor) ends with cost 331.26429998874664ms.
debug: Target(preview) build started.
debug: Detected change: cce:/internal/x/cc. Last mtime: Thu Jan 01 1970 07:00:06 GMT+0700 (Indochina Time), Current mtime: Thu Jan 01 1970 07:00:07 GMT+0700 (Indochina Time)
debug: Inspect cce:/internal/x/cc
debug: Resolve cce:/internal/x/cc-fu/2d from cce:/internal/x/cc as external dependency cce:/internal/x/cc-fu/2d.
debug: Resolve cce:/internal/x/cc-fu/3d from cce:/internal/x/cc as external dependency cce:/internal/x/cc-fu/3d.
debug: Resolve cce:/internal/x/cc-fu/audio from cce:/internal/x/cc as external dependency cce:/internal/x/cc-fu/audio.
debug: Resolve cce:/internal/x/cc-fu/base from cce:/internal/x/cc as external dependency cce:/internal/x/cc-fu/base.
debug: Resolve cce:/internal/x/cc-fu/dragon-bones from cce:/internal/x/cc as external dependency cce:/internal/x/cc-fu/dragon-bones.
debug: Resolve cce:/internal/x/cc-fu/gfx-webgl from cce:/internal/x/cc as external dependency cce:/internal/x/cc-fu/gfx-webgl.
debug: Resolve cce:/internal/x/cc-fu/gfx-webgl2 from cce:/internal/x/cc as external dependency cce:/internal/x/cc-fu/gfx-webgl2.
debug: Resolve cce:/internal/x/cc-fu/intersection-2d from cce:/internal/x/cc as external dependency cce:/internal/x/cc-fu/intersection-2d.
debug: Resolve cce:/internal/x/cc-fu/particle from cce:/internal/x/cc as external dependency cce:/internal/x/cc-fu/particle.
debug: Resolve cce:/internal/x/cc-fu/particle-2d from cce:/internal/x/cc as external dependency cce:/internal/x/cc-fu/particle-2d.
debug: Resolve cce:/internal/x/cc-fu/physics-2d-box2d from cce:/internal/x/cc as external dependency cce:/internal/x/cc-fu/physics-2d-box2d.
debug: Resolve cce:/internal/x/cc-fu/physics-2d-framework from cce:/internal/x/cc as external dependency cce:/internal/x/cc-fu/physics-2d-framework.
debug: Resolve cce:/internal/x/cc-fu/physics-cannon from cce:/internal/x/cc as external dependency cce:/internal/x/cc-fu/physics-cannon.
debug: Resolve cce:/internal/x/cc-fu/physics-framework from cce:/internal/x/cc as external dependency cce:/internal/x/cc-fu/physics-framework.
debug: Resolve cce:/internal/x/cc-fu/primitive from cce:/internal/x/cc as external dependency cce:/internal/x/cc-fu/primitive.
debug: Resolve cce:/internal/x/cc-fu/profiler from cce:/internal/x/cc as external dependency cce:/internal/x/cc-fu/profiler.
debug: Resolve cce:/internal/x/cc-fu/spine from cce:/internal/x/cc as external dependency cce:/internal/x/cc-fu/spine.
debug: Resolve cce:/internal/x/cc-fu/terrain from cce:/internal/x/cc as external dependency cce:/internal/x/cc-fu/terrain.
debug: Resolve cce:/internal/x/cc-fu/tiled-map from cce:/internal/x/cc as external dependency cce:/internal/x/cc-fu/tiled-map.
debug: Resolve cce:/internal/x/cc-fu/tween from cce:/internal/x/cc as external dependency cce:/internal/x/cc-fu/tween.
debug: Resolve cce:/internal/x/cc-fu/ui from cce:/internal/x/cc as external dependency cce:/internal/x/cc-fu/ui.
debug: Resolve cce:/internal/x/cc-fu/video from cce:/internal/x/cc as external dependency cce:/internal/x/cc-fu/video.
debug: Resolve cce:/internal/x/cc-fu/webview from cce:/internal/x/cc as external dependency cce:/internal/x/cc-fu/webview.
debug: Detected change: cce:/internal/x/prerequisite-imports. Last mtime: Thu Jan 01 1970 07:00:15 GMT+0700 (Indochina Time), Current mtime: Thu Jan 01 1970 07:00:20 GMT+0700 (Indochina Time)
debug: Inspect cce:/internal/x/prerequisite-imports
debug: Resolve file:///D:/PA/IceBear_PA_2024/3D/BilliardPuzzle/BilliardPuzzle_OP10/BilliardPuzzle_OP10/assets/Scripts/GamePlay/ActiveCCD.ts from cce:/internal/x/prerequisite-imports as file:///D:/PA/IceBear_PA_2024/3D/BilliardPuzzle/BilliardPuzzle_OP10/BilliardPuzzle_OP10/assets/Scripts/GamePlay/ActiveCCD.ts.
debug: Resolve file:///D:/PA/IceBear_PA_2024/3D/BilliardPuzzle/BilliardPuzzle_OP10/BilliardPuzzle_OP10/assets/Scripts/GamePlay/Ball.ts from cce:/internal/x/prerequisite-imports as file:///D:/PA/IceBear_PA_2024/3D/BilliardPuzzle/BilliardPuzzle_OP10/BilliardPuzzle_OP10/assets/Scripts/GamePlay/Ball.ts.
debug: Resolve file:///D:/PA/IceBear_PA_2024/3D/BilliardPuzzle/BilliardPuzzle_OP10/BilliardPuzzle_OP10/assets/Scripts/GamePlay/BallPoted.ts from cce:/internal/x/prerequisite-imports as file:///D:/PA/IceBear_PA_2024/3D/BilliardPuzzle/BilliardPuzzle_OP10/BilliardPuzzle_OP10/assets/Scripts/GamePlay/BallPoted.ts.
debug: Resolve file:///D:/PA/IceBear_PA_2024/3D/BilliardPuzzle/BilliardPuzzle_OP10/BilliardPuzzle_OP10/assets/Scripts/GamePlay/BallRandom.ts from cce:/internal/x/prerequisite-imports as file:///D:/PA/IceBear_PA_2024/3D/BilliardPuzzle/BilliardPuzzle_OP10/BilliardPuzzle_OP10/assets/Scripts/GamePlay/BallRandom.ts.
debug: Resolve file:///D:/PA/IceBear_PA_2024/3D/BilliardPuzzle/BilliardPuzzle_OP10/BilliardPuzzle_OP10/assets/Scripts/GamePlay/ControllCue.ts from cce:/internal/x/prerequisite-imports as file:///D:/PA/IceBear_PA_2024/3D/BilliardPuzzle/BilliardPuzzle_OP10/BilliardPuzzle_OP10/assets/Scripts/GamePlay/ControllCue.ts.
debug: Resolve file:///D:/PA/IceBear_PA_2024/3D/BilliardPuzzle/BilliardPuzzle_OP10/BilliardPuzzle_OP10/assets/Scripts/GamePlay/Cue.ts from cce:/internal/x/prerequisite-imports as file:///D:/PA/IceBear_PA_2024/3D/BilliardPuzzle/BilliardPuzzle_OP10/BilliardPuzzle_OP10/assets/Scripts/GamePlay/Cue.ts.
debug: Resolve file:///D:/PA/IceBear_PA_2024/3D/BilliardPuzzle/BilliardPuzzle_OP10/BilliardPuzzle_OP10/assets/Scripts/GamePlay/DefaultBall.ts from cce:/internal/x/prerequisite-imports as file:///D:/PA/IceBear_PA_2024/3D/BilliardPuzzle/BilliardPuzzle_OP10/BilliardPuzzle_OP10/assets/Scripts/GamePlay/DefaultBall.ts.
debug: Resolve file:///D:/PA/IceBear_PA_2024/3D/BilliardPuzzle/BilliardPuzzle_OP10/BilliardPuzzle_OP10/assets/Scripts/GamePlay/Hole.ts from cce:/internal/x/prerequisite-imports as file:///D:/PA/IceBear_PA_2024/3D/BilliardPuzzle/BilliardPuzzle_OP10/BilliardPuzzle_OP10/assets/Scripts/GamePlay/Hole.ts.
debug: Resolve file:///D:/PA/IceBear_PA_2024/3D/BilliardPuzzle/BilliardPuzzle_OP10/BilliardPuzzle_OP10/assets/Scripts/GamePlay/Joystick.ts from cce:/internal/x/prerequisite-imports as file:///D:/PA/IceBear_PA_2024/3D/BilliardPuzzle/BilliardPuzzle_OP10/BilliardPuzzle_OP10/assets/Scripts/GamePlay/Joystick.ts.
debug: Resolve file:///D:/PA/IceBear_PA_2024/3D/BilliardPuzzle/BilliardPuzzle_OP10/BilliardPuzzle_OP10/assets/Scripts/GamePlay/LogLayerPhysic.ts from cce:/internal/x/prerequisite-imports as file:///D:/PA/IceBear_PA_2024/3D/BilliardPuzzle/BilliardPuzzle_OP10/BilliardPuzzle_OP10/assets/Scripts/GamePlay/LogLayerPhysic.ts.
debug: Resolve file:///D:/PA/IceBear_PA_2024/3D/BilliardPuzzle/BilliardPuzzle_OP10/BilliardPuzzle_OP10/assets/Scripts/GamePlay/RaycastShootPoint.ts from cce:/internal/x/prerequisite-imports as file:///D:/PA/IceBear_PA_2024/3D/BilliardPuzzle/BilliardPuzzle_OP10/BilliardPuzzle_OP10/assets/Scripts/GamePlay/RaycastShootPoint.ts.
debug: Resolve file:///D:/PA/IceBear_PA_2024/3D/BilliardPuzzle/BilliardPuzzle_OP10/BilliardPuzzle_OP10/assets/Scripts/GamePlay/ShootingTurn.ts from cce:/internal/x/prerequisite-imports as file:///D:/PA/IceBear_PA_2024/3D/BilliardPuzzle/BilliardPuzzle_OP10/BilliardPuzzle_OP10/assets/Scripts/GamePlay/ShootingTurn.ts.
debug: Resolve file:///D:/PA/IceBear_PA_2024/3D/BilliardPuzzle/BilliardPuzzle_OP10/BilliardPuzzle_OP10/assets/Scripts/GamePlay/TextPraise.ts from cce:/internal/x/prerequisite-imports as file:///D:/PA/IceBear_PA_2024/3D/BilliardPuzzle/BilliardPuzzle_OP10/BilliardPuzzle_OP10/assets/Scripts/GamePlay/TextPraise.ts.
debug: Resolve file:///D:/PA/IceBear_PA_2024/3D/BilliardPuzzle/BilliardPuzzle_OP10/BilliardPuzzle_OP10/assets/Scripts/Utility3D/AdsManager.ts from cce:/internal/x/prerequisite-imports as file:///D:/PA/IceBear_PA_2024/3D/BilliardPuzzle/BilliardPuzzle_OP10/BilliardPuzzle_OP10/assets/Scripts/Utility3D/AdsManager.ts.
debug: Resolve file:///D:/PA/IceBear_PA_2024/3D/BilliardPuzzle/BilliardPuzzle_OP10/BilliardPuzzle_OP10/assets/Scripts/Utility3D/Constant.ts from cce:/internal/x/prerequisite-imports as file:///D:/PA/IceBear_PA_2024/3D/BilliardPuzzle/BilliardPuzzle_OP10/BilliardPuzzle_OP10/assets/Scripts/Utility3D/Constant.ts.
debug: Resolve file:///D:/PA/IceBear_PA_2024/3D/BilliardPuzzle/BilliardPuzzle_OP10/BilliardPuzzle_OP10/assets/Scripts/Utility3D/EnableEngine.ts from cce:/internal/x/prerequisite-imports as file:///D:/PA/IceBear_PA_2024/3D/BilliardPuzzle/BilliardPuzzle_OP10/BilliardPuzzle_OP10/assets/Scripts/Utility3D/EnableEngine.ts.
debug: Resolve file:///D:/PA/IceBear_PA_2024/3D/BilliardPuzzle/BilliardPuzzle_OP10/BilliardPuzzle_OP10/assets/Scripts/Utility3D/GameManager.ts from cce:/internal/x/prerequisite-imports as file:///D:/PA/IceBear_PA_2024/3D/BilliardPuzzle/BilliardPuzzle_OP10/BilliardPuzzle_OP10/assets/Scripts/Utility3D/GameManager.ts.
debug: Resolve file:///D:/PA/IceBear_PA_2024/3D/BilliardPuzzle/BilliardPuzzle_OP10/BilliardPuzzle_OP10/assets/Scripts/Utility3D/Global.ts from cce:/internal/x/prerequisite-imports as file:///D:/PA/IceBear_PA_2024/3D/BilliardPuzzle/BilliardPuzzle_OP10/BilliardPuzzle_OP10/assets/Scripts/Utility3D/Global.ts.
debug: Resolve file:///D:/PA/IceBear_PA_2024/3D/BilliardPuzzle/BilliardPuzzle_OP10/BilliardPuzzle_OP10/assets/Scripts/Utility3D/Observer/EventManager.ts from cce:/internal/x/prerequisite-imports as file:///D:/PA/IceBear_PA_2024/3D/BilliardPuzzle/BilliardPuzzle_OP10/BilliardPuzzle_OP10/assets/Scripts/Utility3D/Observer/EventManager.ts.
debug: Resolve file:///D:/PA/IceBear_PA_2024/3D/BilliardPuzzle/BilliardPuzzle_OP10/BilliardPuzzle_OP10/assets/Scripts/Utility3D/Responsive.ts from cce:/internal/x/prerequisite-imports as file:///D:/PA/IceBear_PA_2024/3D/BilliardPuzzle/BilliardPuzzle_OP10/BilliardPuzzle_OP10/assets/Scripts/Utility3D/Responsive.ts.
debug: Resolve file:///D:/PA/IceBear_PA_2024/3D/BilliardPuzzle/BilliardPuzzle_OP10/BilliardPuzzle_OP10/assets/Scripts/Utility3D/Singleton.ts from cce:/internal/x/prerequisite-imports as file:///D:/PA/IceBear_PA_2024/3D/BilliardPuzzle/BilliardPuzzle_OP10/BilliardPuzzle_OP10/assets/Scripts/Utility3D/Singleton.ts.
debug: Resolve file:///D:/PA/IceBear_PA_2024/3D/BilliardPuzzle/BilliardPuzzle_OP10/BilliardPuzzle_OP10/assets/Scripts/Utility3D/SoundManager.ts from cce:/internal/x/prerequisite-imports as file:///D:/PA/IceBear_PA_2024/3D/BilliardPuzzle/BilliardPuzzle_OP10/BilliardPuzzle_OP10/assets/Scripts/Utility3D/SoundManager.ts.
debug: Resolve file:///D:/PA/IceBear_PA_2024/3D/BilliardPuzzle/BilliardPuzzle_OP10/BilliardPuzzle_OP10/assets/Scripts/Utility3D/Utility.ts from cce:/internal/x/prerequisite-imports as file:///D:/PA/IceBear_PA_2024/3D/BilliardPuzzle/BilliardPuzzle_OP10/BilliardPuzzle_OP10/assets/Scripts/Utility3D/Utility.ts.
debug: Detected change: cce:/internal/code-quality/cr.mjs. Last mtime: Fri Nov 22 2024 21:55:37 GMT+0700 (Indochina Time), Current mtime: Tue Nov 26 2024 22:52:56 GMT+0700 (Indochina Time)
debug: Inspect cce:/internal/code-quality/cr.mjs
debug: Detected change: file:///D:/PA/IceBear_PA_2024/3D/BilliardPuzzle/BilliardPuzzle_OP10/BilliardPuzzle_OP10/assets/Scripts/Utility3D/Observer/EventManager.ts. Last mtime: Mon Jul 15 2024 15:09:53 GMT+0700 (Indochina Time)@9a57eed8-5527-4b76-a5ad-1bfd3fdf958f, Current mtime: Tue Nov 26 2024 22:45:45 GMT+0700 (Indochina Time)@9a57eed8-5527-4b76-a5ad-1bfd3fdf958f
debug: Inspect file:///D:/PA/IceBear_PA_2024/3D/BilliardPuzzle/BilliardPuzzle_OP10/BilliardPuzzle_OP10/assets/Scripts/Utility3D/Observer/EventManager.ts
debug: Resolve cc from file:///D:/PA/IceBear_PA_2024/3D/BilliardPuzzle/BilliardPuzzle_OP10/BilliardPuzzle_OP10/assets/Scripts/Utility3D/Observer/EventManager.ts as cce:/internal/x/cc.
debug: Resolve cc from file:///D:/PA/IceBear_PA_2024/3D/BilliardPuzzle/BilliardPuzzle_OP10/BilliardPuzzle_OP10/assets/Scripts/Utility3D/Observer/EventManager.ts as cce:/internal/x/cc.
debug: Target(preview) ends with cost 151.0358000099659ms.
