debug: Wed, 29 Jan 2025 16:28:15 GMT
debug: Project: D:\PA\IceBear_PA_2024\3D\HexaSort\HexaSort_FullProject
debug: Targets: editor,preview
debug: Incremental file seems great.
debug: Engine path: C:\ProgramData\cocos\editors\Creator\3.4.2\resources\resources\3d\engine
debug: Initializing target [Editor]
debug: Loading cache
debug: Loading cache costs 2.688500165939331ms.
debug: Engine features shipped in editor: base,gfx-webgl,gfx-webgl2,3d,2d,ui,particle,particle-2d,physics-framework,physics-2d-framework,intersection-2d,primitive,profiler,audio,video,terrain,webview,tween,tiled-map,spine,dragon-bones,marionette
debug: Initializing target [Preview]
debug: Loading cache
debug: Loading cache costs 2.0947999954223633ms.
debug: Sync engine features: 2d,3d,audio,base,dragon-bones,gfx-webgl,gfx-webgl2,intersection-2d,marionette,particle,particle-2d,physics-2d-box2d,physics-cannon,primitive,profiler,spine,terrain,tiled-map,tween,ui,video,webview
debug: Pulling asset-db.
debug: Fetch asset-db cost: 21.432199954986572ms.
debug: Build iteration starts.
Number of accumulated asset changes: 16
Feature changed: false
debug: Target(editor) build started.
debug: Detected change: cce:/internal/x/cc. Last mtime: Thu Jan 01 1970 07:00:07 GMT+0700 (Indochina Time), Current mtime: Thu Jan 01 1970 07:00:05 GMT+0700 (Indochina Time)
debug: Inspect cce:/internal/x/cc
debug: Resolve cce:/internal/x/cc-fu/base from cce:/internal/x/cc as external dependency cce:/internal/x/cc-fu/base.
debug: Resolve cce:/internal/x/cc-fu/gfx-webgl from cce:/internal/x/cc as external dependency cce:/internal/x/cc-fu/gfx-webgl.
debug: Resolve cce:/internal/x/cc-fu/gfx-webgl2 from cce:/internal/x/cc as external dependency cce:/internal/x/cc-fu/gfx-webgl2.
debug: Resolve cce:/internal/x/cc-fu/3d from cce:/internal/x/cc as external dependency cce:/internal/x/cc-fu/3d.
debug: Resolve cce:/internal/x/cc-fu/2d from cce:/internal/x/cc as external dependency cce:/internal/x/cc-fu/2d.
debug: Resolve cce:/internal/x/cc-fu/ui from cce:/internal/x/cc as external dependency cce:/internal/x/cc-fu/ui.
debug: Resolve cce:/internal/x/cc-fu/particle from cce:/internal/x/cc as external dependency cce:/internal/x/cc-fu/particle.
debug: Resolve cce:/internal/x/cc-fu/particle-2d from cce:/internal/x/cc as external dependency cce:/internal/x/cc-fu/particle-2d.
debug: Resolve cce:/internal/x/cc-fu/physics-framework from cce:/internal/x/cc as external dependency cce:/internal/x/cc-fu/physics-framework.
debug: Resolve cce:/internal/x/cc-fu/physics-2d-framework from cce:/internal/x/cc as external dependency cce:/internal/x/cc-fu/physics-2d-framework.
debug: Resolve cce:/internal/x/cc-fu/intersection-2d from cce:/internal/x/cc as external dependency cce:/internal/x/cc-fu/intersection-2d.
debug: Resolve cce:/internal/x/cc-fu/primitive from cce:/internal/x/cc as external dependency cce:/internal/x/cc-fu/primitive.
debug: Resolve cce:/internal/x/cc-fu/profiler from cce:/internal/x/cc as external dependency cce:/internal/x/cc-fu/profiler.
debug: Resolve cce:/internal/x/cc-fu/audio from cce:/internal/x/cc as external dependency cce:/internal/x/cc-fu/audio.
debug: Resolve cce:/internal/x/cc-fu/video from cce:/internal/x/cc as external dependency cce:/internal/x/cc-fu/video.
debug: Resolve cce:/internal/x/cc-fu/terrain from cce:/internal/x/cc as external dependency cce:/internal/x/cc-fu/terrain.
debug: Resolve cce:/internal/x/cc-fu/webview from cce:/internal/x/cc as external dependency cce:/internal/x/cc-fu/webview.
debug: Resolve cce:/internal/x/cc-fu/tween from cce:/internal/x/cc as external dependency cce:/internal/x/cc-fu/tween.
debug: Resolve cce:/internal/x/cc-fu/tiled-map from cce:/internal/x/cc as external dependency cce:/internal/x/cc-fu/tiled-map.
debug: Resolve cce:/internal/x/cc-fu/spine from cce:/internal/x/cc as external dependency cce:/internal/x/cc-fu/spine.
debug: Resolve cce:/internal/x/cc-fu/dragon-bones from cce:/internal/x/cc as external dependency cce:/internal/x/cc-fu/dragon-bones.
debug: Detected change: cce:/internal/x/prerequisite-imports. Last mtime: Thu Jan 01 1970 07:00:54 GMT+0700 (Indochina Time), Current mtime: Thu Jan 01 1970 07:00:14 GMT+0700 (Indochina Time)
debug: Inspect cce:/internal/x/prerequisite-imports
debug: Resolve file:///D:/PA/IceBear_PA_2024/3D/HexaSort/HexaSort_FullProject/assets/Scripts/AdHelper/IronSource.ts from cce:/internal/x/prerequisite-imports as file:///D:/PA/IceBear_PA_2024/3D/HexaSort/HexaSort_FullProject/assets/Scripts/AdHelper/IronSource.ts.
debug: Resolve file:///D:/PA/IceBear_PA_2024/3D/HexaSort/HexaSort_FullProject/assets/Scripts/Const/CONST.ts from cce:/internal/x/prerequisite-imports as file:///D:/PA/IceBear_PA_2024/3D/HexaSort/HexaSort_FullProject/assets/Scripts/Const/CONST.ts.
debug: Resolve file:///D:/PA/IceBear_PA_2024/3D/HexaSort/HexaSort_FullProject/assets/Scripts/Const/GameInfo.ts from cce:/internal/x/prerequisite-imports as file:///D:/PA/IceBear_PA_2024/3D/HexaSort/HexaSort_FullProject/assets/Scripts/Const/GameInfo.ts.
debug: Resolve file:///D:/PA/IceBear_PA_2024/3D/HexaSort/HexaSort_FullProject/assets/Scripts/Controller/BrickController.ts from cce:/internal/x/prerequisite-imports as file:///D:/PA/IceBear_PA_2024/3D/HexaSort/HexaSort_FullProject/assets/Scripts/Controller/BrickController.ts.
debug: Resolve file:///D:/PA/IceBear_PA_2024/3D/HexaSort/HexaSort_FullProject/assets/Scripts/Controller/GameController.ts from cce:/internal/x/prerequisite-imports as file:///D:/PA/IceBear_PA_2024/3D/HexaSort/HexaSort_FullProject/assets/Scripts/Controller/GameController.ts.
debug: Resolve file:///D:/PA/IceBear_PA_2024/3D/HexaSort/HexaSort_FullProject/assets/Scripts/Controller/SoundController.ts from cce:/internal/x/prerequisite-imports as file:///D:/PA/IceBear_PA_2024/3D/HexaSort/HexaSort_FullProject/assets/Scripts/Controller/SoundController.ts.
debug: Resolve file:///D:/PA/IceBear_PA_2024/3D/HexaSort/HexaSort_FullProject/assets/Scripts/Controller/UIGameController.ts from cce:/internal/x/prerequisite-imports as file:///D:/PA/IceBear_PA_2024/3D/HexaSort/HexaSort_FullProject/assets/Scripts/Controller/UIGameController.ts.
debug: Resolve file:///D:/PA/IceBear_PA_2024/3D/HexaSort/HexaSort_FullProject/assets/Scripts/GamePlay/AutoSpawnBricks.ts from cce:/internal/x/prerequisite-imports as file:///D:/PA/IceBear_PA_2024/3D/HexaSort/HexaSort_FullProject/assets/Scripts/GamePlay/AutoSpawnBricks.ts.
debug: Resolve file:///D:/PA/IceBear_PA_2024/3D/HexaSort/HexaSort_FullProject/assets/Scripts/GamePlay/BricksUI.ts from cce:/internal/x/prerequisite-imports as file:///D:/PA/IceBear_PA_2024/3D/HexaSort/HexaSort_FullProject/assets/Scripts/GamePlay/BricksUI.ts.
debug: Resolve file:///D:/PA/IceBear_PA_2024/3D/HexaSort/HexaSort_FullProject/assets/Scripts/GamePlay/GamePlay.ts from cce:/internal/x/prerequisite-imports as file:///D:/PA/IceBear_PA_2024/3D/HexaSort/HexaSort_FullProject/assets/Scripts/GamePlay/GamePlay.ts.
debug: Resolve file:///D:/PA/IceBear_PA_2024/3D/HexaSort/HexaSort_FullProject/assets/Scripts/GamePlay/HideMask.ts from cce:/internal/x/prerequisite-imports as file:///D:/PA/IceBear_PA_2024/3D/HexaSort/HexaSort_FullProject/assets/Scripts/GamePlay/HideMask.ts.
debug: Resolve file:///D:/PA/IceBear_PA_2024/3D/HexaSort/HexaSort_FullProject/assets/Scripts/Others/HandleLogicGamePlay.ts from cce:/internal/x/prerequisite-imports as file:///D:/PA/IceBear_PA_2024/3D/HexaSort/HexaSort_FullProject/assets/Scripts/Others/HandleLogicGamePlay.ts.
debug: Resolve file:///D:/PA/IceBear_PA_2024/3D/HexaSort/HexaSort_FullProject/assets/Scripts/Utils/EnablePhysics.ts from cce:/internal/x/prerequisite-imports as file:///D:/PA/IceBear_PA_2024/3D/HexaSort/HexaSort_FullProject/assets/Scripts/Utils/EnablePhysics.ts.
debug: Resolve file:///D:/PA/IceBear_PA_2024/3D/HexaSort/HexaSort_FullProject/assets/Scripts/Utils/Responsive.ts from cce:/internal/x/prerequisite-imports as file:///D:/PA/IceBear_PA_2024/3D/HexaSort/HexaSort_FullProject/assets/Scripts/Utils/Responsive.ts.
debug: Resolve file:///D:/PA/IceBear_PA_2024/3D/HexaSort/HexaSort_FullProject/assets/Scripts/Utils/Singleton.ts from cce:/internal/x/prerequisite-imports as file:///D:/PA/IceBear_PA_2024/3D/HexaSort/HexaSort_FullProject/assets/Scripts/Utils/Singleton.ts.
debug: Resolve file:///D:/PA/IceBear_PA_2024/3D/HexaSort/HexaSort_FullProject/assets/Scripts/Utils/Utility.ts from cce:/internal/x/prerequisite-imports as file:///D:/PA/IceBear_PA_2024/3D/HexaSort/HexaSort_FullProject/assets/Scripts/Utils/Utility.ts.
debug: Inspect file:///D:/PA/IceBear_PA_2024/3D/HexaSort/HexaSort_FullProject/assets/Scripts/AdHelper/IronSource.ts
debug: Inspect file:///D:/PA/IceBear_PA_2024/3D/HexaSort/HexaSort_FullProject/assets/Scripts/Const/CONST.ts
debug: Inspect file:///D:/PA/IceBear_PA_2024/3D/HexaSort/HexaSort_FullProject/assets/Scripts/Const/GameInfo.ts
debug: Inspect file:///D:/PA/IceBear_PA_2024/3D/HexaSort/HexaSort_FullProject/assets/Scripts/Controller/BrickController.ts
debug: Inspect file:///D:/PA/IceBear_PA_2024/3D/HexaSort/HexaSort_FullProject/assets/Scripts/Controller/GameController.ts
debug: Inspect file:///D:/PA/IceBear_PA_2024/3D/HexaSort/HexaSort_FullProject/assets/Scripts/Controller/SoundController.ts
debug: Inspect file:///D:/PA/IceBear_PA_2024/3D/HexaSort/HexaSort_FullProject/assets/Scripts/Controller/UIGameController.ts
debug: Inspect file:///D:/PA/IceBear_PA_2024/3D/HexaSort/HexaSort_FullProject/assets/Scripts/GamePlay/AutoSpawnBricks.ts
debug: Inspect file:///D:/PA/IceBear_PA_2024/3D/HexaSort/HexaSort_FullProject/assets/Scripts/GamePlay/BricksUI.ts
debug: Inspect file:///D:/PA/IceBear_PA_2024/3D/HexaSort/HexaSort_FullProject/assets/Scripts/GamePlay/GamePlay.ts
debug: Inspect file:///D:/PA/IceBear_PA_2024/3D/HexaSort/HexaSort_FullProject/assets/Scripts/GamePlay/HideMask.ts
debug: Inspect file:///D:/PA/IceBear_PA_2024/3D/HexaSort/HexaSort_FullProject/assets/Scripts/Others/HandleLogicGamePlay.ts
debug: Inspect file:///D:/PA/IceBear_PA_2024/3D/HexaSort/HexaSort_FullProject/assets/Scripts/Utils/EnablePhysics.ts
debug: Inspect file:///D:/PA/IceBear_PA_2024/3D/HexaSort/HexaSort_FullProject/assets/Scripts/Utils/Responsive.ts
debug: Inspect file:///D:/PA/IceBear_PA_2024/3D/HexaSort/HexaSort_FullProject/assets/Scripts/Utils/Singleton.ts
debug: Inspect file:///D:/PA/IceBear_PA_2024/3D/HexaSort/HexaSort_FullProject/assets/Scripts/Utils/Utility.ts
debug: Resolve cce:/internal/code-quality/cr.mjs from file:///D:/PA/IceBear_PA_2024/3D/HexaSort/HexaSort_FullProject/assets/Scripts/AdHelper/IronSource.ts as cce:/internal/code-quality/cr.mjs.
debug: Resolve cc from file:///D:/PA/IceBear_PA_2024/3D/HexaSort/HexaSort_FullProject/assets/Scripts/AdHelper/IronSource.ts as cce:/internal/x/cc.
debug: Detected change: cce:/internal/code-quality/cr.mjs. Last mtime: Wed Jan 29 2025 23:26:25 GMT+0700 (Indochina Time), Current mtime: Wed Jan 29 2025 23:28:09 GMT+0700 (Indochina Time)
debug: Inspect cce:/internal/code-quality/cr.mjs
debug: Resolve cc from file:///D:/PA/IceBear_PA_2024/3D/HexaSort/HexaSort_FullProject/assets/Scripts/Const/CONST.ts as cce:/internal/x/cc.
debug: Resolve cc from file:///D:/PA/IceBear_PA_2024/3D/HexaSort/HexaSort_FullProject/assets/Scripts/Controller/BrickController.ts as cce:/internal/x/cc.
debug: Resolve cc from file:///D:/PA/IceBear_PA_2024/3D/HexaSort/HexaSort_FullProject/assets/Scripts/Controller/BrickController.ts as cce:/internal/x/cc.
debug: Resolve cc from file:///D:/PA/IceBear_PA_2024/3D/HexaSort/HexaSort_FullProject/assets/Scripts/GamePlay/AutoSpawnBricks.ts as cce:/internal/x/cc.
debug: Resolve cc from file:///D:/PA/IceBear_PA_2024/3D/HexaSort/HexaSort_FullProject/assets/Scripts/GamePlay/AutoSpawnBricks.ts as cce:/internal/x/cc.
debug: Resolve cce:/internal/code-quality/cr.mjs from file:///D:/PA/IceBear_PA_2024/3D/HexaSort/HexaSort_FullProject/assets/Scripts/Controller/GameController.ts as cce:/internal/code-quality/cr.mjs.
debug: Resolve cc from file:///D:/PA/IceBear_PA_2024/3D/HexaSort/HexaSort_FullProject/assets/Scripts/Controller/GameController.ts as cce:/internal/x/cc.
debug: Resolve cc from file:///D:/PA/IceBear_PA_2024/3D/HexaSort/HexaSort_FullProject/assets/Scripts/Controller/GameController.ts as cce:/internal/x/cc.
debug: Resolve cce:/internal/code-quality/cr.mjs from file:///D:/PA/IceBear_PA_2024/3D/HexaSort/HexaSort_FullProject/assets/Scripts/Controller/SoundController.ts as cce:/internal/code-quality/cr.mjs.
debug: Resolve cc from file:///D:/PA/IceBear_PA_2024/3D/HexaSort/HexaSort_FullProject/assets/Scripts/Controller/SoundController.ts as cce:/internal/x/cc.
debug: Resolve cc from file:///D:/PA/IceBear_PA_2024/3D/HexaSort/HexaSort_FullProject/assets/Scripts/Controller/SoundController.ts as cce:/internal/x/cc.
debug: Resolve cce:/internal/code-quality/cr.mjs from file:///D:/PA/IceBear_PA_2024/3D/HexaSort/HexaSort_FullProject/assets/Scripts/Controller/UIGameController.ts as cce:/internal/code-quality/cr.mjs.
debug: Resolve cc from file:///D:/PA/IceBear_PA_2024/3D/HexaSort/HexaSort_FullProject/assets/Scripts/Controller/UIGameController.ts as cce:/internal/x/cc.
debug: Resolve cc from file:///D:/PA/IceBear_PA_2024/3D/HexaSort/HexaSort_FullProject/assets/Scripts/Controller/UIGameController.ts as cce:/internal/x/cc.
debug: Resolve cc from file:///D:/PA/IceBear_PA_2024/3D/HexaSort/HexaSort_FullProject/assets/Scripts/Others/HandleLogicGamePlay.ts as cce:/internal/x/cc.
debug: Resolve cc from file:///D:/PA/IceBear_PA_2024/3D/HexaSort/HexaSort_FullProject/assets/Scripts/Others/HandleLogicGamePlay.ts as cce:/internal/x/cc.
debug: Resolve cc from file:///D:/PA/IceBear_PA_2024/3D/HexaSort/HexaSort_FullProject/assets/Scripts/GamePlay/GamePlay.ts as cce:/internal/x/cc.
debug: Resolve cc from file:///D:/PA/IceBear_PA_2024/3D/HexaSort/HexaSort_FullProject/assets/Scripts/GamePlay/GamePlay.ts as cce:/internal/x/cc.
debug: Resolve cce:/internal/code-quality/cr.mjs from file:///D:/PA/IceBear_PA_2024/3D/HexaSort/HexaSort_FullProject/assets/Scripts/GamePlay/HideMask.ts as cce:/internal/code-quality/cr.mjs.
debug: Resolve cc from file:///D:/PA/IceBear_PA_2024/3D/HexaSort/HexaSort_FullProject/assets/Scripts/GamePlay/HideMask.ts as cce:/internal/x/cc.
debug: Resolve cc from file:///D:/PA/IceBear_PA_2024/3D/HexaSort/HexaSort_FullProject/assets/Scripts/GamePlay/HideMask.ts as cce:/internal/x/cc.
debug: Resolve cc from file:///D:/PA/IceBear_PA_2024/3D/HexaSort/HexaSort_FullProject/assets/Scripts/Utils/EnablePhysics.ts as cce:/internal/x/cc.
debug: Resolve cc from file:///D:/PA/IceBear_PA_2024/3D/HexaSort/HexaSort_FullProject/assets/Scripts/Utils/EnablePhysics.ts as cce:/internal/x/cc.
debug: Resolve cc from file:///D:/PA/IceBear_PA_2024/3D/HexaSort/HexaSort_FullProject/assets/Scripts/Utils/Responsive.ts as cce:/internal/x/cc.
debug: Resolve cc from file:///D:/PA/IceBear_PA_2024/3D/HexaSort/HexaSort_FullProject/assets/Scripts/Utils/Responsive.ts as cce:/internal/x/cc.
debug: Resolve cc from file:///D:/PA/IceBear_PA_2024/3D/HexaSort/HexaSort_FullProject/assets/Scripts/Const/GameInfo.ts as cce:/internal/x/cc.
debug: Resolve cc from file:///D:/PA/IceBear_PA_2024/3D/HexaSort/HexaSort_FullProject/assets/Scripts/GamePlay/BricksUI.ts as cce:/internal/x/cc.
debug: Resolve cc from file:///D:/PA/IceBear_PA_2024/3D/HexaSort/HexaSort_FullProject/assets/Scripts/GamePlay/BricksUI.ts as cce:/internal/x/cc.
debug: Resolve cc from file:///D:/PA/IceBear_PA_2024/3D/HexaSort/HexaSort_FullProject/assets/Scripts/Utils/Utility.ts as cce:/internal/x/cc.
debug: Resolve cc from file:///D:/PA/IceBear_PA_2024/3D/HexaSort/HexaSort_FullProject/assets/Scripts/Utils/Utility.ts as cce:/internal/x/cc.
debug: Resolve cc from file:///D:/PA/IceBear_PA_2024/3D/HexaSort/HexaSort_FullProject/assets/Scripts/Utils/Singleton.ts as cce:/internal/x/cc.
debug: Resolve cc from file:///D:/PA/IceBear_PA_2024/3D/HexaSort/HexaSort_FullProject/assets/Scripts/Utils/Singleton.ts as cce:/internal/x/cc.
debug: Resolve ../Controller/SoundController from file:///D:/PA/IceBear_PA_2024/3D/HexaSort/HexaSort_FullProject/assets/Scripts/AdHelper/IronSource.ts as file:///D:/PA/IceBear_PA_2024/3D/HexaSort/HexaSort_FullProject/assets/Scripts/Controller/SoundController.ts.
debug: Resolve ../Const/CONST from file:///D:/PA/IceBear_PA_2024/3D/HexaSort/HexaSort_FullProject/assets/Scripts/AdHelper/IronSource.ts as file:///D:/PA/IceBear_PA_2024/3D/HexaSort/HexaSort_FullProject/assets/Scripts/Const/CONST.ts.
debug: Resolve ./SoundController from file:///D:/PA/IceBear_PA_2024/3D/HexaSort/HexaSort_FullProject/assets/Scripts/Controller/GameController.ts as file:///D:/PA/IceBear_PA_2024/3D/HexaSort/HexaSort_FullProject/assets/Scripts/Controller/SoundController.ts.
debug: Resolve ../AdHelper/IronSource from file:///D:/PA/IceBear_PA_2024/3D/HexaSort/HexaSort_FullProject/assets/Scripts/Controller/GameController.ts as file:///D:/PA/IceBear_PA_2024/3D/HexaSort/HexaSort_FullProject/assets/Scripts/AdHelper/IronSource.ts.
debug: Resolve ../Utils/Singleton from file:///D:/PA/IceBear_PA_2024/3D/HexaSort/HexaSort_FullProject/assets/Scripts/Controller/SoundController.ts as file:///D:/PA/IceBear_PA_2024/3D/HexaSort/HexaSort_FullProject/assets/Scripts/Utils/Singleton.ts.
debug: Resolve ../AdHelper/IronSource from file:///D:/PA/IceBear_PA_2024/3D/HexaSort/HexaSort_FullProject/assets/Scripts/Controller/SoundController.ts as file:///D:/PA/IceBear_PA_2024/3D/HexaSort/HexaSort_FullProject/assets/Scripts/AdHelper/IronSource.ts.
debug: Resolve ../Const/GameInfo from file:///D:/PA/IceBear_PA_2024/3D/HexaSort/HexaSort_FullProject/assets/Scripts/Controller/UIGameController.ts as file:///D:/PA/IceBear_PA_2024/3D/HexaSort/HexaSort_FullProject/assets/Scripts/Const/GameInfo.ts.
debug: Resolve ./SoundController from file:///D:/PA/IceBear_PA_2024/3D/HexaSort/HexaSort_FullProject/assets/Scripts/Controller/UIGameController.ts as file:///D:/PA/IceBear_PA_2024/3D/HexaSort/HexaSort_FullProject/assets/Scripts/Controller/SoundController.ts.
debug: Resolve ../Const/CONST from file:///D:/PA/IceBear_PA_2024/3D/HexaSort/HexaSort_FullProject/assets/Scripts/Controller/UIGameController.ts as file:///D:/PA/IceBear_PA_2024/3D/HexaSort/HexaSort_FullProject/assets/Scripts/Const/CONST.ts.
debug: Resolve ./GameController from file:///D:/PA/IceBear_PA_2024/3D/HexaSort/HexaSort_FullProject/assets/Scripts/Controller/UIGameController.ts as file:///D:/PA/IceBear_PA_2024/3D/HexaSort/HexaSort_FullProject/assets/Scripts/Controller/GameController.ts.
debug: Resolve ../AdHelper/IronSource from file:///D:/PA/IceBear_PA_2024/3D/HexaSort/HexaSort_FullProject/assets/Scripts/GamePlay/HideMask.ts as file:///D:/PA/IceBear_PA_2024/3D/HexaSort/HexaSort_FullProject/assets/Scripts/AdHelper/IronSource.ts.
debug: Resolve ../Const/GameInfo from file:///D:/PA/IceBear_PA_2024/3D/HexaSort/HexaSort_FullProject/assets/Scripts/GamePlay/HideMask.ts as file:///D:/PA/IceBear_PA_2024/3D/HexaSort/HexaSort_FullProject/assets/Scripts/Const/GameInfo.ts.
debug: Resolve ../Utils/Utility from file:///D:/PA/IceBear_PA_2024/3D/HexaSort/HexaSort_FullProject/assets/Scripts/GamePlay/HideMask.ts as file:///D:/PA/IceBear_PA_2024/3D/HexaSort/HexaSort_FullProject/assets/Scripts/Utils/Utility.ts.
debug: Resolve ../Controller/UIGameController from file:///D:/PA/IceBear_PA_2024/3D/HexaSort/HexaSort_FullProject/assets/Scripts/GamePlay/HideMask.ts as file:///D:/PA/IceBear_PA_2024/3D/HexaSort/HexaSort_FullProject/assets/Scripts/Controller/UIGameController.ts.
debug: Resolve ../Controller/GameController from file:///D:/PA/IceBear_PA_2024/3D/HexaSort/HexaSort_FullProject/assets/Scripts/GamePlay/HideMask.ts as file:///D:/PA/IceBear_PA_2024/3D/HexaSort/HexaSort_FullProject/assets/Scripts/Controller/GameController.ts.
debug: Target(editor) ends with cost 679.3090999126434ms.
debug: Target(preview) build started.
debug: Detected change: cce:/internal/x/cc. Last mtime: Thu Jan 01 1970 07:00:07 GMT+0700 (Indochina Time), Current mtime: Thu Jan 01 1970 07:00:05 GMT+0700 (Indochina Time)
debug: Inspect cce:/internal/x/cc
debug: Resolve cce:/internal/x/cc-fu/2d from cce:/internal/x/cc as external dependency cce:/internal/x/cc-fu/2d.
debug: Resolve cce:/internal/x/cc-fu/3d from cce:/internal/x/cc as external dependency cce:/internal/x/cc-fu/3d.
debug: Resolve cce:/internal/x/cc-fu/audio from cce:/internal/x/cc as external dependency cce:/internal/x/cc-fu/audio.
debug: Resolve cce:/internal/x/cc-fu/base from cce:/internal/x/cc as external dependency cce:/internal/x/cc-fu/base.
debug: Resolve cce:/internal/x/cc-fu/dragon-bones from cce:/internal/x/cc as external dependency cce:/internal/x/cc-fu/dragon-bones.
debug: Resolve cce:/internal/x/cc-fu/gfx-webgl from cce:/internal/x/cc as external dependency cce:/internal/x/cc-fu/gfx-webgl.
debug: Resolve cce:/internal/x/cc-fu/gfx-webgl2 from cce:/internal/x/cc as external dependency cce:/internal/x/cc-fu/gfx-webgl2.
debug: Resolve cce:/internal/x/cc-fu/intersection-2d from cce:/internal/x/cc as external dependency cce:/internal/x/cc-fu/intersection-2d.
debug: Resolve cce:/internal/x/cc-fu/particle from cce:/internal/x/cc as external dependency cce:/internal/x/cc-fu/particle.
debug: Resolve cce:/internal/x/cc-fu/particle-2d from cce:/internal/x/cc as external dependency cce:/internal/x/cc-fu/particle-2d.
debug: Resolve cce:/internal/x/cc-fu/physics-2d-box2d from cce:/internal/x/cc as external dependency cce:/internal/x/cc-fu/physics-2d-box2d.
debug: Resolve cce:/internal/x/cc-fu/physics-2d-framework from cce:/internal/x/cc as external dependency cce:/internal/x/cc-fu/physics-2d-framework.
debug: Resolve cce:/internal/x/cc-fu/physics-cannon from cce:/internal/x/cc as external dependency cce:/internal/x/cc-fu/physics-cannon.
debug: Resolve cce:/internal/x/cc-fu/physics-framework from cce:/internal/x/cc as external dependency cce:/internal/x/cc-fu/physics-framework.
debug: Resolve cce:/internal/x/cc-fu/primitive from cce:/internal/x/cc as external dependency cce:/internal/x/cc-fu/primitive.
debug: Resolve cce:/internal/x/cc-fu/profiler from cce:/internal/x/cc as external dependency cce:/internal/x/cc-fu/profiler.
debug: Resolve cce:/internal/x/cc-fu/spine from cce:/internal/x/cc as external dependency cce:/internal/x/cc-fu/spine.
debug: Resolve cce:/internal/x/cc-fu/terrain from cce:/internal/x/cc as external dependency cce:/internal/x/cc-fu/terrain.
debug: Resolve cce:/internal/x/cc-fu/tiled-map from cce:/internal/x/cc as external dependency cce:/internal/x/cc-fu/tiled-map.
debug: Resolve cce:/internal/x/cc-fu/tween from cce:/internal/x/cc as external dependency cce:/internal/x/cc-fu/tween.
debug: Resolve cce:/internal/x/cc-fu/ui from cce:/internal/x/cc as external dependency cce:/internal/x/cc-fu/ui.
debug: Resolve cce:/internal/x/cc-fu/video from cce:/internal/x/cc as external dependency cce:/internal/x/cc-fu/video.
debug: Resolve cce:/internal/x/cc-fu/webview from cce:/internal/x/cc as external dependency cce:/internal/x/cc-fu/webview.
debug: Detected change: cce:/internal/x/prerequisite-imports. Last mtime: Thu Jan 01 1970 07:00:54 GMT+0700 (Indochina Time), Current mtime: Thu Jan 01 1970 07:00:14 GMT+0700 (Indochina Time)
debug: Inspect cce:/internal/x/prerequisite-imports
debug: Resolve file:///D:/PA/IceBear_PA_2024/3D/HexaSort/HexaSort_FullProject/assets/Scripts/AdHelper/IronSource.ts from cce:/internal/x/prerequisite-imports as file:///D:/PA/IceBear_PA_2024/3D/HexaSort/HexaSort_FullProject/assets/Scripts/AdHelper/IronSource.ts.
debug: Resolve file:///D:/PA/IceBear_PA_2024/3D/HexaSort/HexaSort_FullProject/assets/Scripts/Const/CONST.ts from cce:/internal/x/prerequisite-imports as file:///D:/PA/IceBear_PA_2024/3D/HexaSort/HexaSort_FullProject/assets/Scripts/Const/CONST.ts.
debug: Resolve file:///D:/PA/IceBear_PA_2024/3D/HexaSort/HexaSort_FullProject/assets/Scripts/Const/GameInfo.ts from cce:/internal/x/prerequisite-imports as file:///D:/PA/IceBear_PA_2024/3D/HexaSort/HexaSort_FullProject/assets/Scripts/Const/GameInfo.ts.
debug: Resolve file:///D:/PA/IceBear_PA_2024/3D/HexaSort/HexaSort_FullProject/assets/Scripts/Controller/BrickController.ts from cce:/internal/x/prerequisite-imports as file:///D:/PA/IceBear_PA_2024/3D/HexaSort/HexaSort_FullProject/assets/Scripts/Controller/BrickController.ts.
debug: Resolve file:///D:/PA/IceBear_PA_2024/3D/HexaSort/HexaSort_FullProject/assets/Scripts/Controller/GameController.ts from cce:/internal/x/prerequisite-imports as file:///D:/PA/IceBear_PA_2024/3D/HexaSort/HexaSort_FullProject/assets/Scripts/Controller/GameController.ts.
debug: Resolve file:///D:/PA/IceBear_PA_2024/3D/HexaSort/HexaSort_FullProject/assets/Scripts/Controller/SoundController.ts from cce:/internal/x/prerequisite-imports as file:///D:/PA/IceBear_PA_2024/3D/HexaSort/HexaSort_FullProject/assets/Scripts/Controller/SoundController.ts.
debug: Resolve file:///D:/PA/IceBear_PA_2024/3D/HexaSort/HexaSort_FullProject/assets/Scripts/Controller/UIGameController.ts from cce:/internal/x/prerequisite-imports as file:///D:/PA/IceBear_PA_2024/3D/HexaSort/HexaSort_FullProject/assets/Scripts/Controller/UIGameController.ts.
debug: Resolve file:///D:/PA/IceBear_PA_2024/3D/HexaSort/HexaSort_FullProject/assets/Scripts/GamePlay/AutoSpawnBricks.ts from cce:/internal/x/prerequisite-imports as file:///D:/PA/IceBear_PA_2024/3D/HexaSort/HexaSort_FullProject/assets/Scripts/GamePlay/AutoSpawnBricks.ts.
debug: Resolve file:///D:/PA/IceBear_PA_2024/3D/HexaSort/HexaSort_FullProject/assets/Scripts/GamePlay/BricksUI.ts from cce:/internal/x/prerequisite-imports as file:///D:/PA/IceBear_PA_2024/3D/HexaSort/HexaSort_FullProject/assets/Scripts/GamePlay/BricksUI.ts.
debug: Resolve file:///D:/PA/IceBear_PA_2024/3D/HexaSort/HexaSort_FullProject/assets/Scripts/GamePlay/GamePlay.ts from cce:/internal/x/prerequisite-imports as file:///D:/PA/IceBear_PA_2024/3D/HexaSort/HexaSort_FullProject/assets/Scripts/GamePlay/GamePlay.ts.
debug: Resolve file:///D:/PA/IceBear_PA_2024/3D/HexaSort/HexaSort_FullProject/assets/Scripts/GamePlay/HideMask.ts from cce:/internal/x/prerequisite-imports as file:///D:/PA/IceBear_PA_2024/3D/HexaSort/HexaSort_FullProject/assets/Scripts/GamePlay/HideMask.ts.
debug: Resolve file:///D:/PA/IceBear_PA_2024/3D/HexaSort/HexaSort_FullProject/assets/Scripts/Others/HandleLogicGamePlay.ts from cce:/internal/x/prerequisite-imports as file:///D:/PA/IceBear_PA_2024/3D/HexaSort/HexaSort_FullProject/assets/Scripts/Others/HandleLogicGamePlay.ts.
debug: Resolve file:///D:/PA/IceBear_PA_2024/3D/HexaSort/HexaSort_FullProject/assets/Scripts/Utils/EnablePhysics.ts from cce:/internal/x/prerequisite-imports as file:///D:/PA/IceBear_PA_2024/3D/HexaSort/HexaSort_FullProject/assets/Scripts/Utils/EnablePhysics.ts.
debug: Resolve file:///D:/PA/IceBear_PA_2024/3D/HexaSort/HexaSort_FullProject/assets/Scripts/Utils/Responsive.ts from cce:/internal/x/prerequisite-imports as file:///D:/PA/IceBear_PA_2024/3D/HexaSort/HexaSort_FullProject/assets/Scripts/Utils/Responsive.ts.
debug: Resolve file:///D:/PA/IceBear_PA_2024/3D/HexaSort/HexaSort_FullProject/assets/Scripts/Utils/Singleton.ts from cce:/internal/x/prerequisite-imports as file:///D:/PA/IceBear_PA_2024/3D/HexaSort/HexaSort_FullProject/assets/Scripts/Utils/Singleton.ts.
debug: Resolve file:///D:/PA/IceBear_PA_2024/3D/HexaSort/HexaSort_FullProject/assets/Scripts/Utils/Utility.ts from cce:/internal/x/prerequisite-imports as file:///D:/PA/IceBear_PA_2024/3D/HexaSort/HexaSort_FullProject/assets/Scripts/Utils/Utility.ts.
debug: Inspect file:///D:/PA/IceBear_PA_2024/3D/HexaSort/HexaSort_FullProject/assets/Scripts/AdHelper/IronSource.ts
debug: Inspect file:///D:/PA/IceBear_PA_2024/3D/HexaSort/HexaSort_FullProject/assets/Scripts/Const/CONST.ts
debug: Inspect file:///D:/PA/IceBear_PA_2024/3D/HexaSort/HexaSort_FullProject/assets/Scripts/Const/GameInfo.ts
debug: Inspect file:///D:/PA/IceBear_PA_2024/3D/HexaSort/HexaSort_FullProject/assets/Scripts/Controller/BrickController.ts
debug: Inspect file:///D:/PA/IceBear_PA_2024/3D/HexaSort/HexaSort_FullProject/assets/Scripts/Controller/GameController.ts
debug: Inspect file:///D:/PA/IceBear_PA_2024/3D/HexaSort/HexaSort_FullProject/assets/Scripts/Controller/SoundController.ts
debug: Inspect file:///D:/PA/IceBear_PA_2024/3D/HexaSort/HexaSort_FullProject/assets/Scripts/Controller/UIGameController.ts
debug: Inspect file:///D:/PA/IceBear_PA_2024/3D/HexaSort/HexaSort_FullProject/assets/Scripts/GamePlay/AutoSpawnBricks.ts
debug: Inspect file:///D:/PA/IceBear_PA_2024/3D/HexaSort/HexaSort_FullProject/assets/Scripts/GamePlay/BricksUI.ts
debug: Inspect file:///D:/PA/IceBear_PA_2024/3D/HexaSort/HexaSort_FullProject/assets/Scripts/GamePlay/GamePlay.ts
debug: Inspect file:///D:/PA/IceBear_PA_2024/3D/HexaSort/HexaSort_FullProject/assets/Scripts/GamePlay/HideMask.ts
debug: Inspect file:///D:/PA/IceBear_PA_2024/3D/HexaSort/HexaSort_FullProject/assets/Scripts/Others/HandleLogicGamePlay.ts
debug: Inspect file:///D:/PA/IceBear_PA_2024/3D/HexaSort/HexaSort_FullProject/assets/Scripts/Utils/EnablePhysics.ts
debug: Inspect file:///D:/PA/IceBear_PA_2024/3D/HexaSort/HexaSort_FullProject/assets/Scripts/Utils/Responsive.ts
debug: Inspect file:///D:/PA/IceBear_PA_2024/3D/HexaSort/HexaSort_FullProject/assets/Scripts/Utils/Singleton.ts
debug: Inspect file:///D:/PA/IceBear_PA_2024/3D/HexaSort/HexaSort_FullProject/assets/Scripts/Utils/Utility.ts
debug: Resolve cc from file:///D:/PA/IceBear_PA_2024/3D/HexaSort/HexaSort_FullProject/assets/Scripts/Const/CONST.ts as cce:/internal/x/cc.
debug: Resolve cce:/internal/code-quality/cr.mjs from file:///D:/PA/IceBear_PA_2024/3D/HexaSort/HexaSort_FullProject/assets/Scripts/AdHelper/IronSource.ts as cce:/internal/code-quality/cr.mjs.
debug: Resolve cc from file:///D:/PA/IceBear_PA_2024/3D/HexaSort/HexaSort_FullProject/assets/Scripts/AdHelper/IronSource.ts as cce:/internal/x/cc.
debug: Detected change: cce:/internal/code-quality/cr.mjs. Last mtime: Wed Jan 29 2025 23:26:25 GMT+0700 (Indochina Time), Current mtime: Wed Jan 29 2025 23:28:09 GMT+0700 (Indochina Time)
debug: Inspect cce:/internal/code-quality/cr.mjs
debug: Resolve cce:/internal/code-quality/cr.mjs from file:///D:/PA/IceBear_PA_2024/3D/HexaSort/HexaSort_FullProject/assets/Scripts/Controller/GameController.ts as cce:/internal/code-quality/cr.mjs.
debug: Resolve cc from file:///D:/PA/IceBear_PA_2024/3D/HexaSort/HexaSort_FullProject/assets/Scripts/Controller/GameController.ts as cce:/internal/x/cc.
debug: Resolve cc from file:///D:/PA/IceBear_PA_2024/3D/HexaSort/HexaSort_FullProject/assets/Scripts/Controller/GameController.ts as cce:/internal/x/cc.
debug: Resolve cc from file:///D:/PA/IceBear_PA_2024/3D/HexaSort/HexaSort_FullProject/assets/Scripts/GamePlay/BricksUI.ts as cce:/internal/x/cc.
debug: Resolve cc from file:///D:/PA/IceBear_PA_2024/3D/HexaSort/HexaSort_FullProject/assets/Scripts/GamePlay/BricksUI.ts as cce:/internal/x/cc.
debug: Resolve cce:/internal/code-quality/cr.mjs from file:///D:/PA/IceBear_PA_2024/3D/HexaSort/HexaSort_FullProject/assets/Scripts/Controller/UIGameController.ts as cce:/internal/code-quality/cr.mjs.
debug: Resolve cc from file:///D:/PA/IceBear_PA_2024/3D/HexaSort/HexaSort_FullProject/assets/Scripts/Controller/UIGameController.ts as cce:/internal/x/cc.
debug: Resolve cc from file:///D:/PA/IceBear_PA_2024/3D/HexaSort/HexaSort_FullProject/assets/Scripts/Controller/UIGameController.ts as cce:/internal/x/cc.
debug: Resolve cce:/internal/code-quality/cr.mjs from file:///D:/PA/IceBear_PA_2024/3D/HexaSort/HexaSort_FullProject/assets/Scripts/Controller/SoundController.ts as cce:/internal/code-quality/cr.mjs.
debug: Resolve cc from file:///D:/PA/IceBear_PA_2024/3D/HexaSort/HexaSort_FullProject/assets/Scripts/Controller/SoundController.ts as cce:/internal/x/cc.
debug: Resolve cc from file:///D:/PA/IceBear_PA_2024/3D/HexaSort/HexaSort_FullProject/assets/Scripts/Controller/SoundController.ts as cce:/internal/x/cc.
debug: Resolve cc from file:///D:/PA/IceBear_PA_2024/3D/HexaSort/HexaSort_FullProject/assets/Scripts/GamePlay/GamePlay.ts as cce:/internal/x/cc.
debug: Resolve cc from file:///D:/PA/IceBear_PA_2024/3D/HexaSort/HexaSort_FullProject/assets/Scripts/GamePlay/GamePlay.ts as cce:/internal/x/cc.
debug: Resolve cc from file:///D:/PA/IceBear_PA_2024/3D/HexaSort/HexaSort_FullProject/assets/Scripts/GamePlay/AutoSpawnBricks.ts as cce:/internal/x/cc.
debug: Resolve cc from file:///D:/PA/IceBear_PA_2024/3D/HexaSort/HexaSort_FullProject/assets/Scripts/GamePlay/AutoSpawnBricks.ts as cce:/internal/x/cc.
debug: Resolve cce:/internal/code-quality/cr.mjs from file:///D:/PA/IceBear_PA_2024/3D/HexaSort/HexaSort_FullProject/assets/Scripts/GamePlay/HideMask.ts as cce:/internal/code-quality/cr.mjs.
debug: Resolve cc from file:///D:/PA/IceBear_PA_2024/3D/HexaSort/HexaSort_FullProject/assets/Scripts/GamePlay/HideMask.ts as cce:/internal/x/cc.
debug: Resolve cc from file:///D:/PA/IceBear_PA_2024/3D/HexaSort/HexaSort_FullProject/assets/Scripts/GamePlay/HideMask.ts as cce:/internal/x/cc.
debug: Resolve cc from file:///D:/PA/IceBear_PA_2024/3D/HexaSort/HexaSort_FullProject/assets/Scripts/Others/HandleLogicGamePlay.ts as cce:/internal/x/cc.
debug: Resolve cc from file:///D:/PA/IceBear_PA_2024/3D/HexaSort/HexaSort_FullProject/assets/Scripts/Others/HandleLogicGamePlay.ts as cce:/internal/x/cc.
debug: Resolve cc from file:///D:/PA/IceBear_PA_2024/3D/HexaSort/HexaSort_FullProject/assets/Scripts/Utils/Responsive.ts as cce:/internal/x/cc.
debug: Resolve cc from file:///D:/PA/IceBear_PA_2024/3D/HexaSort/HexaSort_FullProject/assets/Scripts/Utils/Responsive.ts as cce:/internal/x/cc.
debug: Resolve cc from file:///D:/PA/IceBear_PA_2024/3D/HexaSort/HexaSort_FullProject/assets/Scripts/Utils/EnablePhysics.ts as cce:/internal/x/cc.
debug: Resolve cc from file:///D:/PA/IceBear_PA_2024/3D/HexaSort/HexaSort_FullProject/assets/Scripts/Utils/EnablePhysics.ts as cce:/internal/x/cc.
debug: Resolve cc from file:///D:/PA/IceBear_PA_2024/3D/HexaSort/HexaSort_FullProject/assets/Scripts/Utils/Singleton.ts as cce:/internal/x/cc.
debug: Resolve cc from file:///D:/PA/IceBear_PA_2024/3D/HexaSort/HexaSort_FullProject/assets/Scripts/Utils/Singleton.ts as cce:/internal/x/cc.
debug: Resolve cc from file:///D:/PA/IceBear_PA_2024/3D/HexaSort/HexaSort_FullProject/assets/Scripts/Utils/Utility.ts as cce:/internal/x/cc.
debug: Resolve cc from file:///D:/PA/IceBear_PA_2024/3D/HexaSort/HexaSort_FullProject/assets/Scripts/Utils/Utility.ts as cce:/internal/x/cc.
debug: Resolve cc from file:///D:/PA/IceBear_PA_2024/3D/HexaSort/HexaSort_FullProject/assets/Scripts/Const/GameInfo.ts as cce:/internal/x/cc.
debug: Resolve cc from file:///D:/PA/IceBear_PA_2024/3D/HexaSort/HexaSort_FullProject/assets/Scripts/Controller/BrickController.ts as cce:/internal/x/cc.
debug: Resolve cc from file:///D:/PA/IceBear_PA_2024/3D/HexaSort/HexaSort_FullProject/assets/Scripts/Controller/BrickController.ts as cce:/internal/x/cc.
debug: Resolve ../Const/CONST from file:///D:/PA/IceBear_PA_2024/3D/HexaSort/HexaSort_FullProject/assets/Scripts/AdHelper/IronSource.ts as file:///D:/PA/IceBear_PA_2024/3D/HexaSort/HexaSort_FullProject/assets/Scripts/Const/CONST.ts.
debug: Resolve ../Controller/SoundController from file:///D:/PA/IceBear_PA_2024/3D/HexaSort/HexaSort_FullProject/assets/Scripts/AdHelper/IronSource.ts as file:///D:/PA/IceBear_PA_2024/3D/HexaSort/HexaSort_FullProject/assets/Scripts/Controller/SoundController.ts.
debug: Resolve ./SoundController from file:///D:/PA/IceBear_PA_2024/3D/HexaSort/HexaSort_FullProject/assets/Scripts/Controller/GameController.ts as file:///D:/PA/IceBear_PA_2024/3D/HexaSort/HexaSort_FullProject/assets/Scripts/Controller/SoundController.ts.
debug: Resolve ../AdHelper/IronSource from file:///D:/PA/IceBear_PA_2024/3D/HexaSort/HexaSort_FullProject/assets/Scripts/Controller/GameController.ts as file:///D:/PA/IceBear_PA_2024/3D/HexaSort/HexaSort_FullProject/assets/Scripts/AdHelper/IronSource.ts.
debug: Resolve ../Const/GameInfo from file:///D:/PA/IceBear_PA_2024/3D/HexaSort/HexaSort_FullProject/assets/Scripts/Controller/UIGameController.ts as file:///D:/PA/IceBear_PA_2024/3D/HexaSort/HexaSort_FullProject/assets/Scripts/Const/GameInfo.ts.
debug: Resolve ./SoundController from file:///D:/PA/IceBear_PA_2024/3D/HexaSort/HexaSort_FullProject/assets/Scripts/Controller/UIGameController.ts as file:///D:/PA/IceBear_PA_2024/3D/HexaSort/HexaSort_FullProject/assets/Scripts/Controller/SoundController.ts.
debug: Resolve ./GameController from file:///D:/PA/IceBear_PA_2024/3D/HexaSort/HexaSort_FullProject/assets/Scripts/Controller/UIGameController.ts as file:///D:/PA/IceBear_PA_2024/3D/HexaSort/HexaSort_FullProject/assets/Scripts/Controller/GameController.ts.
debug: Resolve ../Utils/Singleton from file:///D:/PA/IceBear_PA_2024/3D/HexaSort/HexaSort_FullProject/assets/Scripts/Controller/SoundController.ts as file:///D:/PA/IceBear_PA_2024/3D/HexaSort/HexaSort_FullProject/assets/Scripts/Utils/Singleton.ts.
debug: Resolve ../AdHelper/IronSource from file:///D:/PA/IceBear_PA_2024/3D/HexaSort/HexaSort_FullProject/assets/Scripts/Controller/SoundController.ts as file:///D:/PA/IceBear_PA_2024/3D/HexaSort/HexaSort_FullProject/assets/Scripts/AdHelper/IronSource.ts.
debug: Resolve ../Const/CONST from file:///D:/PA/IceBear_PA_2024/3D/HexaSort/HexaSort_FullProject/assets/Scripts/Controller/UIGameController.ts as file:///D:/PA/IceBear_PA_2024/3D/HexaSort/HexaSort_FullProject/assets/Scripts/Const/CONST.ts.
debug: Resolve ../AdHelper/IronSource from file:///D:/PA/IceBear_PA_2024/3D/HexaSort/HexaSort_FullProject/assets/Scripts/GamePlay/HideMask.ts as file:///D:/PA/IceBear_PA_2024/3D/HexaSort/HexaSort_FullProject/assets/Scripts/AdHelper/IronSource.ts.
debug: Resolve ../Const/GameInfo from file:///D:/PA/IceBear_PA_2024/3D/HexaSort/HexaSort_FullProject/assets/Scripts/GamePlay/HideMask.ts as file:///D:/PA/IceBear_PA_2024/3D/HexaSort/HexaSort_FullProject/assets/Scripts/Const/GameInfo.ts.
debug: Resolve ../Utils/Utility from file:///D:/PA/IceBear_PA_2024/3D/HexaSort/HexaSort_FullProject/assets/Scripts/GamePlay/HideMask.ts as file:///D:/PA/IceBear_PA_2024/3D/HexaSort/HexaSort_FullProject/assets/Scripts/Utils/Utility.ts.
debug: Resolve ../Controller/UIGameController from file:///D:/PA/IceBear_PA_2024/3D/HexaSort/HexaSort_FullProject/assets/Scripts/GamePlay/HideMask.ts as file:///D:/PA/IceBear_PA_2024/3D/HexaSort/HexaSort_FullProject/assets/Scripts/Controller/UIGameController.ts.
debug: Resolve ../Controller/GameController from file:///D:/PA/IceBear_PA_2024/3D/HexaSort/HexaSort_FullProject/assets/Scripts/GamePlay/HideMask.ts as file:///D:/PA/IceBear_PA_2024/3D/HexaSort/HexaSort_FullProject/assets/Scripts/Controller/GameController.ts.
debug: Target(preview) ends with cost 569.4251999855042ms.
debug: Dispatch build request for time accumulated 1 asset changes.
debug: Build iteration starts.
Number of accumulated asset changes: 1
Feature changed: false
debug: Target(editor) build started.
debug: Detected change: cce:/internal/x/prerequisite-imports. Last mtime: Thu Jan 01 1970 07:00:14 GMT+0700 (Indochina Time), Current mtime: Thu Jan 01 1970 07:06:12 GMT+0700 (Indochina Time)
debug: Inspect cce:/internal/x/prerequisite-imports
debug: Resolve file:///D:/PA/IceBear_PA_2024/3D/HexaSort/HexaSort_FullProject/assets/Scripts/AdHelper/IronSource.ts from cce:/internal/x/prerequisite-imports as file:///D:/PA/IceBear_PA_2024/3D/HexaSort/HexaSort_FullProject/assets/Scripts/AdHelper/IronSource.ts.
debug: Resolve file:///D:/PA/IceBear_PA_2024/3D/HexaSort/HexaSort_FullProject/assets/Scripts/Const/CONST.ts from cce:/internal/x/prerequisite-imports as file:///D:/PA/IceBear_PA_2024/3D/HexaSort/HexaSort_FullProject/assets/Scripts/Const/CONST.ts.
debug: Resolve file:///D:/PA/IceBear_PA_2024/3D/HexaSort/HexaSort_FullProject/assets/Scripts/Const/GameInfo.ts from cce:/internal/x/prerequisite-imports as file:///D:/PA/IceBear_PA_2024/3D/HexaSort/HexaSort_FullProject/assets/Scripts/Const/GameInfo.ts.
debug: Resolve file:///D:/PA/IceBear_PA_2024/3D/HexaSort/HexaSort_FullProject/assets/Scripts/Controller/BrickController.ts from cce:/internal/x/prerequisite-imports as file:///D:/PA/IceBear_PA_2024/3D/HexaSort/HexaSort_FullProject/assets/Scripts/Controller/BrickController.ts.
debug: Resolve file:///D:/PA/IceBear_PA_2024/3D/HexaSort/HexaSort_FullProject/assets/Scripts/Controller/GameController.ts from cce:/internal/x/prerequisite-imports as file:///D:/PA/IceBear_PA_2024/3D/HexaSort/HexaSort_FullProject/assets/Scripts/Controller/GameController.ts.
debug: Resolve file:///D:/PA/IceBear_PA_2024/3D/HexaSort/HexaSort_FullProject/assets/Scripts/Controller/SoundController.ts from cce:/internal/x/prerequisite-imports as file:///D:/PA/IceBear_PA_2024/3D/HexaSort/HexaSort_FullProject/assets/Scripts/Controller/SoundController.ts.
debug: Resolve file:///D:/PA/IceBear_PA_2024/3D/HexaSort/HexaSort_FullProject/assets/Scripts/Controller/UIGameController.ts from cce:/internal/x/prerequisite-imports as file:///D:/PA/IceBear_PA_2024/3D/HexaSort/HexaSort_FullProject/assets/Scripts/Controller/UIGameController.ts.
debug: Resolve file:///D:/PA/IceBear_PA_2024/3D/HexaSort/HexaSort_FullProject/assets/Scripts/GamePlay/AutoSpawnBricks.ts from cce:/internal/x/prerequisite-imports as file:///D:/PA/IceBear_PA_2024/3D/HexaSort/HexaSort_FullProject/assets/Scripts/GamePlay/AutoSpawnBricks.ts.
debug: Resolve file:///D:/PA/IceBear_PA_2024/3D/HexaSort/HexaSort_FullProject/assets/Scripts/GamePlay/BricksUI.ts from cce:/internal/x/prerequisite-imports as file:///D:/PA/IceBear_PA_2024/3D/HexaSort/HexaSort_FullProject/assets/Scripts/GamePlay/BricksUI.ts.
debug: Resolve file:///D:/PA/IceBear_PA_2024/3D/HexaSort/HexaSort_FullProject/assets/Scripts/GamePlay/GamePlay.ts from cce:/internal/x/prerequisite-imports as file:///D:/PA/IceBear_PA_2024/3D/HexaSort/HexaSort_FullProject/assets/Scripts/GamePlay/GamePlay.ts.
debug: Resolve file:///D:/PA/IceBear_PA_2024/3D/HexaSort/HexaSort_FullProject/assets/Scripts/GamePlay/HideMask.ts from cce:/internal/x/prerequisite-imports as file:///D:/PA/IceBear_PA_2024/3D/HexaSort/HexaSort_FullProject/assets/Scripts/GamePlay/HideMask.ts.
debug: Resolve file:///D:/PA/IceBear_PA_2024/3D/HexaSort/HexaSort_FullProject/assets/Scripts/Others/HandleLogicGamePlay.ts from cce:/internal/x/prerequisite-imports as file:///D:/PA/IceBear_PA_2024/3D/HexaSort/HexaSort_FullProject/assets/Scripts/Others/HandleLogicGamePlay.ts.
debug: Resolve file:///D:/PA/IceBear_PA_2024/3D/HexaSort/HexaSort_FullProject/assets/Scripts/Utils/EnablePhysics.ts from cce:/internal/x/prerequisite-imports as file:///D:/PA/IceBear_PA_2024/3D/HexaSort/HexaSort_FullProject/assets/Scripts/Utils/EnablePhysics.ts.
debug: Resolve file:///D:/PA/IceBear_PA_2024/3D/HexaSort/HexaSort_FullProject/assets/Scripts/Utils/Responsive.ts from cce:/internal/x/prerequisite-imports as file:///D:/PA/IceBear_PA_2024/3D/HexaSort/HexaSort_FullProject/assets/Scripts/Utils/Responsive.ts.
debug: Resolve file:///D:/PA/IceBear_PA_2024/3D/HexaSort/HexaSort_FullProject/assets/Scripts/Utils/Singleton.ts from cce:/internal/x/prerequisite-imports as file:///D:/PA/IceBear_PA_2024/3D/HexaSort/HexaSort_FullProject/assets/Scripts/Utils/Singleton.ts.
debug: Resolve file:///D:/PA/IceBear_PA_2024/3D/HexaSort/HexaSort_FullProject/assets/Scripts/Utils/Utility.ts from cce:/internal/x/prerequisite-imports as file:///D:/PA/IceBear_PA_2024/3D/HexaSort/HexaSort_FullProject/assets/Scripts/Utils/Utility.ts.
debug: Detected change: file:///D:/PA/IceBear_PA_2024/3D/HexaSort/HexaSort_FullProject/assets/Scripts/GamePlay/AutoSpawnBricks.ts. Last mtime: Wed Jan 29 2025 23:26:51 GMT+0700 (Indochina Time)@9a7cb84c-37c9-4fa8-8f7c-d9fcec6f0f73, Current mtime: Wed Jan 29 2025 23:33:16 GMT+0700 (Indochina Time)@9a7cb84c-37c9-4fa8-8f7c-d9fcec6f0f73
debug: Inspect file:///D:/PA/IceBear_PA_2024/3D/HexaSort/HexaSort_FullProject/assets/Scripts/GamePlay/AutoSpawnBricks.ts
debug: Resolve cc from file:///D:/PA/IceBear_PA_2024/3D/HexaSort/HexaSort_FullProject/assets/Scripts/GamePlay/AutoSpawnBricks.ts as cce:/internal/x/cc.
debug: Resolve cc from file:///D:/PA/IceBear_PA_2024/3D/HexaSort/HexaSort_FullProject/assets/Scripts/GamePlay/AutoSpawnBricks.ts as cce:/internal/x/cc.
debug: Target(editor) ends with cost 133.61220002174377ms.
debug: Target(preview) build started.
debug: Detected change: cce:/internal/x/prerequisite-imports. Last mtime: Thu Jan 01 1970 07:00:14 GMT+0700 (Indochina Time), Current mtime: Thu Jan 01 1970 07:06:12 GMT+0700 (Indochina Time)
debug: Inspect cce:/internal/x/prerequisite-imports
debug: Resolve file:///D:/PA/IceBear_PA_2024/3D/HexaSort/HexaSort_FullProject/assets/Scripts/AdHelper/IronSource.ts from cce:/internal/x/prerequisite-imports as file:///D:/PA/IceBear_PA_2024/3D/HexaSort/HexaSort_FullProject/assets/Scripts/AdHelper/IronSource.ts.
debug: Resolve file:///D:/PA/IceBear_PA_2024/3D/HexaSort/HexaSort_FullProject/assets/Scripts/Const/CONST.ts from cce:/internal/x/prerequisite-imports as file:///D:/PA/IceBear_PA_2024/3D/HexaSort/HexaSort_FullProject/assets/Scripts/Const/CONST.ts.
debug: Resolve file:///D:/PA/IceBear_PA_2024/3D/HexaSort/HexaSort_FullProject/assets/Scripts/Const/GameInfo.ts from cce:/internal/x/prerequisite-imports as file:///D:/PA/IceBear_PA_2024/3D/HexaSort/HexaSort_FullProject/assets/Scripts/Const/GameInfo.ts.
debug: Resolve file:///D:/PA/IceBear_PA_2024/3D/HexaSort/HexaSort_FullProject/assets/Scripts/Controller/BrickController.ts from cce:/internal/x/prerequisite-imports as file:///D:/PA/IceBear_PA_2024/3D/HexaSort/HexaSort_FullProject/assets/Scripts/Controller/BrickController.ts.
debug: Resolve file:///D:/PA/IceBear_PA_2024/3D/HexaSort/HexaSort_FullProject/assets/Scripts/Controller/GameController.ts from cce:/internal/x/prerequisite-imports as file:///D:/PA/IceBear_PA_2024/3D/HexaSort/HexaSort_FullProject/assets/Scripts/Controller/GameController.ts.
debug: Resolve file:///D:/PA/IceBear_PA_2024/3D/HexaSort/HexaSort_FullProject/assets/Scripts/Controller/SoundController.ts from cce:/internal/x/prerequisite-imports as file:///D:/PA/IceBear_PA_2024/3D/HexaSort/HexaSort_FullProject/assets/Scripts/Controller/SoundController.ts.
debug: Resolve file:///D:/PA/IceBear_PA_2024/3D/HexaSort/HexaSort_FullProject/assets/Scripts/Controller/UIGameController.ts from cce:/internal/x/prerequisite-imports as file:///D:/PA/IceBear_PA_2024/3D/HexaSort/HexaSort_FullProject/assets/Scripts/Controller/UIGameController.ts.
debug: Resolve file:///D:/PA/IceBear_PA_2024/3D/HexaSort/HexaSort_FullProject/assets/Scripts/GamePlay/AutoSpawnBricks.ts from cce:/internal/x/prerequisite-imports as file:///D:/PA/IceBear_PA_2024/3D/HexaSort/HexaSort_FullProject/assets/Scripts/GamePlay/AutoSpawnBricks.ts.
debug: Resolve file:///D:/PA/IceBear_PA_2024/3D/HexaSort/HexaSort_FullProject/assets/Scripts/GamePlay/BricksUI.ts from cce:/internal/x/prerequisite-imports as file:///D:/PA/IceBear_PA_2024/3D/HexaSort/HexaSort_FullProject/assets/Scripts/GamePlay/BricksUI.ts.
debug: Resolve file:///D:/PA/IceBear_PA_2024/3D/HexaSort/HexaSort_FullProject/assets/Scripts/GamePlay/GamePlay.ts from cce:/internal/x/prerequisite-imports as file:///D:/PA/IceBear_PA_2024/3D/HexaSort/HexaSort_FullProject/assets/Scripts/GamePlay/GamePlay.ts.
debug: Resolve file:///D:/PA/IceBear_PA_2024/3D/HexaSort/HexaSort_FullProject/assets/Scripts/GamePlay/HideMask.ts from cce:/internal/x/prerequisite-imports as file:///D:/PA/IceBear_PA_2024/3D/HexaSort/HexaSort_FullProject/assets/Scripts/GamePlay/HideMask.ts.
debug: Resolve file:///D:/PA/IceBear_PA_2024/3D/HexaSort/HexaSort_FullProject/assets/Scripts/Others/HandleLogicGamePlay.ts from cce:/internal/x/prerequisite-imports as file:///D:/PA/IceBear_PA_2024/3D/HexaSort/HexaSort_FullProject/assets/Scripts/Others/HandleLogicGamePlay.ts.
debug: Resolve file:///D:/PA/IceBear_PA_2024/3D/HexaSort/HexaSort_FullProject/assets/Scripts/Utils/EnablePhysics.ts from cce:/internal/x/prerequisite-imports as file:///D:/PA/IceBear_PA_2024/3D/HexaSort/HexaSort_FullProject/assets/Scripts/Utils/EnablePhysics.ts.
debug: Resolve file:///D:/PA/IceBear_PA_2024/3D/HexaSort/HexaSort_FullProject/assets/Scripts/Utils/Responsive.ts from cce:/internal/x/prerequisite-imports as file:///D:/PA/IceBear_PA_2024/3D/HexaSort/HexaSort_FullProject/assets/Scripts/Utils/Responsive.ts.
debug: Resolve file:///D:/PA/IceBear_PA_2024/3D/HexaSort/HexaSort_FullProject/assets/Scripts/Utils/Singleton.ts from cce:/internal/x/prerequisite-imports as file:///D:/PA/IceBear_PA_2024/3D/HexaSort/HexaSort_FullProject/assets/Scripts/Utils/Singleton.ts.
debug: Resolve file:///D:/PA/IceBear_PA_2024/3D/HexaSort/HexaSort_FullProject/assets/Scripts/Utils/Utility.ts from cce:/internal/x/prerequisite-imports as file:///D:/PA/IceBear_PA_2024/3D/HexaSort/HexaSort_FullProject/assets/Scripts/Utils/Utility.ts.
debug: Detected change: file:///D:/PA/IceBear_PA_2024/3D/HexaSort/HexaSort_FullProject/assets/Scripts/GamePlay/AutoSpawnBricks.ts. Last mtime: Wed Jan 29 2025 23:26:51 GMT+0700 (Indochina Time)@9a7cb84c-37c9-4fa8-8f7c-d9fcec6f0f73, Current mtime: Wed Jan 29 2025 23:33:16 GMT+0700 (Indochina Time)@9a7cb84c-37c9-4fa8-8f7c-d9fcec6f0f73
debug: Inspect file:///D:/PA/IceBear_PA_2024/3D/HexaSort/HexaSort_FullProject/assets/Scripts/GamePlay/AutoSpawnBricks.ts
debug: Resolve cc from file:///D:/PA/IceBear_PA_2024/3D/HexaSort/HexaSort_FullProject/assets/Scripts/GamePlay/AutoSpawnBricks.ts as cce:/internal/x/cc.
debug: Resolve cc from file:///D:/PA/IceBear_PA_2024/3D/HexaSort/HexaSort_FullProject/assets/Scripts/GamePlay/AutoSpawnBricks.ts as cce:/internal/x/cc.
debug: Target(preview) ends with cost 120.8043999671936ms.
debug: Dispatch build request for time accumulated 2 asset changes.
debug: Build iteration starts.
Number of accumulated asset changes: 2
Feature changed: false
debug: Target(editor) build started.
debug: Detected change: cce:/internal/x/prerequisite-imports. Last mtime: Thu Jan 01 1970 07:06:12 GMT+0700 (Indochina Time), Current mtime: Thu Jan 01 1970 07:06:58 GMT+0700 (Indochina Time)
debug: Inspect cce:/internal/x/prerequisite-imports
debug: Resolve file:///D:/PA/IceBear_PA_2024/3D/HexaSort/HexaSort_FullProject/assets/Scripts/AdHelper/IronSource.ts from cce:/internal/x/prerequisite-imports as file:///D:/PA/IceBear_PA_2024/3D/HexaSort/HexaSort_FullProject/assets/Scripts/AdHelper/IronSource.ts.
debug: Resolve file:///D:/PA/IceBear_PA_2024/3D/HexaSort/HexaSort_FullProject/assets/Scripts/Const/CONST.ts from cce:/internal/x/prerequisite-imports as file:///D:/PA/IceBear_PA_2024/3D/HexaSort/HexaSort_FullProject/assets/Scripts/Const/CONST.ts.
debug: Resolve file:///D:/PA/IceBear_PA_2024/3D/HexaSort/HexaSort_FullProject/assets/Scripts/Const/GameInfo.ts from cce:/internal/x/prerequisite-imports as file:///D:/PA/IceBear_PA_2024/3D/HexaSort/HexaSort_FullProject/assets/Scripts/Const/GameInfo.ts.
debug: Resolve file:///D:/PA/IceBear_PA_2024/3D/HexaSort/HexaSort_FullProject/assets/Scripts/Controller/BrickController.ts from cce:/internal/x/prerequisite-imports as file:///D:/PA/IceBear_PA_2024/3D/HexaSort/HexaSort_FullProject/assets/Scripts/Controller/BrickController.ts.
debug: Resolve file:///D:/PA/IceBear_PA_2024/3D/HexaSort/HexaSort_FullProject/assets/Scripts/Controller/GameController.ts from cce:/internal/x/prerequisite-imports as file:///D:/PA/IceBear_PA_2024/3D/HexaSort/HexaSort_FullProject/assets/Scripts/Controller/GameController.ts.
debug: Resolve file:///D:/PA/IceBear_PA_2024/3D/HexaSort/HexaSort_FullProject/assets/Scripts/Controller/SoundController.ts from cce:/internal/x/prerequisite-imports as file:///D:/PA/IceBear_PA_2024/3D/HexaSort/HexaSort_FullProject/assets/Scripts/Controller/SoundController.ts.
debug: Resolve file:///D:/PA/IceBear_PA_2024/3D/HexaSort/HexaSort_FullProject/assets/Scripts/Controller/UIGameController.ts from cce:/internal/x/prerequisite-imports as file:///D:/PA/IceBear_PA_2024/3D/HexaSort/HexaSort_FullProject/assets/Scripts/Controller/UIGameController.ts.
debug: Resolve file:///D:/PA/IceBear_PA_2024/3D/HexaSort/HexaSort_FullProject/assets/Scripts/GamePlay/AutoSpawnBricks.ts from cce:/internal/x/prerequisite-imports as file:///D:/PA/IceBear_PA_2024/3D/HexaSort/HexaSort_FullProject/assets/Scripts/GamePlay/AutoSpawnBricks.ts.
debug: Resolve file:///D:/PA/IceBear_PA_2024/3D/HexaSort/HexaSort_FullProject/assets/Scripts/GamePlay/BricksUI.ts from cce:/internal/x/prerequisite-imports as file:///D:/PA/IceBear_PA_2024/3D/HexaSort/HexaSort_FullProject/assets/Scripts/GamePlay/BricksUI.ts.
debug: Resolve file:///D:/PA/IceBear_PA_2024/3D/HexaSort/HexaSort_FullProject/assets/Scripts/GamePlay/GamePlay.ts from cce:/internal/x/prerequisite-imports as file:///D:/PA/IceBear_PA_2024/3D/HexaSort/HexaSort_FullProject/assets/Scripts/GamePlay/GamePlay.ts.
debug: Resolve file:///D:/PA/IceBear_PA_2024/3D/HexaSort/HexaSort_FullProject/assets/Scripts/GamePlay/HideMask.ts from cce:/internal/x/prerequisite-imports as file:///D:/PA/IceBear_PA_2024/3D/HexaSort/HexaSort_FullProject/assets/Scripts/GamePlay/HideMask.ts.
debug: Resolve file:///D:/PA/IceBear_PA_2024/3D/HexaSort/HexaSort_FullProject/assets/Scripts/Others/HandleLogicGamePlay.ts from cce:/internal/x/prerequisite-imports as file:///D:/PA/IceBear_PA_2024/3D/HexaSort/HexaSort_FullProject/assets/Scripts/Others/HandleLogicGamePlay.ts.
debug: Resolve file:///D:/PA/IceBear_PA_2024/3D/HexaSort/HexaSort_FullProject/assets/Scripts/Utils/EnablePhysics.ts from cce:/internal/x/prerequisite-imports as file:///D:/PA/IceBear_PA_2024/3D/HexaSort/HexaSort_FullProject/assets/Scripts/Utils/EnablePhysics.ts.
debug: Resolve file:///D:/PA/IceBear_PA_2024/3D/HexaSort/HexaSort_FullProject/assets/Scripts/Utils/Responsive.ts from cce:/internal/x/prerequisite-imports as file:///D:/PA/IceBear_PA_2024/3D/HexaSort/HexaSort_FullProject/assets/Scripts/Utils/Responsive.ts.
debug: Resolve file:///D:/PA/IceBear_PA_2024/3D/HexaSort/HexaSort_FullProject/assets/Scripts/Utils/Singleton.ts from cce:/internal/x/prerequisite-imports as file:///D:/PA/IceBear_PA_2024/3D/HexaSort/HexaSort_FullProject/assets/Scripts/Utils/Singleton.ts.
debug: Resolve file:///D:/PA/IceBear_PA_2024/3D/HexaSort/HexaSort_FullProject/assets/Scripts/Utils/Utility.ts from cce:/internal/x/prerequisite-imports as file:///D:/PA/IceBear_PA_2024/3D/HexaSort/HexaSort_FullProject/assets/Scripts/Utils/Utility.ts.
debug: Detected change: file:///D:/PA/IceBear_PA_2024/3D/HexaSort/HexaSort_FullProject/assets/Scripts/Others/HandleLogicGamePlay.ts. Last mtime: Fri Nov 22 2024 21:51:33 GMT+0700 (Indochina Time)@45fe3322-0661-48ba-b1ba-b8f4ddcac881, Current mtime: Wed Jan 29 2025 23:34:41 GMT+0700 (Indochina Time)@45fe3322-0661-48ba-b1ba-b8f4ddcac881
debug: Inspect file:///D:/PA/IceBear_PA_2024/3D/HexaSort/HexaSort_FullProject/assets/Scripts/Others/HandleLogicGamePlay.ts
debug: Detected change: file:///D:/PA/IceBear_PA_2024/3D/HexaSort/HexaSort_FullProject/assets/Scripts/Utils/Utility.ts. Last mtime: Fri Nov 22 2024 21:51:33 GMT+0700 (Indochina Time)@29ed240b-aa91-4932-a5a4-5ca3411d6bd9, Current mtime: Wed Jan 29 2025 23:34:52 GMT+0700 (Indochina Time)@29ed240b-aa91-4932-a5a4-5ca3411d6bd9
debug: Inspect file:///D:/PA/IceBear_PA_2024/3D/HexaSort/HexaSort_FullProject/assets/Scripts/Utils/Utility.ts
debug: Resolve cc from file:///D:/PA/IceBear_PA_2024/3D/HexaSort/HexaSort_FullProject/assets/Scripts/Others/HandleLogicGamePlay.ts as cce:/internal/x/cc.
debug: Resolve cc from file:///D:/PA/IceBear_PA_2024/3D/HexaSort/HexaSort_FullProject/assets/Scripts/Others/HandleLogicGamePlay.ts as cce:/internal/x/cc.
debug: Resolve cc from file:///D:/PA/IceBear_PA_2024/3D/HexaSort/HexaSort_FullProject/assets/Scripts/Utils/Utility.ts as cce:/internal/x/cc.
debug: Resolve cc from file:///D:/PA/IceBear_PA_2024/3D/HexaSort/HexaSort_FullProject/assets/Scripts/Utils/Utility.ts as cce:/internal/x/cc.
debug: Target(editor) ends with cost 89.05960011482239ms.
debug: Target(preview) build started.
debug: Detected change: cce:/internal/x/prerequisite-imports. Last mtime: Thu Jan 01 1970 07:06:12 GMT+0700 (Indochina Time), Current mtime: Thu Jan 01 1970 07:06:58 GMT+0700 (Indochina Time)
debug: Inspect cce:/internal/x/prerequisite-imports
debug: Resolve file:///D:/PA/IceBear_PA_2024/3D/HexaSort/HexaSort_FullProject/assets/Scripts/AdHelper/IronSource.ts from cce:/internal/x/prerequisite-imports as file:///D:/PA/IceBear_PA_2024/3D/HexaSort/HexaSort_FullProject/assets/Scripts/AdHelper/IronSource.ts.
debug: Resolve file:///D:/PA/IceBear_PA_2024/3D/HexaSort/HexaSort_FullProject/assets/Scripts/Const/CONST.ts from cce:/internal/x/prerequisite-imports as file:///D:/PA/IceBear_PA_2024/3D/HexaSort/HexaSort_FullProject/assets/Scripts/Const/CONST.ts.
debug: Resolve file:///D:/PA/IceBear_PA_2024/3D/HexaSort/HexaSort_FullProject/assets/Scripts/Const/GameInfo.ts from cce:/internal/x/prerequisite-imports as file:///D:/PA/IceBear_PA_2024/3D/HexaSort/HexaSort_FullProject/assets/Scripts/Const/GameInfo.ts.
debug: Resolve file:///D:/PA/IceBear_PA_2024/3D/HexaSort/HexaSort_FullProject/assets/Scripts/Controller/BrickController.ts from cce:/internal/x/prerequisite-imports as file:///D:/PA/IceBear_PA_2024/3D/HexaSort/HexaSort_FullProject/assets/Scripts/Controller/BrickController.ts.
debug: Resolve file:///D:/PA/IceBear_PA_2024/3D/HexaSort/HexaSort_FullProject/assets/Scripts/Controller/GameController.ts from cce:/internal/x/prerequisite-imports as file:///D:/PA/IceBear_PA_2024/3D/HexaSort/HexaSort_FullProject/assets/Scripts/Controller/GameController.ts.
debug: Resolve file:///D:/PA/IceBear_PA_2024/3D/HexaSort/HexaSort_FullProject/assets/Scripts/Controller/SoundController.ts from cce:/internal/x/prerequisite-imports as file:///D:/PA/IceBear_PA_2024/3D/HexaSort/HexaSort_FullProject/assets/Scripts/Controller/SoundController.ts.
debug: Resolve file:///D:/PA/IceBear_PA_2024/3D/HexaSort/HexaSort_FullProject/assets/Scripts/Controller/UIGameController.ts from cce:/internal/x/prerequisite-imports as file:///D:/PA/IceBear_PA_2024/3D/HexaSort/HexaSort_FullProject/assets/Scripts/Controller/UIGameController.ts.
debug: Resolve file:///D:/PA/IceBear_PA_2024/3D/HexaSort/HexaSort_FullProject/assets/Scripts/GamePlay/AutoSpawnBricks.ts from cce:/internal/x/prerequisite-imports as file:///D:/PA/IceBear_PA_2024/3D/HexaSort/HexaSort_FullProject/assets/Scripts/GamePlay/AutoSpawnBricks.ts.
debug: Resolve file:///D:/PA/IceBear_PA_2024/3D/HexaSort/HexaSort_FullProject/assets/Scripts/GamePlay/BricksUI.ts from cce:/internal/x/prerequisite-imports as file:///D:/PA/IceBear_PA_2024/3D/HexaSort/HexaSort_FullProject/assets/Scripts/GamePlay/BricksUI.ts.
debug: Resolve file:///D:/PA/IceBear_PA_2024/3D/HexaSort/HexaSort_FullProject/assets/Scripts/GamePlay/GamePlay.ts from cce:/internal/x/prerequisite-imports as file:///D:/PA/IceBear_PA_2024/3D/HexaSort/HexaSort_FullProject/assets/Scripts/GamePlay/GamePlay.ts.
debug: Resolve file:///D:/PA/IceBear_PA_2024/3D/HexaSort/HexaSort_FullProject/assets/Scripts/GamePlay/HideMask.ts from cce:/internal/x/prerequisite-imports as file:///D:/PA/IceBear_PA_2024/3D/HexaSort/HexaSort_FullProject/assets/Scripts/GamePlay/HideMask.ts.
debug: Resolve file:///D:/PA/IceBear_PA_2024/3D/HexaSort/HexaSort_FullProject/assets/Scripts/Others/HandleLogicGamePlay.ts from cce:/internal/x/prerequisite-imports as file:///D:/PA/IceBear_PA_2024/3D/HexaSort/HexaSort_FullProject/assets/Scripts/Others/HandleLogicGamePlay.ts.
debug: Resolve file:///D:/PA/IceBear_PA_2024/3D/HexaSort/HexaSort_FullProject/assets/Scripts/Utils/EnablePhysics.ts from cce:/internal/x/prerequisite-imports as file:///D:/PA/IceBear_PA_2024/3D/HexaSort/HexaSort_FullProject/assets/Scripts/Utils/EnablePhysics.ts.
debug: Resolve file:///D:/PA/IceBear_PA_2024/3D/HexaSort/HexaSort_FullProject/assets/Scripts/Utils/Responsive.ts from cce:/internal/x/prerequisite-imports as file:///D:/PA/IceBear_PA_2024/3D/HexaSort/HexaSort_FullProject/assets/Scripts/Utils/Responsive.ts.
debug: Resolve file:///D:/PA/IceBear_PA_2024/3D/HexaSort/HexaSort_FullProject/assets/Scripts/Utils/Singleton.ts from cce:/internal/x/prerequisite-imports as file:///D:/PA/IceBear_PA_2024/3D/HexaSort/HexaSort_FullProject/assets/Scripts/Utils/Singleton.ts.
debug: Resolve file:///D:/PA/IceBear_PA_2024/3D/HexaSort/HexaSort_FullProject/assets/Scripts/Utils/Utility.ts from cce:/internal/x/prerequisite-imports as file:///D:/PA/IceBear_PA_2024/3D/HexaSort/HexaSort_FullProject/assets/Scripts/Utils/Utility.ts.
debug: Detected change: file:///D:/PA/IceBear_PA_2024/3D/HexaSort/HexaSort_FullProject/assets/Scripts/Others/HandleLogicGamePlay.ts. Last mtime: Fri Nov 22 2024 21:51:33 GMT+0700 (Indochina Time)@45fe3322-0661-48ba-b1ba-b8f4ddcac881, Current mtime: Wed Jan 29 2025 23:34:41 GMT+0700 (Indochina Time)@45fe3322-0661-48ba-b1ba-b8f4ddcac881
debug: Inspect file:///D:/PA/IceBear_PA_2024/3D/HexaSort/HexaSort_FullProject/assets/Scripts/Others/HandleLogicGamePlay.ts
debug: Detected change: file:///D:/PA/IceBear_PA_2024/3D/HexaSort/HexaSort_FullProject/assets/Scripts/Utils/Utility.ts. Last mtime: Fri Nov 22 2024 21:51:33 GMT+0700 (Indochina Time)@29ed240b-aa91-4932-a5a4-5ca3411d6bd9, Current mtime: Wed Jan 29 2025 23:34:52 GMT+0700 (Indochina Time)@29ed240b-aa91-4932-a5a4-5ca3411d6bd9
debug: Inspect file:///D:/PA/IceBear_PA_2024/3D/HexaSort/HexaSort_FullProject/assets/Scripts/Utils/Utility.ts
debug: Resolve cc from file:///D:/PA/IceBear_PA_2024/3D/HexaSort/HexaSort_FullProject/assets/Scripts/Utils/Utility.ts as cce:/internal/x/cc.
debug: Resolve cc from file:///D:/PA/IceBear_PA_2024/3D/HexaSort/HexaSort_FullProject/assets/Scripts/Utils/Utility.ts as cce:/internal/x/cc.
debug: Resolve cc from file:///D:/PA/IceBear_PA_2024/3D/HexaSort/HexaSort_FullProject/assets/Scripts/Others/HandleLogicGamePlay.ts as cce:/internal/x/cc.
debug: Resolve cc from file:///D:/PA/IceBear_PA_2024/3D/HexaSort/HexaSort_FullProject/assets/Scripts/Others/HandleLogicGamePlay.ts as cce:/internal/x/cc.
debug: Target(preview) ends with cost 79.75570011138916ms.
debug: Dispatch build request for time accumulated 1 asset changes.
debug: Build iteration starts.
Number of accumulated asset changes: 1
Feature changed: false
debug: Target(editor) build started.
debug: Detected change: cce:/internal/x/prerequisite-imports. Last mtime: Thu Jan 01 1970 07:06:58 GMT+0700 (Indochina Time), Current mtime: Thu Jan 01 1970 07:07:04 GMT+0700 (Indochina Time)
debug: Inspect cce:/internal/x/prerequisite-imports
debug: Resolve file:///D:/PA/IceBear_PA_2024/3D/HexaSort/HexaSort_FullProject/assets/Scripts/AdHelper/IronSource.ts from cce:/internal/x/prerequisite-imports as file:///D:/PA/IceBear_PA_2024/3D/HexaSort/HexaSort_FullProject/assets/Scripts/AdHelper/IronSource.ts.
debug: Resolve file:///D:/PA/IceBear_PA_2024/3D/HexaSort/HexaSort_FullProject/assets/Scripts/Const/CONST.ts from cce:/internal/x/prerequisite-imports as file:///D:/PA/IceBear_PA_2024/3D/HexaSort/HexaSort_FullProject/assets/Scripts/Const/CONST.ts.
debug: Resolve file:///D:/PA/IceBear_PA_2024/3D/HexaSort/HexaSort_FullProject/assets/Scripts/Const/GameInfo.ts from cce:/internal/x/prerequisite-imports as file:///D:/PA/IceBear_PA_2024/3D/HexaSort/HexaSort_FullProject/assets/Scripts/Const/GameInfo.ts.
debug: Resolve file:///D:/PA/IceBear_PA_2024/3D/HexaSort/HexaSort_FullProject/assets/Scripts/Controller/BrickController.ts from cce:/internal/x/prerequisite-imports as file:///D:/PA/IceBear_PA_2024/3D/HexaSort/HexaSort_FullProject/assets/Scripts/Controller/BrickController.ts.
debug: Resolve file:///D:/PA/IceBear_PA_2024/3D/HexaSort/HexaSort_FullProject/assets/Scripts/Controller/GameController.ts from cce:/internal/x/prerequisite-imports as file:///D:/PA/IceBear_PA_2024/3D/HexaSort/HexaSort_FullProject/assets/Scripts/Controller/GameController.ts.
debug: Resolve file:///D:/PA/IceBear_PA_2024/3D/HexaSort/HexaSort_FullProject/assets/Scripts/Controller/SoundController.ts from cce:/internal/x/prerequisite-imports as file:///D:/PA/IceBear_PA_2024/3D/HexaSort/HexaSort_FullProject/assets/Scripts/Controller/SoundController.ts.
debug: Resolve file:///D:/PA/IceBear_PA_2024/3D/HexaSort/HexaSort_FullProject/assets/Scripts/Controller/UIGameController.ts from cce:/internal/x/prerequisite-imports as file:///D:/PA/IceBear_PA_2024/3D/HexaSort/HexaSort_FullProject/assets/Scripts/Controller/UIGameController.ts.
debug: Resolve file:///D:/PA/IceBear_PA_2024/3D/HexaSort/HexaSort_FullProject/assets/Scripts/GamePlay/BricksUI.ts from cce:/internal/x/prerequisite-imports as file:///D:/PA/IceBear_PA_2024/3D/HexaSort/HexaSort_FullProject/assets/Scripts/GamePlay/BricksUI.ts.
debug: Resolve file:///D:/PA/IceBear_PA_2024/3D/HexaSort/HexaSort_FullProject/assets/Scripts/GamePlay/GamePlay.ts from cce:/internal/x/prerequisite-imports as file:///D:/PA/IceBear_PA_2024/3D/HexaSort/HexaSort_FullProject/assets/Scripts/GamePlay/GamePlay.ts.
debug: Resolve file:///D:/PA/IceBear_PA_2024/3D/HexaSort/HexaSort_FullProject/assets/Scripts/GamePlay/HideMask.ts from cce:/internal/x/prerequisite-imports as file:///D:/PA/IceBear_PA_2024/3D/HexaSort/HexaSort_FullProject/assets/Scripts/GamePlay/HideMask.ts.
debug: Resolve file:///D:/PA/IceBear_PA_2024/3D/HexaSort/HexaSort_FullProject/assets/Scripts/Others/HandleLogicGamePlay.ts from cce:/internal/x/prerequisite-imports as file:///D:/PA/IceBear_PA_2024/3D/HexaSort/HexaSort_FullProject/assets/Scripts/Others/HandleLogicGamePlay.ts.
debug: Resolve file:///D:/PA/IceBear_PA_2024/3D/HexaSort/HexaSort_FullProject/assets/Scripts/Utils/EnablePhysics.ts from cce:/internal/x/prerequisite-imports as file:///D:/PA/IceBear_PA_2024/3D/HexaSort/HexaSort_FullProject/assets/Scripts/Utils/EnablePhysics.ts.
debug: Resolve file:///D:/PA/IceBear_PA_2024/3D/HexaSort/HexaSort_FullProject/assets/Scripts/Utils/Responsive.ts from cce:/internal/x/prerequisite-imports as file:///D:/PA/IceBear_PA_2024/3D/HexaSort/HexaSort_FullProject/assets/Scripts/Utils/Responsive.ts.
debug: Resolve file:///D:/PA/IceBear_PA_2024/3D/HexaSort/HexaSort_FullProject/assets/Scripts/Utils/Singleton.ts from cce:/internal/x/prerequisite-imports as file:///D:/PA/IceBear_PA_2024/3D/HexaSort/HexaSort_FullProject/assets/Scripts/Utils/Singleton.ts.
debug: Resolve file:///D:/PA/IceBear_PA_2024/3D/HexaSort/HexaSort_FullProject/assets/Scripts/Utils/Utility.ts from cce:/internal/x/prerequisite-imports as file:///D:/PA/IceBear_PA_2024/3D/HexaSort/HexaSort_FullProject/assets/Scripts/Utils/Utility.ts.
debug: Target(editor) ends with cost 39.33089995384216ms.
debug: Target(preview) build started.
debug: Detected change: cce:/internal/x/prerequisite-imports. Last mtime: Thu Jan 01 1970 07:06:58 GMT+0700 (Indochina Time), Current mtime: Thu Jan 01 1970 07:07:04 GMT+0700 (Indochina Time)
debug: Inspect cce:/internal/x/prerequisite-imports
debug: Resolve file:///D:/PA/IceBear_PA_2024/3D/HexaSort/HexaSort_FullProject/assets/Scripts/AdHelper/IronSource.ts from cce:/internal/x/prerequisite-imports as file:///D:/PA/IceBear_PA_2024/3D/HexaSort/HexaSort_FullProject/assets/Scripts/AdHelper/IronSource.ts.
debug: Resolve file:///D:/PA/IceBear_PA_2024/3D/HexaSort/HexaSort_FullProject/assets/Scripts/Const/CONST.ts from cce:/internal/x/prerequisite-imports as file:///D:/PA/IceBear_PA_2024/3D/HexaSort/HexaSort_FullProject/assets/Scripts/Const/CONST.ts.
debug: Resolve file:///D:/PA/IceBear_PA_2024/3D/HexaSort/HexaSort_FullProject/assets/Scripts/Const/GameInfo.ts from cce:/internal/x/prerequisite-imports as file:///D:/PA/IceBear_PA_2024/3D/HexaSort/HexaSort_FullProject/assets/Scripts/Const/GameInfo.ts.
debug: Resolve file:///D:/PA/IceBear_PA_2024/3D/HexaSort/HexaSort_FullProject/assets/Scripts/Controller/BrickController.ts from cce:/internal/x/prerequisite-imports as file:///D:/PA/IceBear_PA_2024/3D/HexaSort/HexaSort_FullProject/assets/Scripts/Controller/BrickController.ts.
debug: Resolve file:///D:/PA/IceBear_PA_2024/3D/HexaSort/HexaSort_FullProject/assets/Scripts/Controller/GameController.ts from cce:/internal/x/prerequisite-imports as file:///D:/PA/IceBear_PA_2024/3D/HexaSort/HexaSort_FullProject/assets/Scripts/Controller/GameController.ts.
debug: Resolve file:///D:/PA/IceBear_PA_2024/3D/HexaSort/HexaSort_FullProject/assets/Scripts/Controller/SoundController.ts from cce:/internal/x/prerequisite-imports as file:///D:/PA/IceBear_PA_2024/3D/HexaSort/HexaSort_FullProject/assets/Scripts/Controller/SoundController.ts.
debug: Resolve file:///D:/PA/IceBear_PA_2024/3D/HexaSort/HexaSort_FullProject/assets/Scripts/Controller/UIGameController.ts from cce:/internal/x/prerequisite-imports as file:///D:/PA/IceBear_PA_2024/3D/HexaSort/HexaSort_FullProject/assets/Scripts/Controller/UIGameController.ts.
debug: Resolve file:///D:/PA/IceBear_PA_2024/3D/HexaSort/HexaSort_FullProject/assets/Scripts/GamePlay/BricksUI.ts from cce:/internal/x/prerequisite-imports as file:///D:/PA/IceBear_PA_2024/3D/HexaSort/HexaSort_FullProject/assets/Scripts/GamePlay/BricksUI.ts.
debug: Resolve file:///D:/PA/IceBear_PA_2024/3D/HexaSort/HexaSort_FullProject/assets/Scripts/GamePlay/GamePlay.ts from cce:/internal/x/prerequisite-imports as file:///D:/PA/IceBear_PA_2024/3D/HexaSort/HexaSort_FullProject/assets/Scripts/GamePlay/GamePlay.ts.
debug: Resolve file:///D:/PA/IceBear_PA_2024/3D/HexaSort/HexaSort_FullProject/assets/Scripts/GamePlay/HideMask.ts from cce:/internal/x/prerequisite-imports as file:///D:/PA/IceBear_PA_2024/3D/HexaSort/HexaSort_FullProject/assets/Scripts/GamePlay/HideMask.ts.
debug: Resolve file:///D:/PA/IceBear_PA_2024/3D/HexaSort/HexaSort_FullProject/assets/Scripts/Others/HandleLogicGamePlay.ts from cce:/internal/x/prerequisite-imports as file:///D:/PA/IceBear_PA_2024/3D/HexaSort/HexaSort_FullProject/assets/Scripts/Others/HandleLogicGamePlay.ts.
debug: Resolve file:///D:/PA/IceBear_PA_2024/3D/HexaSort/HexaSort_FullProject/assets/Scripts/Utils/EnablePhysics.ts from cce:/internal/x/prerequisite-imports as file:///D:/PA/IceBear_PA_2024/3D/HexaSort/HexaSort_FullProject/assets/Scripts/Utils/EnablePhysics.ts.
debug: Resolve file:///D:/PA/IceBear_PA_2024/3D/HexaSort/HexaSort_FullProject/assets/Scripts/Utils/Responsive.ts from cce:/internal/x/prerequisite-imports as file:///D:/PA/IceBear_PA_2024/3D/HexaSort/HexaSort_FullProject/assets/Scripts/Utils/Responsive.ts.
debug: Resolve file:///D:/PA/IceBear_PA_2024/3D/HexaSort/HexaSort_FullProject/assets/Scripts/Utils/Singleton.ts from cce:/internal/x/prerequisite-imports as file:///D:/PA/IceBear_PA_2024/3D/HexaSort/HexaSort_FullProject/assets/Scripts/Utils/Singleton.ts.
debug: Resolve file:///D:/PA/IceBear_PA_2024/3D/HexaSort/HexaSort_FullProject/assets/Scripts/Utils/Utility.ts from cce:/internal/x/prerequisite-imports as file:///D:/PA/IceBear_PA_2024/3D/HexaSort/HexaSort_FullProject/assets/Scripts/Utils/Utility.ts.
debug: Target(preview) ends with cost 41.07159996032715ms.
debug: Dispatch build request for time accumulated 1 asset changes.
debug: Build iteration starts.
Number of accumulated asset changes: 1
Feature changed: false
debug: Target(editor) build started.
debug: Detected change: cce:/internal/x/prerequisite-imports. Last mtime: Thu Jan 01 1970 07:07:04 GMT+0700 (Indochina Time), Current mtime: Thu Jan 01 1970 07:07:04 GMT+0700 (Indochina Time)
debug: Inspect cce:/internal/x/prerequisite-imports
debug: Resolve file:///D:/PA/IceBear_PA_2024/3D/HexaSort/HexaSort_FullProject/assets/Scripts/AdHelper/IronSource.ts from cce:/internal/x/prerequisite-imports as file:///D:/PA/IceBear_PA_2024/3D/HexaSort/HexaSort_FullProject/assets/Scripts/AdHelper/IronSource.ts.
debug: Resolve file:///D:/PA/IceBear_PA_2024/3D/HexaSort/HexaSort_FullProject/assets/Scripts/Const/CONST.ts from cce:/internal/x/prerequisite-imports as file:///D:/PA/IceBear_PA_2024/3D/HexaSort/HexaSort_FullProject/assets/Scripts/Const/CONST.ts.
debug: Resolve file:///D:/PA/IceBear_PA_2024/3D/HexaSort/HexaSort_FullProject/assets/Scripts/Const/GameInfo.ts from cce:/internal/x/prerequisite-imports as file:///D:/PA/IceBear_PA_2024/3D/HexaSort/HexaSort_FullProject/assets/Scripts/Const/GameInfo.ts.
debug: Resolve file:///D:/PA/IceBear_PA_2024/3D/HexaSort/HexaSort_FullProject/assets/Scripts/Controller/BrickController.ts from cce:/internal/x/prerequisite-imports as file:///D:/PA/IceBear_PA_2024/3D/HexaSort/HexaSort_FullProject/assets/Scripts/Controller/BrickController.ts.
debug: Resolve file:///D:/PA/IceBear_PA_2024/3D/HexaSort/HexaSort_FullProject/assets/Scripts/Controller/GameController.ts from cce:/internal/x/prerequisite-imports as file:///D:/PA/IceBear_PA_2024/3D/HexaSort/HexaSort_FullProject/assets/Scripts/Controller/GameController.ts.
debug: Resolve file:///D:/PA/IceBear_PA_2024/3D/HexaSort/HexaSort_FullProject/assets/Scripts/Controller/SoundController.ts from cce:/internal/x/prerequisite-imports as file:///D:/PA/IceBear_PA_2024/3D/HexaSort/HexaSort_FullProject/assets/Scripts/Controller/SoundController.ts.
debug: Resolve file:///D:/PA/IceBear_PA_2024/3D/HexaSort/HexaSort_FullProject/assets/Scripts/Controller/UIGameController.ts from cce:/internal/x/prerequisite-imports as file:///D:/PA/IceBear_PA_2024/3D/HexaSort/HexaSort_FullProject/assets/Scripts/Controller/UIGameController.ts.
debug: Resolve file:///D:/PA/IceBear_PA_2024/3D/HexaSort/HexaSort_FullProject/assets/Scripts/GamePlay/GamePlay.ts from cce:/internal/x/prerequisite-imports as file:///D:/PA/IceBear_PA_2024/3D/HexaSort/HexaSort_FullProject/assets/Scripts/GamePlay/GamePlay.ts.
debug: Resolve file:///D:/PA/IceBear_PA_2024/3D/HexaSort/HexaSort_FullProject/assets/Scripts/GamePlay/HideMask.ts from cce:/internal/x/prerequisite-imports as file:///D:/PA/IceBear_PA_2024/3D/HexaSort/HexaSort_FullProject/assets/Scripts/GamePlay/HideMask.ts.
debug: Resolve file:///D:/PA/IceBear_PA_2024/3D/HexaSort/HexaSort_FullProject/assets/Scripts/Others/HandleLogicGamePlay.ts from cce:/internal/x/prerequisite-imports as file:///D:/PA/IceBear_PA_2024/3D/HexaSort/HexaSort_FullProject/assets/Scripts/Others/HandleLogicGamePlay.ts.
debug: Resolve file:///D:/PA/IceBear_PA_2024/3D/HexaSort/HexaSort_FullProject/assets/Scripts/Utils/EnablePhysics.ts from cce:/internal/x/prerequisite-imports as file:///D:/PA/IceBear_PA_2024/3D/HexaSort/HexaSort_FullProject/assets/Scripts/Utils/EnablePhysics.ts.
debug: Resolve file:///D:/PA/IceBear_PA_2024/3D/HexaSort/HexaSort_FullProject/assets/Scripts/Utils/Responsive.ts from cce:/internal/x/prerequisite-imports as file:///D:/PA/IceBear_PA_2024/3D/HexaSort/HexaSort_FullProject/assets/Scripts/Utils/Responsive.ts.
debug: Resolve file:///D:/PA/IceBear_PA_2024/3D/HexaSort/HexaSort_FullProject/assets/Scripts/Utils/Singleton.ts from cce:/internal/x/prerequisite-imports as file:///D:/PA/IceBear_PA_2024/3D/HexaSort/HexaSort_FullProject/assets/Scripts/Utils/Singleton.ts.
debug: Resolve file:///D:/PA/IceBear_PA_2024/3D/HexaSort/HexaSort_FullProject/assets/Scripts/Utils/Utility.ts from cce:/internal/x/prerequisite-imports as file:///D:/PA/IceBear_PA_2024/3D/HexaSort/HexaSort_FullProject/assets/Scripts/Utils/Utility.ts.
debug: Target(editor) ends with cost 33.426599979400635ms.
debug: Target(preview) build started.
debug: Detected change: cce:/internal/x/prerequisite-imports. Last mtime: Thu Jan 01 1970 07:07:04 GMT+0700 (Indochina Time), Current mtime: Thu Jan 01 1970 07:07:04 GMT+0700 (Indochina Time)
debug: Inspect cce:/internal/x/prerequisite-imports
debug: Resolve file:///D:/PA/IceBear_PA_2024/3D/HexaSort/HexaSort_FullProject/assets/Scripts/AdHelper/IronSource.ts from cce:/internal/x/prerequisite-imports as file:///D:/PA/IceBear_PA_2024/3D/HexaSort/HexaSort_FullProject/assets/Scripts/AdHelper/IronSource.ts.
debug: Resolve file:///D:/PA/IceBear_PA_2024/3D/HexaSort/HexaSort_FullProject/assets/Scripts/Const/CONST.ts from cce:/internal/x/prerequisite-imports as file:///D:/PA/IceBear_PA_2024/3D/HexaSort/HexaSort_FullProject/assets/Scripts/Const/CONST.ts.
debug: Resolve file:///D:/PA/IceBear_PA_2024/3D/HexaSort/HexaSort_FullProject/assets/Scripts/Const/GameInfo.ts from cce:/internal/x/prerequisite-imports as file:///D:/PA/IceBear_PA_2024/3D/HexaSort/HexaSort_FullProject/assets/Scripts/Const/GameInfo.ts.
debug: Resolve file:///D:/PA/IceBear_PA_2024/3D/HexaSort/HexaSort_FullProject/assets/Scripts/Controller/BrickController.ts from cce:/internal/x/prerequisite-imports as file:///D:/PA/IceBear_PA_2024/3D/HexaSort/HexaSort_FullProject/assets/Scripts/Controller/BrickController.ts.
debug: Resolve file:///D:/PA/IceBear_PA_2024/3D/HexaSort/HexaSort_FullProject/assets/Scripts/Controller/GameController.ts from cce:/internal/x/prerequisite-imports as file:///D:/PA/IceBear_PA_2024/3D/HexaSort/HexaSort_FullProject/assets/Scripts/Controller/GameController.ts.
debug: Resolve file:///D:/PA/IceBear_PA_2024/3D/HexaSort/HexaSort_FullProject/assets/Scripts/Controller/SoundController.ts from cce:/internal/x/prerequisite-imports as file:///D:/PA/IceBear_PA_2024/3D/HexaSort/HexaSort_FullProject/assets/Scripts/Controller/SoundController.ts.
debug: Resolve file:///D:/PA/IceBear_PA_2024/3D/HexaSort/HexaSort_FullProject/assets/Scripts/Controller/UIGameController.ts from cce:/internal/x/prerequisite-imports as file:///D:/PA/IceBear_PA_2024/3D/HexaSort/HexaSort_FullProject/assets/Scripts/Controller/UIGameController.ts.
debug: Resolve file:///D:/PA/IceBear_PA_2024/3D/HexaSort/HexaSort_FullProject/assets/Scripts/GamePlay/GamePlay.ts from cce:/internal/x/prerequisite-imports as file:///D:/PA/IceBear_PA_2024/3D/HexaSort/HexaSort_FullProject/assets/Scripts/GamePlay/GamePlay.ts.
debug: Resolve file:///D:/PA/IceBear_PA_2024/3D/HexaSort/HexaSort_FullProject/assets/Scripts/GamePlay/HideMask.ts from cce:/internal/x/prerequisite-imports as file:///D:/PA/IceBear_PA_2024/3D/HexaSort/HexaSort_FullProject/assets/Scripts/GamePlay/HideMask.ts.
debug: Resolve file:///D:/PA/IceBear_PA_2024/3D/HexaSort/HexaSort_FullProject/assets/Scripts/Others/HandleLogicGamePlay.ts from cce:/internal/x/prerequisite-imports as file:///D:/PA/IceBear_PA_2024/3D/HexaSort/HexaSort_FullProject/assets/Scripts/Others/HandleLogicGamePlay.ts.
debug: Resolve file:///D:/PA/IceBear_PA_2024/3D/HexaSort/HexaSort_FullProject/assets/Scripts/Utils/EnablePhysics.ts from cce:/internal/x/prerequisite-imports as file:///D:/PA/IceBear_PA_2024/3D/HexaSort/HexaSort_FullProject/assets/Scripts/Utils/EnablePhysics.ts.
debug: Resolve file:///D:/PA/IceBear_PA_2024/3D/HexaSort/HexaSort_FullProject/assets/Scripts/Utils/Responsive.ts from cce:/internal/x/prerequisite-imports as file:///D:/PA/IceBear_PA_2024/3D/HexaSort/HexaSort_FullProject/assets/Scripts/Utils/Responsive.ts.
debug: Resolve file:///D:/PA/IceBear_PA_2024/3D/HexaSort/HexaSort_FullProject/assets/Scripts/Utils/Singleton.ts from cce:/internal/x/prerequisite-imports as file:///D:/PA/IceBear_PA_2024/3D/HexaSort/HexaSort_FullProject/assets/Scripts/Utils/Singleton.ts.
debug: Resolve file:///D:/PA/IceBear_PA_2024/3D/HexaSort/HexaSort_FullProject/assets/Scripts/Utils/Utility.ts from cce:/internal/x/prerequisite-imports as file:///D:/PA/IceBear_PA_2024/3D/HexaSort/HexaSort_FullProject/assets/Scripts/Utils/Utility.ts.
debug: Target(preview) ends with cost 34.38409996032715ms.
debug: Dispatch build request for time accumulated 1 asset changes.
debug: Build iteration starts.
Number of accumulated asset changes: 1
Feature changed: false
debug: Target(editor) build started.
debug: Detected change: cce:/internal/x/prerequisite-imports. Last mtime: Thu Jan 01 1970 07:07:04 GMT+0700 (Indochina Time), Current mtime: Thu Jan 01 1970 07:31:40 GMT+0700 (Indochina Time)
debug: Inspect cce:/internal/x/prerequisite-imports
debug: Resolve file:///D:/PA/IceBear_PA_2024/3D/HexaSort/HexaSort_FullProject/assets/Scripts/AdHelper/IronSource.ts from cce:/internal/x/prerequisite-imports as file:///D:/PA/IceBear_PA_2024/3D/HexaSort/HexaSort_FullProject/assets/Scripts/AdHelper/IronSource.ts.
debug: Resolve file:///D:/PA/IceBear_PA_2024/3D/HexaSort/HexaSort_FullProject/assets/Scripts/Const/GameInfo.ts from cce:/internal/x/prerequisite-imports as file:///D:/PA/IceBear_PA_2024/3D/HexaSort/HexaSort_FullProject/assets/Scripts/Const/GameInfo.ts.
debug: Resolve file:///D:/PA/IceBear_PA_2024/3D/HexaSort/HexaSort_FullProject/assets/Scripts/Const/CONST.ts from cce:/internal/x/prerequisite-imports as file:///D:/PA/IceBear_PA_2024/3D/HexaSort/HexaSort_FullProject/assets/Scripts/Const/CONST.ts.
debug: Resolve file:///D:/PA/IceBear_PA_2024/3D/HexaSort/HexaSort_FullProject/assets/Scripts/Controller/BrickController.ts from cce:/internal/x/prerequisite-imports as file:///D:/PA/IceBear_PA_2024/3D/HexaSort/HexaSort_FullProject/assets/Scripts/Controller/BrickController.ts.
debug: Resolve file:///D:/PA/IceBear_PA_2024/3D/HexaSort/HexaSort_FullProject/assets/Scripts/Controller/GameController.ts from cce:/internal/x/prerequisite-imports as file:///D:/PA/IceBear_PA_2024/3D/HexaSort/HexaSort_FullProject/assets/Scripts/Controller/GameController.ts.
debug: Resolve file:///D:/PA/IceBear_PA_2024/3D/HexaSort/HexaSort_FullProject/assets/Scripts/Controller/SoundController.ts from cce:/internal/x/prerequisite-imports as file:///D:/PA/IceBear_PA_2024/3D/HexaSort/HexaSort_FullProject/assets/Scripts/Controller/SoundController.ts.
debug: Resolve file:///D:/PA/IceBear_PA_2024/3D/HexaSort/HexaSort_FullProject/assets/Scripts/Controller/UIGameController.ts from cce:/internal/x/prerequisite-imports as file:///D:/PA/IceBear_PA_2024/3D/HexaSort/HexaSort_FullProject/assets/Scripts/Controller/UIGameController.ts.
debug: Resolve file:///D:/PA/IceBear_PA_2024/3D/HexaSort/HexaSort_FullProject/assets/Scripts/GamePlay/HideMask.ts from cce:/internal/x/prerequisite-imports as file:///D:/PA/IceBear_PA_2024/3D/HexaSort/HexaSort_FullProject/assets/Scripts/GamePlay/HideMask.ts.
debug: Resolve file:///D:/PA/IceBear_PA_2024/3D/HexaSort/HexaSort_FullProject/assets/Scripts/GamePlay/GamePlay.ts from cce:/internal/x/prerequisite-imports as file:///D:/PA/IceBear_PA_2024/3D/HexaSort/HexaSort_FullProject/assets/Scripts/GamePlay/GamePlay.ts.
debug: Resolve file:///D:/PA/IceBear_PA_2024/3D/HexaSort/HexaSort_FullProject/assets/Scripts/Others/HandleLogicGamePlay.ts from cce:/internal/x/prerequisite-imports as file:///D:/PA/IceBear_PA_2024/3D/HexaSort/HexaSort_FullProject/assets/Scripts/Others/HandleLogicGamePlay.ts.
debug: Resolve file:///D:/PA/IceBear_PA_2024/3D/HexaSort/HexaSort_FullProject/assets/Scripts/Utils/EnablePhysics.ts from cce:/internal/x/prerequisite-imports as file:///D:/PA/IceBear_PA_2024/3D/HexaSort/HexaSort_FullProject/assets/Scripts/Utils/EnablePhysics.ts.
debug: Resolve file:///D:/PA/IceBear_PA_2024/3D/HexaSort/HexaSort_FullProject/assets/Scripts/Utils/Responsive.ts from cce:/internal/x/prerequisite-imports as file:///D:/PA/IceBear_PA_2024/3D/HexaSort/HexaSort_FullProject/assets/Scripts/Utils/Responsive.ts.
debug: Resolve file:///D:/PA/IceBear_PA_2024/3D/HexaSort/HexaSort_FullProject/assets/Scripts/Utils/Singleton.ts from cce:/internal/x/prerequisite-imports as file:///D:/PA/IceBear_PA_2024/3D/HexaSort/HexaSort_FullProject/assets/Scripts/Utils/Singleton.ts.
debug: Resolve file:///D:/PA/IceBear_PA_2024/3D/HexaSort/HexaSort_FullProject/assets/Scripts/Utils/Utility.ts from cce:/internal/x/prerequisite-imports as file:///D:/PA/IceBear_PA_2024/3D/HexaSort/HexaSort_FullProject/assets/Scripts/Utils/Utility.ts.
debug: Detected change: file:///D:/PA/IceBear_PA_2024/3D/HexaSort/HexaSort_FullProject/assets/Scripts/Others/HandleLogicGamePlay.ts. Last mtime: Wed Jan 29 2025 23:34:41 GMT+0700 (Indochina Time)@45fe3322-0661-48ba-b1ba-b8f4ddcac881, Current mtime: Wed Jan 29 2025 23:59:46 GMT+0700 (Indochina Time)@45fe3322-0661-48ba-b1ba-b8f4ddcac881
debug: Inspect file:///D:/PA/IceBear_PA_2024/3D/HexaSort/HexaSort_FullProject/assets/Scripts/Others/HandleLogicGamePlay.ts
debug: Resolve cc from file:///D:/PA/IceBear_PA_2024/3D/HexaSort/HexaSort_FullProject/assets/Scripts/Others/HandleLogicGamePlay.ts as cce:/internal/x/cc.
debug: Resolve cc from file:///D:/PA/IceBear_PA_2024/3D/HexaSort/HexaSort_FullProject/assets/Scripts/Others/HandleLogicGamePlay.ts as cce:/internal/x/cc.
debug: Target(editor) ends with cost 65.48950004577637ms.
debug: Target(preview) build started.
debug: Detected change: cce:/internal/x/prerequisite-imports. Last mtime: Thu Jan 01 1970 07:07:04 GMT+0700 (Indochina Time), Current mtime: Thu Jan 01 1970 07:31:40 GMT+0700 (Indochina Time)
debug: Inspect cce:/internal/x/prerequisite-imports
debug: Resolve file:///D:/PA/IceBear_PA_2024/3D/HexaSort/HexaSort_FullProject/assets/Scripts/AdHelper/IronSource.ts from cce:/internal/x/prerequisite-imports as file:///D:/PA/IceBear_PA_2024/3D/HexaSort/HexaSort_FullProject/assets/Scripts/AdHelper/IronSource.ts.
debug: Resolve file:///D:/PA/IceBear_PA_2024/3D/HexaSort/HexaSort_FullProject/assets/Scripts/Const/CONST.ts from cce:/internal/x/prerequisite-imports as file:///D:/PA/IceBear_PA_2024/3D/HexaSort/HexaSort_FullProject/assets/Scripts/Const/CONST.ts.
debug: Resolve file:///D:/PA/IceBear_PA_2024/3D/HexaSort/HexaSort_FullProject/assets/Scripts/Const/GameInfo.ts from cce:/internal/x/prerequisite-imports as file:///D:/PA/IceBear_PA_2024/3D/HexaSort/HexaSort_FullProject/assets/Scripts/Const/GameInfo.ts.
debug: Resolve file:///D:/PA/IceBear_PA_2024/3D/HexaSort/HexaSort_FullProject/assets/Scripts/Controller/BrickController.ts from cce:/internal/x/prerequisite-imports as file:///D:/PA/IceBear_PA_2024/3D/HexaSort/HexaSort_FullProject/assets/Scripts/Controller/BrickController.ts.
debug: Resolve file:///D:/PA/IceBear_PA_2024/3D/HexaSort/HexaSort_FullProject/assets/Scripts/Controller/GameController.ts from cce:/internal/x/prerequisite-imports as file:///D:/PA/IceBear_PA_2024/3D/HexaSort/HexaSort_FullProject/assets/Scripts/Controller/GameController.ts.
debug: Resolve file:///D:/PA/IceBear_PA_2024/3D/HexaSort/HexaSort_FullProject/assets/Scripts/Controller/SoundController.ts from cce:/internal/x/prerequisite-imports as file:///D:/PA/IceBear_PA_2024/3D/HexaSort/HexaSort_FullProject/assets/Scripts/Controller/SoundController.ts.
debug: Resolve file:///D:/PA/IceBear_PA_2024/3D/HexaSort/HexaSort_FullProject/assets/Scripts/Controller/UIGameController.ts from cce:/internal/x/prerequisite-imports as file:///D:/PA/IceBear_PA_2024/3D/HexaSort/HexaSort_FullProject/assets/Scripts/Controller/UIGameController.ts.
debug: Resolve file:///D:/PA/IceBear_PA_2024/3D/HexaSort/HexaSort_FullProject/assets/Scripts/GamePlay/GamePlay.ts from cce:/internal/x/prerequisite-imports as file:///D:/PA/IceBear_PA_2024/3D/HexaSort/HexaSort_FullProject/assets/Scripts/GamePlay/GamePlay.ts.
debug: Resolve file:///D:/PA/IceBear_PA_2024/3D/HexaSort/HexaSort_FullProject/assets/Scripts/GamePlay/HideMask.ts from cce:/internal/x/prerequisite-imports as file:///D:/PA/IceBear_PA_2024/3D/HexaSort/HexaSort_FullProject/assets/Scripts/GamePlay/HideMask.ts.
debug: Resolve file:///D:/PA/IceBear_PA_2024/3D/HexaSort/HexaSort_FullProject/assets/Scripts/Others/HandleLogicGamePlay.ts from cce:/internal/x/prerequisite-imports as file:///D:/PA/IceBear_PA_2024/3D/HexaSort/HexaSort_FullProject/assets/Scripts/Others/HandleLogicGamePlay.ts.
debug: Resolve file:///D:/PA/IceBear_PA_2024/3D/HexaSort/HexaSort_FullProject/assets/Scripts/Utils/EnablePhysics.ts from cce:/internal/x/prerequisite-imports as file:///D:/PA/IceBear_PA_2024/3D/HexaSort/HexaSort_FullProject/assets/Scripts/Utils/EnablePhysics.ts.
debug: Resolve file:///D:/PA/IceBear_PA_2024/3D/HexaSort/HexaSort_FullProject/assets/Scripts/Utils/Responsive.ts from cce:/internal/x/prerequisite-imports as file:///D:/PA/IceBear_PA_2024/3D/HexaSort/HexaSort_FullProject/assets/Scripts/Utils/Responsive.ts.
debug: Resolve file:///D:/PA/IceBear_PA_2024/3D/HexaSort/HexaSort_FullProject/assets/Scripts/Utils/Singleton.ts from cce:/internal/x/prerequisite-imports as file:///D:/PA/IceBear_PA_2024/3D/HexaSort/HexaSort_FullProject/assets/Scripts/Utils/Singleton.ts.
debug: Resolve file:///D:/PA/IceBear_PA_2024/3D/HexaSort/HexaSort_FullProject/assets/Scripts/Utils/Utility.ts from cce:/internal/x/prerequisite-imports as file:///D:/PA/IceBear_PA_2024/3D/HexaSort/HexaSort_FullProject/assets/Scripts/Utils/Utility.ts.
debug: Detected change: file:///D:/PA/IceBear_PA_2024/3D/HexaSort/HexaSort_FullProject/assets/Scripts/Others/HandleLogicGamePlay.ts. Last mtime: Wed Jan 29 2025 23:34:41 GMT+0700 (Indochina Time)@45fe3322-0661-48ba-b1ba-b8f4ddcac881, Current mtime: Wed Jan 29 2025 23:59:46 GMT+0700 (Indochina Time)@45fe3322-0661-48ba-b1ba-b8f4ddcac881
debug: Inspect file:///D:/PA/IceBear_PA_2024/3D/HexaSort/HexaSort_FullProject/assets/Scripts/Others/HandleLogicGamePlay.ts
debug: Resolve cc from file:///D:/PA/IceBear_PA_2024/3D/HexaSort/HexaSort_FullProject/assets/Scripts/Others/HandleLogicGamePlay.ts as cce:/internal/x/cc.
debug: Resolve cc from file:///D:/PA/IceBear_PA_2024/3D/HexaSort/HexaSort_FullProject/assets/Scripts/Others/HandleLogicGamePlay.ts as cce:/internal/x/cc.
debug: Target(preview) ends with cost 54.99329996109009ms.
