debug: Fri, 27 Dec 2024 11:42:48 GMT
debug: Project: D:\CocosProjects\Amobear\GTA_All
debug: Targets: editor,preview
debug: Incremental file seems great.
debug: Engine path: C:\ProgramData\cocos\editors\Creator\3.4.2\resources\resources\3d\engine
debug: Initializing target [Editor]
debug: Loading cache
debug: Loading cache costs 20.271000027656555ms.
debug: Engine features shipped in editor: base,gfx-webgl,gfx-webgl2,3d,2d,ui,particle,particle-2d,physics-framework,physics-2d-framework,intersection-2d,primitive,profiler,audio,video,terrain,webview,tween,tiled-map,spine,dragon-bones,marionette
debug: Initializing target [Preview]
debug: Loading cache
debug: Loading cache costs 19.57990002632141ms.
debug: Sync engine features: 2d,3d,audio,base,gfx-webgl,gfx-webgl2,intersection-2d,particle,physics-cannon,primitive,spine,tween,ui
debug: Pulling asset-db.
debug: Fetch asset-db cost: 38.223999977111816ms.
debug: Build iteration starts.
Number of accumulated asset changes: 35
Feature changed: false
debug: Target(editor) build started.
debug: Detected change: cce:/internal/x/cc. Last mtime: Thu Jan 01 1970 08:00:05 GMT+0800 (Indochina Time), Current mtime: Thu Jan 01 1970 08:00:05 GMT+0800 (Indochina Time)
debug: Inspect cce:/internal/x/cc
debug: Resolve cce:/internal/x/cc-fu/base from cce:/internal/x/cc as external dependency cce:/internal/x/cc-fu/base.
debug: Resolve cce:/internal/x/cc-fu/gfx-webgl from cce:/internal/x/cc as external dependency cce:/internal/x/cc-fu/gfx-webgl.
debug: Resolve cce:/internal/x/cc-fu/gfx-webgl2 from cce:/internal/x/cc as external dependency cce:/internal/x/cc-fu/gfx-webgl2.
debug: Resolve cce:/internal/x/cc-fu/3d from cce:/internal/x/cc as external dependency cce:/internal/x/cc-fu/3d.
debug: Resolve cce:/internal/x/cc-fu/2d from cce:/internal/x/cc as external dependency cce:/internal/x/cc-fu/2d.
debug: Resolve cce:/internal/x/cc-fu/ui from cce:/internal/x/cc as external dependency cce:/internal/x/cc-fu/ui.
debug: Resolve cce:/internal/x/cc-fu/particle from cce:/internal/x/cc as external dependency cce:/internal/x/cc-fu/particle.
debug: Resolve cce:/internal/x/cc-fu/particle-2d from cce:/internal/x/cc as external dependency cce:/internal/x/cc-fu/particle-2d.
debug: Resolve cce:/internal/x/cc-fu/physics-framework from cce:/internal/x/cc as external dependency cce:/internal/x/cc-fu/physics-framework.
debug: Resolve cce:/internal/x/cc-fu/physics-2d-framework from cce:/internal/x/cc as external dependency cce:/internal/x/cc-fu/physics-2d-framework.
debug: Resolve cce:/internal/x/cc-fu/intersection-2d from cce:/internal/x/cc as external dependency cce:/internal/x/cc-fu/intersection-2d.
debug: Resolve cce:/internal/x/cc-fu/primitive from cce:/internal/x/cc as external dependency cce:/internal/x/cc-fu/primitive.
debug: Resolve cce:/internal/x/cc-fu/profiler from cce:/internal/x/cc as external dependency cce:/internal/x/cc-fu/profiler.
debug: Resolve cce:/internal/x/cc-fu/audio from cce:/internal/x/cc as external dependency cce:/internal/x/cc-fu/audio.
debug: Resolve cce:/internal/x/cc-fu/video from cce:/internal/x/cc as external dependency cce:/internal/x/cc-fu/video.
debug: Resolve cce:/internal/x/cc-fu/terrain from cce:/internal/x/cc as external dependency cce:/internal/x/cc-fu/terrain.
debug: Resolve cce:/internal/x/cc-fu/webview from cce:/internal/x/cc as external dependency cce:/internal/x/cc-fu/webview.
debug: Resolve cce:/internal/x/cc-fu/tween from cce:/internal/x/cc as external dependency cce:/internal/x/cc-fu/tween.
debug: Resolve cce:/internal/x/cc-fu/tiled-map from cce:/internal/x/cc as external dependency cce:/internal/x/cc-fu/tiled-map.
debug: Resolve cce:/internal/x/cc-fu/spine from cce:/internal/x/cc as external dependency cce:/internal/x/cc-fu/spine.
debug: Resolve cce:/internal/x/cc-fu/dragon-bones from cce:/internal/x/cc as external dependency cce:/internal/x/cc-fu/dragon-bones.
debug: Detected change: cce:/internal/x/prerequisite-imports. Last mtime: Thu Jan 01 1970 13:43:28 GMT+0800 (Indochina Time), Current mtime: Thu Jan 01 1970 08:00:12 GMT+0800 (Indochina Time)
debug: Inspect cce:/internal/x/prerequisite-imports
debug: Resolve file:///D:/CocosProjects/Amobear/GTA_All/assets/scripts/CONST/GameInfo.ts from cce:/internal/x/prerequisite-imports as file:///D:/CocosProjects/Amobear/GTA_All/assets/scripts/CONST/GameInfo.ts.
debug: Resolve file:///D:/CocosProjects/Amobear/GTA_All/assets/scripts/CONST/interfaces.ts from cce:/internal/x/prerequisite-imports as file:///D:/CocosProjects/Amobear/GTA_All/assets/scripts/CONST/interfaces.ts.
debug: Resolve file:///D:/CocosProjects/Amobear/GTA_All/assets/scripts/CTA.ts from cce:/internal/x/prerequisite-imports as file:///D:/CocosProjects/Amobear/GTA_All/assets/scripts/CTA.ts.
debug: Resolve file:///D:/CocosProjects/Amobear/GTA_All/assets/scripts/CharacterController.ts from cce:/internal/x/prerequisite-imports as file:///D:/CocosProjects/Amobear/GTA_All/assets/scripts/CharacterController.ts.
debug: Resolve file:///D:/CocosProjects/Amobear/GTA_All/assets/scripts/Controller/CONST.ts from cce:/internal/x/prerequisite-imports as file:///D:/CocosProjects/Amobear/GTA_All/assets/scripts/Controller/CONST.ts.
debug: Resolve file:///D:/CocosProjects/Amobear/GTA_All/assets/scripts/Controller/SoundController.ts from cce:/internal/x/prerequisite-imports as file:///D:/CocosProjects/Amobear/GTA_All/assets/scripts/Controller/SoundController.ts.
debug: Resolve file:///D:/CocosProjects/Amobear/GTA_All/assets/scripts/Controller/GameController.ts from cce:/internal/x/prerequisite-imports as file:///D:/CocosProjects/Amobear/GTA_All/assets/scripts/Controller/GameController.ts.
debug: Resolve file:///D:/CocosProjects/Amobear/GTA_All/assets/scripts/Options/PA_08/PA_08_Character.ts from cce:/internal/x/prerequisite-imports as file:///D:/CocosProjects/Amobear/GTA_All/assets/scripts/Options/PA_08/PA_08_Character.ts.
debug: Resolve file:///D:/CocosProjects/Amobear/GTA_All/assets/scripts/Options/PA_08/PA_08_Moto.ts from cce:/internal/x/prerequisite-imports as file:///D:/CocosProjects/Amobear/GTA_All/assets/scripts/Options/PA_08/PA_08_Moto.ts.
debug: Resolve file:///D:/CocosProjects/Amobear/GTA_All/assets/scripts/Options/PA_08/PA_08_UI.ts from cce:/internal/x/prerequisite-imports as file:///D:/CocosProjects/Amobear/GTA_All/assets/scripts/Options/PA_08/PA_08_UI.ts.
debug: Resolve file:///D:/CocosProjects/Amobear/GTA_All/assets/scripts/Options/PA_08/PA_08_PoliceCar.ts from cce:/internal/x/prerequisite-imports as file:///D:/CocosProjects/Amobear/GTA_All/assets/scripts/Options/PA_08/PA_08_PoliceCar.ts.
debug: Resolve file:///D:/CocosProjects/Amobear/GTA_All/assets/scripts/Options/PA_09/PA_09_Character.ts from cce:/internal/x/prerequisite-imports as file:///D:/CocosProjects/Amobear/GTA_All/assets/scripts/Options/PA_09/PA_09_Character.ts.
debug: Resolve file:///D:/CocosProjects/Amobear/GTA_All/assets/scripts/Options/PA_09/PA_09_Responsive.ts from cce:/internal/x/prerequisite-imports as file:///D:/CocosProjects/Amobear/GTA_All/assets/scripts/Options/PA_09/PA_09_Responsive.ts.
debug: Resolve file:///D:/CocosProjects/Amobear/GTA_All/assets/scripts/Options/PA_09/PA_09_UI.ts from cce:/internal/x/prerequisite-imports as file:///D:/CocosProjects/Amobear/GTA_All/assets/scripts/Options/PA_09/PA_09_UI.ts.
debug: Resolve file:///D:/CocosProjects/Amobear/GTA_All/assets/scripts/Options/PA_10/PA_10_Character.ts from cce:/internal/x/prerequisite-imports as file:///D:/CocosProjects/Amobear/GTA_All/assets/scripts/Options/PA_10/PA_10_Character.ts.
debug: Resolve file:///D:/CocosProjects/Amobear/GTA_All/assets/scripts/Options/PA_10/PA_10_GameController.ts from cce:/internal/x/prerequisite-imports as file:///D:/CocosProjects/Amobear/GTA_All/assets/scripts/Options/PA_10/PA_10_GameController.ts.
debug: Resolve file:///D:/CocosProjects/Amobear/GTA_All/assets/scripts/Options/PA_10/PA_10_HideMask.ts from cce:/internal/x/prerequisite-imports as file:///D:/CocosProjects/Amobear/GTA_All/assets/scripts/Options/PA_10/PA_10_HideMask.ts.
debug: Resolve file:///D:/CocosProjects/Amobear/GTA_All/assets/scripts/Options/PA_10/PA_10_Responsive.ts from cce:/internal/x/prerequisite-imports as file:///D:/CocosProjects/Amobear/GTA_All/assets/scripts/Options/PA_10/PA_10_Responsive.ts.
debug: Resolve file:///D:/CocosProjects/Amobear/GTA_All/assets/scripts/Options/PA_10/PA_10_UI.ts from cce:/internal/x/prerequisite-imports as file:///D:/CocosProjects/Amobear/GTA_All/assets/scripts/Options/PA_10/PA_10_UI.ts.
debug: Resolve file:///D:/CocosProjects/Amobear/GTA_All/assets/scripts/Options/PA_11/PA_11_CharHealth.ts from cce:/internal/x/prerequisite-imports as file:///D:/CocosProjects/Amobear/GTA_All/assets/scripts/Options/PA_11/PA_11_CharHealth.ts.
debug: Resolve file:///D:/CocosProjects/Amobear/GTA_All/assets/scripts/Options/PA_11/PA_11_Character.ts from cce:/internal/x/prerequisite-imports as file:///D:/CocosProjects/Amobear/GTA_All/assets/scripts/Options/PA_11/PA_11_Character.ts.
debug: Resolve file:///D:/CocosProjects/Amobear/GTA_All/assets/scripts/Options/PA_11/PA_11_GameController.ts from cce:/internal/x/prerequisite-imports as file:///D:/CocosProjects/Amobear/GTA_All/assets/scripts/Options/PA_11/PA_11_GameController.ts.
debug: Resolve file:///D:/CocosProjects/Amobear/GTA_All/assets/scripts/Options/PA_11/PA_11_HideMask.ts from cce:/internal/x/prerequisite-imports as file:///D:/CocosProjects/Amobear/GTA_All/assets/scripts/Options/PA_11/PA_11_HideMask.ts.
debug: Resolve file:///D:/CocosProjects/Amobear/GTA_All/assets/scripts/Options/PA_11/PA_11_Responsive.ts from cce:/internal/x/prerequisite-imports as file:///D:/CocosProjects/Amobear/GTA_All/assets/scripts/Options/PA_11/PA_11_Responsive.ts.
debug: Resolve file:///D:/CocosProjects/Amobear/GTA_All/assets/scripts/Options/PA_11/PA_11_UI.ts from cce:/internal/x/prerequisite-imports as file:///D:/CocosProjects/Amobear/GTA_All/assets/scripts/Options/PA_11/PA_11_UI.ts.
debug: Resolve file:///D:/CocosProjects/Amobear/GTA_All/assets/scripts/Others/IronSource.ts from cce:/internal/x/prerequisite-imports as file:///D:/CocosProjects/Amobear/GTA_All/assets/scripts/Others/IronSource.ts.
debug: Resolve file:///D:/CocosProjects/Amobear/GTA_All/assets/scripts/Others/Responsive.ts from cce:/internal/x/prerequisite-imports as file:///D:/CocosProjects/Amobear/GTA_All/assets/scripts/Others/Responsive.ts.
debug: Resolve file:///D:/CocosProjects/Amobear/GTA_All/assets/scripts/Others/Singleton.ts from cce:/internal/x/prerequisite-imports as file:///D:/CocosProjects/Amobear/GTA_All/assets/scripts/Others/Singleton.ts.
debug: Resolve file:///D:/CocosProjects/Amobear/GTA_All/assets/scripts/UI/UI_OnClick.ts from cce:/internal/x/prerequisite-imports as file:///D:/CocosProjects/Amobear/GTA_All/assets/scripts/UI/UI_OnClick.ts.
debug: Resolve file:///D:/CocosProjects/Amobear/GTA_All/assets/scripts/camera/Cinematic.ts from cce:/internal/x/prerequisite-imports as file:///D:/CocosProjects/Amobear/GTA_All/assets/scripts/camera/Cinematic.ts.
debug: Resolve file:///D:/CocosProjects/Amobear/GTA_All/assets/scripts/UI/UI_HideMask.ts from cce:/internal/x/prerequisite-imports as file:///D:/CocosProjects/Amobear/GTA_All/assets/scripts/UI/UI_HideMask.ts.
debug: Resolve file:///D:/CocosProjects/Amobear/GTA_All/assets/scripts/camera/FreeCamera.ts from cce:/internal/x/prerequisite-imports as file:///D:/CocosProjects/Amobear/GTA_All/assets/scripts/camera/FreeCamera.ts.
debug: Resolve file:///D:/CocosProjects/Amobear/GTA_All/assets/scripts/camera/ThirdPersonCamera.ts from cce:/internal/x/prerequisite-imports as file:///D:/CocosProjects/Amobear/GTA_All/assets/scripts/camera/ThirdPersonCamera.ts.
debug: Resolve file:///D:/CocosProjects/Amobear/GTA_All/assets/scripts/joystick/EasyController.ts from cce:/internal/x/prerequisite-imports as file:///D:/CocosProjects/Amobear/GTA_All/assets/scripts/joystick/EasyController.ts.
debug: Resolve file:///D:/CocosProjects/Amobear/GTA_All/assets/scripts/joystick/JoystickController.ts from cce:/internal/x/prerequisite-imports as file:///D:/CocosProjects/Amobear/GTA_All/assets/scripts/joystick/JoystickController.ts.
debug: Detected change: cce:/internal/code-quality/cr.mjs. Last mtime: Thu Dec 26 2024 13:24:46 GMT+0700 (Indochina Time), Current mtime: Fri Dec 27 2024 18:42:43 GMT+0700 (Indochina Time)
debug: Inspect cce:/internal/code-quality/cr.mjs
debug: Target(editor) ends with cost 115.19690001010895ms.
debug: Target(preview) build started.
debug: Detected change: cce:/internal/x/cc. Last mtime: Thu Jan 01 1970 08:43:12 GMT+0800 (Indochina Time), Current mtime: Thu Jan 01 1970 08:00:05 GMT+0800 (Indochina Time)
debug: Inspect cce:/internal/x/cc
debug: Resolve cce:/internal/x/cc-fu/2d from cce:/internal/x/cc as external dependency cce:/internal/x/cc-fu/2d.
debug: Resolve cce:/internal/x/cc-fu/3d from cce:/internal/x/cc as external dependency cce:/internal/x/cc-fu/3d.
debug: Resolve cce:/internal/x/cc-fu/audio from cce:/internal/x/cc as external dependency cce:/internal/x/cc-fu/audio.
debug: Resolve cce:/internal/x/cc-fu/base from cce:/internal/x/cc as external dependency cce:/internal/x/cc-fu/base.
debug: Resolve cce:/internal/x/cc-fu/gfx-webgl from cce:/internal/x/cc as external dependency cce:/internal/x/cc-fu/gfx-webgl.
debug: Resolve cce:/internal/x/cc-fu/gfx-webgl2 from cce:/internal/x/cc as external dependency cce:/internal/x/cc-fu/gfx-webgl2.
debug: Resolve cce:/internal/x/cc-fu/intersection-2d from cce:/internal/x/cc as external dependency cce:/internal/x/cc-fu/intersection-2d.
debug: Resolve cce:/internal/x/cc-fu/particle from cce:/internal/x/cc as external dependency cce:/internal/x/cc-fu/particle.
debug: Resolve cce:/internal/x/cc-fu/physics-cannon from cce:/internal/x/cc as external dependency cce:/internal/x/cc-fu/physics-cannon.
debug: Resolve cce:/internal/x/cc-fu/physics-framework from cce:/internal/x/cc as external dependency cce:/internal/x/cc-fu/physics-framework.
debug: Resolve cce:/internal/x/cc-fu/primitive from cce:/internal/x/cc as external dependency cce:/internal/x/cc-fu/primitive.
debug: Resolve cce:/internal/x/cc-fu/spine from cce:/internal/x/cc as external dependency cce:/internal/x/cc-fu/spine.
debug: Resolve cce:/internal/x/cc-fu/tween from cce:/internal/x/cc as external dependency cce:/internal/x/cc-fu/tween.
debug: Resolve cce:/internal/x/cc-fu/ui from cce:/internal/x/cc as external dependency cce:/internal/x/cc-fu/ui.
debug: Detected change: cce:/internal/x/prerequisite-imports. Last mtime: Thu Jan 01 1970 13:43:28 GMT+0800 (Indochina Time), Current mtime: Thu Jan 01 1970 08:00:13 GMT+0800 (Indochina Time)
debug: Inspect cce:/internal/x/prerequisite-imports
debug: Resolve file:///D:/CocosProjects/Amobear/GTA_All/assets/scripts/CONST/GameInfo.ts from cce:/internal/x/prerequisite-imports as file:///D:/CocosProjects/Amobear/GTA_All/assets/scripts/CONST/GameInfo.ts.
debug: Resolve file:///D:/CocosProjects/Amobear/GTA_All/assets/scripts/CONST/interfaces.ts from cce:/internal/x/prerequisite-imports as file:///D:/CocosProjects/Amobear/GTA_All/assets/scripts/CONST/interfaces.ts.
debug: Resolve file:///D:/CocosProjects/Amobear/GTA_All/assets/scripts/CTA.ts from cce:/internal/x/prerequisite-imports as file:///D:/CocosProjects/Amobear/GTA_All/assets/scripts/CTA.ts.
debug: Resolve file:///D:/CocosProjects/Amobear/GTA_All/assets/scripts/Controller/CONST.ts from cce:/internal/x/prerequisite-imports as file:///D:/CocosProjects/Amobear/GTA_All/assets/scripts/Controller/CONST.ts.
debug: Resolve file:///D:/CocosProjects/Amobear/GTA_All/assets/scripts/CharacterController.ts from cce:/internal/x/prerequisite-imports as file:///D:/CocosProjects/Amobear/GTA_All/assets/scripts/CharacterController.ts.
debug: Resolve file:///D:/CocosProjects/Amobear/GTA_All/assets/scripts/Controller/GameController.ts from cce:/internal/x/prerequisite-imports as file:///D:/CocosProjects/Amobear/GTA_All/assets/scripts/Controller/GameController.ts.
debug: Resolve file:///D:/CocosProjects/Amobear/GTA_All/assets/scripts/Controller/SoundController.ts from cce:/internal/x/prerequisite-imports as file:///D:/CocosProjects/Amobear/GTA_All/assets/scripts/Controller/SoundController.ts.
debug: Resolve file:///D:/CocosProjects/Amobear/GTA_All/assets/scripts/Options/PA_08/PA_08_Character.ts from cce:/internal/x/prerequisite-imports as file:///D:/CocosProjects/Amobear/GTA_All/assets/scripts/Options/PA_08/PA_08_Character.ts.
debug: Resolve file:///D:/CocosProjects/Amobear/GTA_All/assets/scripts/Options/PA_08/PA_08_Moto.ts from cce:/internal/x/prerequisite-imports as file:///D:/CocosProjects/Amobear/GTA_All/assets/scripts/Options/PA_08/PA_08_Moto.ts.
debug: Resolve file:///D:/CocosProjects/Amobear/GTA_All/assets/scripts/Options/PA_08/PA_08_PoliceCar.ts from cce:/internal/x/prerequisite-imports as file:///D:/CocosProjects/Amobear/GTA_All/assets/scripts/Options/PA_08/PA_08_PoliceCar.ts.
debug: Resolve file:///D:/CocosProjects/Amobear/GTA_All/assets/scripts/Options/PA_08/PA_08_UI.ts from cce:/internal/x/prerequisite-imports as file:///D:/CocosProjects/Amobear/GTA_All/assets/scripts/Options/PA_08/PA_08_UI.ts.
debug: Resolve file:///D:/CocosProjects/Amobear/GTA_All/assets/scripts/Options/PA_09/PA_09_Character.ts from cce:/internal/x/prerequisite-imports as file:///D:/CocosProjects/Amobear/GTA_All/assets/scripts/Options/PA_09/PA_09_Character.ts.
debug: Resolve file:///D:/CocosProjects/Amobear/GTA_All/assets/scripts/Options/PA_09/PA_09_Responsive.ts from cce:/internal/x/prerequisite-imports as file:///D:/CocosProjects/Amobear/GTA_All/assets/scripts/Options/PA_09/PA_09_Responsive.ts.
debug: Resolve file:///D:/CocosProjects/Amobear/GTA_All/assets/scripts/Options/PA_09/PA_09_UI.ts from cce:/internal/x/prerequisite-imports as file:///D:/CocosProjects/Amobear/GTA_All/assets/scripts/Options/PA_09/PA_09_UI.ts.
debug: Resolve file:///D:/CocosProjects/Amobear/GTA_All/assets/scripts/Options/PA_10/PA_10_Character.ts from cce:/internal/x/prerequisite-imports as file:///D:/CocosProjects/Amobear/GTA_All/assets/scripts/Options/PA_10/PA_10_Character.ts.
debug: Resolve file:///D:/CocosProjects/Amobear/GTA_All/assets/scripts/Options/PA_10/PA_10_GameController.ts from cce:/internal/x/prerequisite-imports as file:///D:/CocosProjects/Amobear/GTA_All/assets/scripts/Options/PA_10/PA_10_GameController.ts.
debug: Resolve file:///D:/CocosProjects/Amobear/GTA_All/assets/scripts/Options/PA_10/PA_10_HideMask.ts from cce:/internal/x/prerequisite-imports as file:///D:/CocosProjects/Amobear/GTA_All/assets/scripts/Options/PA_10/PA_10_HideMask.ts.
debug: Resolve file:///D:/CocosProjects/Amobear/GTA_All/assets/scripts/Options/PA_10/PA_10_Responsive.ts from cce:/internal/x/prerequisite-imports as file:///D:/CocosProjects/Amobear/GTA_All/assets/scripts/Options/PA_10/PA_10_Responsive.ts.
debug: Resolve file:///D:/CocosProjects/Amobear/GTA_All/assets/scripts/Options/PA_10/PA_10_UI.ts from cce:/internal/x/prerequisite-imports as file:///D:/CocosProjects/Amobear/GTA_All/assets/scripts/Options/PA_10/PA_10_UI.ts.
debug: Resolve file:///D:/CocosProjects/Amobear/GTA_All/assets/scripts/Options/PA_11/PA_11_CharHealth.ts from cce:/internal/x/prerequisite-imports as file:///D:/CocosProjects/Amobear/GTA_All/assets/scripts/Options/PA_11/PA_11_CharHealth.ts.
debug: Resolve file:///D:/CocosProjects/Amobear/GTA_All/assets/scripts/Options/PA_11/PA_11_Character.ts from cce:/internal/x/prerequisite-imports as file:///D:/CocosProjects/Amobear/GTA_All/assets/scripts/Options/PA_11/PA_11_Character.ts.
debug: Resolve file:///D:/CocosProjects/Amobear/GTA_All/assets/scripts/Options/PA_11/PA_11_GameController.ts from cce:/internal/x/prerequisite-imports as file:///D:/CocosProjects/Amobear/GTA_All/assets/scripts/Options/PA_11/PA_11_GameController.ts.
debug: Resolve file:///D:/CocosProjects/Amobear/GTA_All/assets/scripts/Options/PA_11/PA_11_HideMask.ts from cce:/internal/x/prerequisite-imports as file:///D:/CocosProjects/Amobear/GTA_All/assets/scripts/Options/PA_11/PA_11_HideMask.ts.
debug: Resolve file:///D:/CocosProjects/Amobear/GTA_All/assets/scripts/Options/PA_11/PA_11_Responsive.ts from cce:/internal/x/prerequisite-imports as file:///D:/CocosProjects/Amobear/GTA_All/assets/scripts/Options/PA_11/PA_11_Responsive.ts.
debug: Resolve file:///D:/CocosProjects/Amobear/GTA_All/assets/scripts/Options/PA_11/PA_11_UI.ts from cce:/internal/x/prerequisite-imports as file:///D:/CocosProjects/Amobear/GTA_All/assets/scripts/Options/PA_11/PA_11_UI.ts.
debug: Resolve file:///D:/CocosProjects/Amobear/GTA_All/assets/scripts/Others/IronSource.ts from cce:/internal/x/prerequisite-imports as file:///D:/CocosProjects/Amobear/GTA_All/assets/scripts/Others/IronSource.ts.
debug: Resolve file:///D:/CocosProjects/Amobear/GTA_All/assets/scripts/Others/Responsive.ts from cce:/internal/x/prerequisite-imports as file:///D:/CocosProjects/Amobear/GTA_All/assets/scripts/Others/Responsive.ts.
debug: Resolve file:///D:/CocosProjects/Amobear/GTA_All/assets/scripts/Others/Singleton.ts from cce:/internal/x/prerequisite-imports as file:///D:/CocosProjects/Amobear/GTA_All/assets/scripts/Others/Singleton.ts.
debug: Resolve file:///D:/CocosProjects/Amobear/GTA_All/assets/scripts/UI/UI_OnClick.ts from cce:/internal/x/prerequisite-imports as file:///D:/CocosProjects/Amobear/GTA_All/assets/scripts/UI/UI_OnClick.ts.
debug: Resolve file:///D:/CocosProjects/Amobear/GTA_All/assets/scripts/UI/UI_HideMask.ts from cce:/internal/x/prerequisite-imports as file:///D:/CocosProjects/Amobear/GTA_All/assets/scripts/UI/UI_HideMask.ts.
debug: Resolve file:///D:/CocosProjects/Amobear/GTA_All/assets/scripts/camera/Cinematic.ts from cce:/internal/x/prerequisite-imports as file:///D:/CocosProjects/Amobear/GTA_All/assets/scripts/camera/Cinematic.ts.
debug: Resolve file:///D:/CocosProjects/Amobear/GTA_All/assets/scripts/camera/FreeCamera.ts from cce:/internal/x/prerequisite-imports as file:///D:/CocosProjects/Amobear/GTA_All/assets/scripts/camera/FreeCamera.ts.
debug: Resolve file:///D:/CocosProjects/Amobear/GTA_All/assets/scripts/camera/ThirdPersonCamera.ts from cce:/internal/x/prerequisite-imports as file:///D:/CocosProjects/Amobear/GTA_All/assets/scripts/camera/ThirdPersonCamera.ts.
debug: Resolve file:///D:/CocosProjects/Amobear/GTA_All/assets/scripts/joystick/EasyController.ts from cce:/internal/x/prerequisite-imports as file:///D:/CocosProjects/Amobear/GTA_All/assets/scripts/joystick/EasyController.ts.
debug: Resolve file:///D:/CocosProjects/Amobear/GTA_All/assets/scripts/joystick/JoystickController.ts from cce:/internal/x/prerequisite-imports as file:///D:/CocosProjects/Amobear/GTA_All/assets/scripts/joystick/JoystickController.ts.
debug: Detected change: cce:/internal/code-quality/cr.mjs. Last mtime: Thu Dec 26 2024 13:24:46 GMT+0700 (Indochina Time), Current mtime: Fri Dec 27 2024 18:42:43 GMT+0700 (Indochina Time)
debug: Inspect cce:/internal/code-quality/cr.mjs
debug: Target(preview) ends with cost 69.47319996356964ms.
